<?xml version="1.0" encoding="UTF-8"?>
<testsuite xmlns:xsi="http://www.w3.org/2001/XMLSchema-instance" xsi:noNamespaceSchemaLocation="https://maven.apache.org/surefire/maven-failsafe-plugin/xsd/failsafe-test-report-3.0.xsd" version="3.0" name="starter.TestSuite" time="63.982" tests="2" errors="0" skipped="0" failures="0">
  <properties>
[...]
</properties>
  <testcase name="Create a user so that he can login into COVID THE GAME application" classname="User Creation, complete some challenges and check the leaderboard" time="34.426">
    <system-out><![CDATA[00:06:13.771 [main] INFO io.cucumber.core.plugin.SerenityReporter - Running feature from file:///Users/deepapandey/eclipse-workspace/web/src/test/resources/features/covid19.feature
00:06:13.942 [main] INFO  - 

-------------------------------------------------------------------------------------
     _______. _______ .______       _______ .__   __.  __  .___________.____    ____ 
    /       ||   ____||   _  \     |   ____||  \ |  | |  | |           |\   \  /   / 
   |   (----`|  |__   |  |_)  |    |  |__   |   \|  | |  | `---|  |----` \   \/   /  
    \   \    |   __|  |      /     |   __|  |  . `  | |  |     |  |       \_    _/   
.----)   |   |  |____ |  |\  \----.|  |____ |  |\   | |  |     |  |         |  |     
|_______/    |_______|| _| `._____||_______||__| \__| |__|     |__|         |__|    
                                                                                     
 News and tutorials at http://www.serenity-bdd.info                                  
 Documentation at https://wakaleo.gitbooks.io/the-serenity-book/content/             
 Join the Serenity Community on Gitter: https://gitter.im/serenity-bdd/serenity-core 
 Serenity BDD Support and Training at http://serenity-bdd.info/#/trainingandsupport  
-------------------------------------------------------------------------------------

00:06:13.945 [main] DEBUG net.thucydides.core.steps.StepEventBus - Test suite started for story net.thucydides.core.model.Story@21cfa2c6
00:06:13.948 [main] INFO  - Test Suite Started: User Creation, complete some challenges and check the leaderboard
00:06:13.958 [main] INFO io.cucumber.core.plugin.SerenityReporter - Running feature from file:///Users/deepapandey/eclipse-workspace/web/src/test/resources/features/covid19.feature
00:06:13.962 [main] DEBUG net.thucydides.core.steps.StepEventBus - Test suite started for story net.thucydides.core.model.Story@21cfa2c6
00:06:13.963 [main] INFO  - Test Suite Started: User Creation, complete some challenges and check the leaderboard

@RegressionTest
Scenario: Create a user so that he can login into COVID THE GAME application                   &amp#27;[90m# src/test/resources/features/covid19.feature:3&amp#27;[0m
00:06:14.037 [main] INFO io.cucumber.core.plugin.SerenityReporter - Running feature from file:///Users/deepapandey/eclipse-workspace/web/src/test/resources/features/covid19.feature
00:06:14.126 [main] INFO  - 
  _____   ___   ___   _____     ___   _____     _     ___   _____   ___   ___  
 |_   _| | __| / __| |_   _|   / __| |_   _|   /_\   | _ \ |_   _| | __| |   \ 
   | |   | _|  \__ \   | |     \__ \   | |    / _ \  |   /   | |   | _|  | |) |
   |_|   |___| |___/   |_|     |___/   |_|   /_/ \_\ |_|_\   |_|   |___| |___/ 

Create a user so that he can login into COVID THE GAME application(user-creation--complete-some-challenges-and-check-the-leaderboard;create-a-user-so-that-he-can-login-into-covid-the-game-application)
--------------------------------------------------------------------------------
00:06:14.626 [main] DEBUG net.thucydides.core.steps.StepInterceptor - STARTING STEP: UserCreation.user_is_on_home_page_of_covid_application - openApplication
00:06:14.652 [main] INFO net.serenitybdd.core.webdriver.driverproviders.ChromeDriverProvider - Using automatically driver download
00:06:15.560 [main] DEBUG io.github.bonigarcia.wdm.cache.ResolutionCache - Resolution chrome=101 in cache (valid until 01:02:40 23/05/2022 AEST)
00:06:15.575 [main] DEBUG io.github.bonigarcia.wdm.cache.ResolutionCache - Resolution chrome101=101.0.4951.41 in cache (valid until 00:02:40 24/05/2022 AEST)
00:06:15.581 [main] INFO io.github.bonigarcia.wdm.WebDriverManager - Using chromedriver 101.0.4951.41 (resolved driver for Chrome 101)
00:06:15.614 [main] DEBUG io.github.bonigarcia.wdm.WebDriverManager - Driver chromedriver 101.0.4951.41 found in cache
00:06:15.615 [main] INFO io.github.bonigarcia.wdm.WebDriverManager - Exporting webdriver.chrome.driver as /Users/deepapandey/.cache/selenium/chromedriver/mac64/101.0.4951.41/chromedriver
00:06:16.391 [main] DEBUG net.thucydides.core.reflection.ClassFinder - Could not load class .pages.ChallengeHomePage
00:06:16.392 [main] DEBUG net.thucydides.core.reflection.ClassFinder - Could not load class .pages.ChallengePage
00:06:16.392 [main] DEBUG net.thucydides.core.reflection.ClassFinder - Could not load class .pages.CovidHomePage
00:06:16.392 [main] DEBUG net.thucydides.core.reflection.ClassFinder - Could not load class .pages.HomePage
00:06:16.392 [main] DEBUG net.thucydides.core.reflection.ClassFinder - Could not load class .pages.ScoreboardMainPage
00:06:16.392 [main] DEBUG net.thucydides.core.reflection.ClassFinder - Could not load class .pages.ScoreboardPage
00:06:16.392 [main] DEBUG net.thucydides.core.reflection.ClassFinder - Could not load class .starter.TestSuite
00:06:16.392 [main] DEBUG net.thucydides.core.reflection.ClassFinder - Could not load class .starter.stepdefinitions.Challenges
00:06:16.392 [main] DEBUG net.thucydides.core.reflection.ClassFinder - Could not load class .starter.stepdefinitions.UserCreation
00:06:16.402 [main] DEBUG net.thucydides.core.reflection.ClassFinder - Could not load class META-INF.versions.9.com.sun.istack.logging.StackHelper
00:06:16.404 [main] DEBUG net.thucydides.core.reflection.ClassFinder - Could not load class META-INF.versions.9.com.sun.xml.bind.v2.runtime.reflect.opt.AccessorInjector
00:06:16.405 [main] DEBUG net.thucydides.core.reflection.ClassFinder - Could not load class META-INF.versions.9.com.sun.xml.bind.v2.runtime.reflect.opt.Injector
00:06:16.405 [main] DEBUG net.thucydides.core.reflection.ClassFinder - Could not load class META-INF.versions.9.com.sun.xml.bind.v2.runtime.reflect.opt.OptimizedAccessorFactory
00:06:16.406 [main] DEBUG net.thucydides.core.reflection.ClassFinder - Could not load class META-INF.versions.9.com.sun.xml.bind.v2.runtime.reflect.opt.OptimizedTransducedAccessorFactory
00:06:16.406 [main] DEBUG net.thucydides.core.reflection.ClassFinder - Could not load class META-INF.versions.9.io.opentelemetry.sdk.internal.CurrentJavaVersionSpecific
00:06:16.407 [main] DEBUG net.thucydides.core.reflection.ClassFinder - Could not load class META-INF.versions.9.io.opentelemetry.sdk.internal.Java9VersionSpecific
00:06:16.407 [main] DEBUG net.thucydides.core.reflection.ClassFinder - Could not load class META-INF.versions.9.javax.xml.bind.ModuleUtil
00:06:16.407 [main] DEBUG net.thucydides.core.reflection.ClassFinder - Could not load class META-INF.versions.9.module-info
00:06:16.408 [main] DEBUG net.thucydides.core.reflection.ClassFinder - Could not load class META-INF.versions.9.org.junit.platform.commons.util.ModuleUtils
00:06:16.623 [main] DEBUG net.thucydides.core.reflection.ClassFinder - Could not load class com.google.gson.internal.
00:06:16.738 [main] DEBUG net.thucydides.core.reflection.ClassFinder - Could not load class com.sun.xml.bind.v2.runtime.output.FastInfosetStreamWriterOutput
00:06:16.952 [main] DEBUG net.thucydides.core.reflection.ClassFinder - Could not load class module-info
00:06:18.941 [main] DEBUG io.netty.util.internal.logging.InternalLoggerFactory - Using SLF4J as the default logging framework
00:06:18.944 [main] DEBUG io.netty.util.ResourceLeakDetector - -Dio.netty.leakDetection.level: simple
00:06:18.945 [main] DEBUG io.netty.util.ResourceLeakDetector - -Dio.netty.leakDetection.targetRecords: 4
00:06:18.947 [main] DEBUG io.netty.util.ResourceLeakDetectorFactory - Loaded default ResourceLeakDetector: io.netty.util.ResourceLeakDetector@2220780d
00:06:18.957 [main] DEBUG io.netty.util.internal.PlatformDependent0 - -Dio.netty.noUnsafe: false
00:06:18.958 [main] DEBUG io.netty.util.internal.PlatformDependent0 - Java version: 18
00:06:18.958 [main] DEBUG io.netty.util.internal.PlatformDependent0 - sun.misc.Unsafe.theUnsafe: available
00:06:18.960 [main] DEBUG io.netty.util.internal.PlatformDependent0 - sun.misc.Unsafe.copyMemory: available
00:06:18.960 [main] DEBUG io.netty.util.internal.PlatformDependent0 - java.nio.Buffer.address: available
00:06:18.961 [main] DEBUG io.netty.util.internal.PlatformDependent0 - direct buffer constructor: unavailable: Reflective setAccessible(true) disabled
00:06:18.961 [main] DEBUG io.netty.util.internal.PlatformDependent0 - java.nio.Bits.unaligned: available, true
00:06:18.963 [main] DEBUG io.netty.util.internal.PlatformDependent0 - jdk.internal.misc.Unsafe.allocateUninitializedArray(int): unavailable: class io.netty.util.internal.PlatformDependent0$6 cannot access class jdk.internal.misc.Unsafe (in module java.base) because module java.base does not export jdk.internal.misc to unnamed module @38e79ae3
00:06:18.964 [main] DEBUG io.netty.util.internal.PlatformDependent0 - java.nio.DirectByteBuffer.<init>(long, int): unavailable
00:06:18.964 [main] DEBUG io.netty.util.internal.PlatformDependent - sun.misc.Unsafe: available
00:06:18.968 [main] DEBUG io.netty.util.internal.PlatformDependent - maxDirectMemory: 4294967296 bytes (maybe)
00:06:18.969 [main] DEBUG io.netty.util.internal.PlatformDependent - -Dio.netty.tmpdir: /var/folders/3h/b0byy4bd37q3b71h4ydh7rnw0000gn/T (java.io.tmpdir)
00:06:18.969 [main] DEBUG io.netty.util.internal.PlatformDependent - -Dio.netty.bitMode: 64 (sun.arch.data.model)
00:06:18.971 [main] DEBUG io.netty.util.internal.PlatformDependent - Platform: MacOS
00:06:18.971 [main] DEBUG io.netty.util.internal.PlatformDependent - -Dio.netty.maxDirectMemory: -1 bytes
00:06:18.971 [main] DEBUG io.netty.util.internal.PlatformDependent - -Dio.netty.uninitializedArrayAllocationThreshold: -1
00:06:18.972 [main] DEBUG io.netty.util.internal.CleanerJava9 - java.nio.ByteBuffer.cleaner(): available
00:06:18.973 [main] DEBUG io.netty.util.internal.PlatformDependent - -Dio.netty.noPreferDirect: false
00:06:18.978 [main] DEBUG io.netty.util.internal.PlatformDependent - org.jctools-core.MpscChunkedArrayQueue: available
00:06:18.990 [main] DEBUG io.netty.util.internal.InternalThreadLocalMap - -Dio.netty.threadLocalMap.stringBuilder.initialSize: 1024
00:06:18.990 [main] DEBUG io.netty.util.internal.InternalThreadLocalMap - -Dio.netty.threadLocalMap.stringBuilder.maxSize: 4096
00:06:19.052 [main] DEBUG io.netty.handler.ssl.JdkSslContext - Default protocols (JDK): [TLSv1.3, TLSv1.2] 
00:06:19.053 [main] DEBUG io.netty.handler.ssl.JdkSslContext - Default cipher suites (JDK): [TLS_ECDHE_ECDSA_WITH_AES_256_GCM_SHA384, TLS_ECDHE_ECDSA_WITH_AES_128_GCM_SHA256, TLS_ECDHE_RSA_WITH_AES_128_GCM_SHA256, TLS_ECDHE_RSA_WITH_AES_256_GCM_SHA384, TLS_ECDHE_RSA_WITH_AES_128_CBC_SHA, TLS_ECDHE_RSA_WITH_AES_256_CBC_SHA, TLS_RSA_WITH_AES_128_GCM_SHA256, TLS_RSA_WITH_AES_128_CBC_SHA, TLS_RSA_WITH_AES_256_CBC_SHA, TLS_AES_128_GCM_SHA256, TLS_AES_256_GCM_SHA384]
00:06:19.066 [main] DEBUG io.netty.channel.MultithreadEventLoopGroup - -Dio.netty.eventLoopThreads: 16
00:06:19.071 [main] DEBUG io.netty.channel.nio.NioEventLoop - -Dio.netty.noKeySetOptimization: false
00:06:19.072 [main] DEBUG io.netty.channel.nio.NioEventLoop - -Dio.netty.selectorAutoRebuildThreshold: 512
00:06:19.090 [main] DEBUG io.netty.buffer.PooledByteBufAllocator - -Dio.netty.allocator.numHeapArenas: 16
00:06:19.090 [main] DEBUG io.netty.buffer.PooledByteBufAllocator - -Dio.netty.allocator.numDirectArenas: 16
00:06:19.090 [main] DEBUG io.netty.buffer.PooledByteBufAllocator - -Dio.netty.allocator.pageSize: 8192
00:06:19.090 [main] DEBUG io.netty.buffer.PooledByteBufAllocator - -Dio.netty.allocator.maxOrder: 11
00:06:19.090 [main] DEBUG io.netty.buffer.PooledByteBufAllocator - -Dio.netty.allocator.chunkSize: 16777216
00:06:19.090 [main] DEBUG io.netty.buffer.PooledByteBufAllocator - -Dio.netty.allocator.smallCacheSize: 256
00:06:19.090 [main] DEBUG io.netty.buffer.PooledByteBufAllocator - -Dio.netty.allocator.normalCacheSize: 64
00:06:19.090 [main] DEBUG io.netty.buffer.PooledByteBufAllocator - -Dio.netty.allocator.maxCachedBufferCapacity: 32768
00:06:19.090 [main] DEBUG io.netty.buffer.PooledByteBufAllocator - -Dio.netty.allocator.cacheTrimInterval: 8192
00:06:19.090 [main] DEBUG io.netty.buffer.PooledByteBufAllocator - -Dio.netty.allocator.cacheTrimIntervalMillis: 0
00:06:19.090 [main] DEBUG io.netty.buffer.PooledByteBufAllocator - -Dio.netty.allocator.useCacheForAllThreads: true
00:06:19.090 [main] DEBUG io.netty.buffer.PooledByteBufAllocator - -Dio.netty.allocator.maxCachedByteBuffersPerChunk: 1023
00:06:19.096 [main] DEBUG io.netty.buffer.ByteBufUtil - -Dio.netty.allocator.type: pooled
00:06:19.096 [main] DEBUG io.netty.buffer.ByteBufUtil - -Dio.netty.threadLocalDirectBufferSize: 0
00:06:19.096 [main] DEBUG io.netty.buffer.ByteBufUtil - -Dio.netty.maxThreadLocalCharBufferSize: 16384
00:06:19.288 [main] DEBUG net.serenitybdd.core.webdriver.driverproviders.ProvideNewDriver - Instantiating driver
00:06:19.288 [main] DEBUG net.serenitybdd.core.webdriver.driverproviders.ProvideNewDriver - Driver capabilities: Capabilities {acceptInsecureCerts: false, base.url: https://responsivefight.her..., browserName: chrome, goog:chromeOptions: {args: [], extensions: []}}
00:06:20.523 [Forwarding newSession on session null to remote] DEBUG io.netty.channel.DefaultChannelId - -Dio.netty.processId: 96607 (auto-detected)
00:06:20.526 [Forwarding newSession on session null to remote] DEBUG io.netty.util.NetUtil - -Djava.net.preferIPv4Stack: false
00:06:20.527 [Forwarding newSession on session null to remote] DEBUG io.netty.util.NetUtil - -Djava.net.preferIPv6Addresses: false
00:06:20.531 [Forwarding newSession on session null to remote] DEBUG io.netty.util.NetUtilInitializations - Loopback interface: lo0 (lo0, 0:0:0:0:0:0:0:1%lo0)
00:06:20.533 [Forwarding newSession on session null to remote] DEBUG io.netty.util.NetUtil - Failed to get SOMAXCONN from sysctl and file /proc/sys/net/core/somaxconn. Default: 128
00:06:20.535 [Forwarding newSession on session null to remote] DEBUG io.netty.channel.DefaultChannelId - -Dio.netty.machineId: 3c:06:30:ff:fe:24:c2:9f (auto-detected)
00:06:20.565 [AsyncHttpClient-1-2] DEBUG io.netty.buffer.AbstractByteBuf - -Dio.netty.buffer.checkAccessible: true
00:06:20.565 [AsyncHttpClient-1-2] DEBUG io.netty.buffer.AbstractByteBuf - -Dio.netty.buffer.checkBounds: true
00:06:20.565 [AsyncHttpClient-1-2] DEBUG io.netty.util.ResourceLeakDetectorFactory - Loaded default ResourceLeakDetector: io.netty.util.ResourceLeakDetector@4eb8d569
00:06:20.586 [AsyncHttpClient-1-2] DEBUG org.asynchttpclient.netty.channel.NettyConnectListener - Using new Channel '[id: 0x4f18d9eb, L:/127.0.0.1:59646 - R:localhost/127.0.0.1:57548]' for 'POST' to '/session'
00:06:20.597 [AsyncHttpClient-1-2] DEBUG io.netty.util.Recycler - -Dio.netty.recycler.maxCapacityPerThread: 4096
00:06:20.597 [AsyncHttpClient-1-2] DEBUG io.netty.util.Recycler - -Dio.netty.recycler.ratio: 8
00:06:20.597 [AsyncHttpClient-1-2] DEBUG io.netty.util.Recycler - -Dio.netty.recycler.chunkSize: 32
00:06:20.597 [AsyncHttpClient-1-2] DEBUG io.netty.util.Recycler - -Dio.netty.recycler.blocking: false
00:06:23.747 [AsyncHttpClient-1-2] DEBUG io.netty.handler.codec.compression.Brotli - brotli4j not in the classpath; Brotli support will be unavailable.
00:06:23.747 [AsyncHttpClient-1-2] DEBUG org.asynchttpclient.netty.handler.HttpHandler - 

Request DefaultHttpRequest(decodeResult: success, version: HTTP/1.1)
POST /session HTTP/1.1
User-Agent: selenium/4.1.2 (java mac)
Content-Length: 510
Content-Type: application/json; charset=utf-8
host: localhost:57548
accept: */*

Response DefaultHttpResponse(decodeResult: success, version: HTTP/1.1)
HTTP/1.1 200 OK
Content-Type: application/json; charset=utf-8
cache-control: no-cache
content-length: 799

00:06:23.756 [AsyncHttpClient-1-2] DEBUG org.asynchttpclient.netty.channel.ChannelManager - Adding key: http://localhost:57548 for channel [id: 0x4f18d9eb, L:/127.0.0.1:59646 - R:localhost/127.0.0.1:57548]
00:06:23.818 [AsyncHttpClient-1-3] DEBUG org.asynchttpclient.netty.channel.NettyConnectListener - Using new Channel '[id: 0x8e87a4fe, L:/127.0.0.1:59652 - R:localhost/127.0.0.1:59647]' for 'GET' to '/json/version'
00:06:23.825 [AsyncHttpClient-1-3] DEBUG org.asynchttpclient.netty.handler.HttpHandler - 

Request DefaultFullHttpRequest(decodeResult: success, version: HTTP/1.1, content: EmptyByteBufBE)
GET /json/version HTTP/1.1
User-Agent: selenium/4.1.2 (java mac)
host: localhost:59647
accept: */*

Response DefaultHttpResponse(decodeResult: success, version: HTTP/1.1)
HTTP/1.1 200 OK
Content-Type: application/json; charset=UTF-8
content-length: 425

00:06:23.825 [AsyncHttpClient-1-3] DEBUG org.asynchttpclient.netty.channel.ChannelManager - Adding key: http://localhost:59647 for channel [id: 0x8e87a4fe, L:/127.0.0.1:59652 - R:localhost/127.0.0.1:59647]
00:06:23.839 [main] DEBUG io.netty.util.internal.ThreadLocalRandom - -Dio.netty.initialSeedUniquifier: 0x09cc919135d99ce3
00:06:23.854 [AsyncHttpClient-1-4] DEBUG org.asynchttpclient.netty.channel.NettyConnectListener - Using new Channel '[id: 0x7ce418a8, L:/127.0.0.1:59653 - R:localhost/127.0.0.1:59647]' for 'GET' to '/devtools/browser/070096e3-f16c-4a80-983e-e7328378a2cc'
00:06:23.860 [AsyncHttpClient-1-4] DEBUG org.asynchttpclient.netty.handler.WebSocketHandler - 

Request DefaultFullHttpRequest(decodeResult: success, version: HTTP/1.1, content: EmptyByteBufBE)
GET /devtools/browser/070096e3-f16c-4a80-983e-e7328378a2cc HTTP/1.1
upgrade: websocket
connection: upgrade
sec-websocket-key: crz75/3LeaPk8jQ0B+z8iw==
sec-websocket-version: 13
origin: http://localhost:59647
host: localhost:59647
accept: */*
user-agent: AHC/2.1

Response DefaultHttpResponse(decodeResult: success, version: HTTP/1.1)
HTTP/1.1 101 WebSocket Protocol Handshake
Upgrade: WebSocket
Connection: Upgrade
Sec-WebSocket-Accept: GXM/thG7XcPG8Weg4k2GzxpKL+s=

00:06:24.486 [AsyncHttpClient-1-1] DEBUG org.asynchttpclient.netty.channel.DefaultChannelPool - Entry count for : http://localhost:59647 : 1
00:06:24.486 [AsyncHttpClient-1-1] DEBUG org.asynchttpclient.netty.channel.DefaultChannelPool - Entry count for : http://localhost:57548 : 1
00:06:24.588 [main] DEBUG net.thucydides.core.reflection.ClassFinder - Could not load class .pages.ChallengeHomePage
00:06:24.588 [main] DEBUG net.thucydides.core.reflection.ClassFinder - Could not load class .pages.ChallengePage
00:06:24.588 [main] DEBUG net.thucydides.core.reflection.ClassFinder - Could not load class .pages.CovidHomePage
00:06:24.588 [main] DEBUG net.thucydides.core.reflection.ClassFinder - Could not load class .pages.HomePage
00:06:24.588 [main] DEBUG net.thucydides.core.reflection.ClassFinder - Could not load class .pages.ScoreboardMainPage
00:06:24.588 [main] DEBUG net.thucydides.core.reflection.ClassFinder - Could not load class .pages.ScoreboardPage
00:06:24.588 [main] DEBUG net.thucydides.core.reflection.ClassFinder - Could not load class .starter.TestSuite
00:06:24.588 [main] DEBUG net.thucydides.core.reflection.ClassFinder - Could not load class .starter.stepdefinitions.Challenges
00:06:24.588 [main] DEBUG net.thucydides.core.reflection.ClassFinder - Could not load class .starter.stepdefinitions.UserCreation
00:06:24.589 [main] DEBUG net.thucydides.core.reflection.ClassFinder - Could not load class META-INF.versions.9.com.sun.istack.logging.StackHelper
00:06:24.589 [main] DEBUG net.thucydides.core.reflection.ClassFinder - Could not load class META-INF.versions.9.com.sun.xml.bind.v2.runtime.reflect.opt.AccessorInjector
00:06:24.589 [main] DEBUG net.thucydides.core.reflection.ClassFinder - Could not load class META-INF.versions.9.com.sun.xml.bind.v2.runtime.reflect.opt.Injector
00:06:24.590 [main] DEBUG net.thucydides.core.reflection.ClassFinder - Could not load class META-INF.versions.9.com.sun.xml.bind.v2.runtime.reflect.opt.OptimizedAccessorFactory
00:06:24.590 [main] DEBUG net.thucydides.core.reflection.ClassFinder - Could not load class META-INF.versions.9.com.sun.xml.bind.v2.runtime.reflect.opt.OptimizedTransducedAccessorFactory
00:06:24.590 [main] DEBUG net.thucydides.core.reflection.ClassFinder - Could not load class META-INF.versions.9.io.opentelemetry.sdk.internal.CurrentJavaVersionSpecific
00:06:24.590 [main] DEBUG net.thucydides.core.reflection.ClassFinder - Could not load class META-INF.versions.9.io.opentelemetry.sdk.internal.Java9VersionSpecific
00:06:24.590 [main] DEBUG net.thucydides.core.reflection.ClassFinder - Could not load class META-INF.versions.9.javax.xml.bind.ModuleUtil
00:06:24.591 [main] DEBUG net.thucydides.core.reflection.ClassFinder - Could not load class META-INF.versions.9.module-info
00:06:24.591 [main] DEBUG net.thucydides.core.reflection.ClassFinder - Could not load class META-INF.versions.9.org.junit.platform.commons.util.ModuleUtils
00:06:24.593 [main] DEBUG net.thucydides.core.reflection.ClassFinder - Could not load class com.google.gson.internal.
00:06:24.594 [main] DEBUG net.thucydides.core.reflection.ClassFinder - Could not load class com.sun.xml.bind.v2.runtime.output.FastInfosetStreamWriterOutput
00:06:24.597 [main] DEBUG net.thucydides.core.reflection.ClassFinder - Could not load class module-info
00:06:24.623 [Forwarding get on session 471ba427db4b34a32566dd53cdeeae47 to remote] DEBUG org.asynchttpclient.netty.request.NettyRequestSender - Using pooled Channel '[id: 0x4f18d9eb, L:/127.0.0.1:59646 - R:localhost/127.0.0.1:57548]' for 'POST' to 'http://localhost:57548/session/471ba427db4b34a32566dd53cdeeae47/url'
00:06:24.623 [Forwarding get on session 471ba427db4b34a32566dd53cdeeae47 to remote] DEBUG org.asynchttpclient.netty.request.NettyRequestSender - Using open Channel [id: 0x4f18d9eb, L:/127.0.0.1:59646 - R:localhost/127.0.0.1:57548] for POST '/session/471ba427db4b34a32566dd53cdeeae47/url'
00:06:25.586 [AsyncHttpClient-1-1] DEBUG org.asynchttpclient.netty.channel.DefaultChannelPool - Entry count for : http://localhost:59647 : 1
00:06:26.686 [AsyncHttpClient-1-1] DEBUG org.asynchttpclient.netty.channel.DefaultChannelPool - Entry count for : http://localhost:59647 : 1
00:06:27.574 [AsyncHttpClient-1-2] DEBUG org.asynchttpclient.netty.handler.HttpHandler - 

Request DefaultHttpRequest(decodeResult: success, version: HTTP/1.1)
POST /session/471ba427db4b34a32566dd53cdeeae47/url HTTP/1.1
User-Agent: selenium/4.1.2 (java mac)
Content-Length: 68
Content-Type: application/json; charset=utf-8
host: localhost:57548
accept: */*

Response DefaultHttpResponse(decodeResult: success, version: HTTP/1.1)
HTTP/1.1 200 OK
Content-Type: application/json; charset=utf-8
cache-control: no-cache
content-length: 14

00:06:27.574 [AsyncHttpClient-1-2] DEBUG org.asynchttpclient.netty.channel.ChannelManager - Adding key: http://localhost:57548 for channel [id: 0x4f18d9eb, L:/127.0.0.1:59646 - R:localhost/127.0.0.1:57548]
00:06:27.582 [Forwarding setTimeout on session 471ba427db4b34a32566dd53cdeeae47 to remote] DEBUG org.asynchttpclient.netty.request.NettyRequestSender - Using pooled Channel '[id: 0x4f18d9eb, L:/127.0.0.1:59646 - R:localhost/127.0.0.1:57548]' for 'POST' to 'http://localhost:57548/session/471ba427db4b34a32566dd53cdeeae47/timeouts'
00:06:27.583 [Forwarding setTimeout on session 471ba427db4b34a32566dd53cdeeae47 to remote] DEBUG org.asynchttpclient.netty.request.NettyRequestSender - Using open Channel [id: 0x4f18d9eb, L:/127.0.0.1:59646 - R:localhost/127.0.0.1:57548] for POST '/session/471ba427db4b34a32566dd53cdeeae47/timeouts'
00:06:27.585 [AsyncHttpClient-1-2] DEBUG org.asynchttpclient.netty.handler.HttpHandler - 

Request DefaultHttpRequest(decodeResult: success, version: HTTP/1.1)
POST /session/471ba427db4b34a32566dd53cdeeae47/timeouts HTTP/1.1
User-Agent: selenium/4.1.2 (java mac)
Content-Length: 22
Content-Type: application/json; charset=utf-8
host: localhost:57548
accept: */*

Response DefaultHttpResponse(decodeResult: success, version: HTTP/1.1)
HTTP/1.1 200 OK
Content-Type: application/json; charset=utf-8
cache-control: no-cache
content-length: 14

00:06:27.585 [AsyncHttpClient-1-2] DEBUG org.asynchttpclient.netty.channel.ChannelManager - Adding key: http://localhost:57548 for channel [id: 0x4f18d9eb, L:/127.0.0.1:59646 - R:localhost/127.0.0.1:57548]
00:06:27.592 [Forwarding getCurrentUrl on session 471ba427db4b34a32566dd53cdeeae47 to remote] DEBUG org.asynchttpclient.netty.request.NettyRequestSender - Using pooled Channel '[id: 0x4f18d9eb, L:/127.0.0.1:59646 - R:localhost/127.0.0.1:57548]' for 'GET' to 'http://localhost:57548/session/471ba427db4b34a32566dd53cdeeae47/url'
00:06:27.592 [Forwarding getCurrentUrl on session 471ba427db4b34a32566dd53cdeeae47 to remote] DEBUG org.asynchttpclient.netty.request.NettyRequestSender - Using open Channel [id: 0x4f18d9eb, L:/127.0.0.1:59646 - R:localhost/127.0.0.1:57548] for GET '/session/471ba427db4b34a32566dd53cdeeae47/url'
00:06:27.609 [AsyncHttpClient-1-2] DEBUG org.asynchttpclient.netty.handler.HttpHandler - 

Request DefaultFullHttpRequest(decodeResult: success, version: HTTP/1.1, content: EmptyByteBufBE)
GET /session/471ba427db4b34a32566dd53cdeeae47/url HTTP/1.1
User-Agent: selenium/4.1.2 (java mac)
Cache-Control: no-cache
Content-Type: application/json; charset=utf-8
host: localhost:57548
accept: */*

Response DefaultHttpResponse(decodeResult: success, version: HTTP/1.1)
HTTP/1.1 200 OK
Content-Type: application/json; charset=utf-8
cache-control: no-cache
content-length: 50

00:06:27.610 [AsyncHttpClient-1-2] DEBUG org.asynchttpclient.netty.channel.ChannelManager - Adding key: http://localhost:57548 for channel [id: 0x4f18d9eb, L:/127.0.0.1:59646 - R:localhost/127.0.0.1:57548]
00:06:27.614 [Forwarding getCurrentUrl on session 471ba427db4b34a32566dd53cdeeae47 to remote] DEBUG org.asynchttpclient.netty.request.NettyRequestSender - Using pooled Channel '[id: 0x4f18d9eb, L:/127.0.0.1:59646 - R:localhost/127.0.0.1:57548]' for 'GET' to 'http://localhost:57548/session/471ba427db4b34a32566dd53cdeeae47/url'
00:06:27.616 [Forwarding getCurrentUrl on session 471ba427db4b34a32566dd53cdeeae47 to remote] DEBUG org.asynchttpclient.netty.request.NettyRequestSender - Using open Channel [id: 0x4f18d9eb, L:/127.0.0.1:59646 - R:localhost/127.0.0.1:57548] for GET '/session/471ba427db4b34a32566dd53cdeeae47/url'
00:06:27.620 [AsyncHttpClient-1-2] DEBUG org.asynchttpclient.netty.handler.HttpHandler - 

Request DefaultFullHttpRequest(decodeResult: success, version: HTTP/1.1, content: EmptyByteBufBE)
GET /session/471ba427db4b34a32566dd53cdeeae47/url HTTP/1.1
User-Agent: selenium/4.1.2 (java mac)
Cache-Control: no-cache
Content-Type: application/json; charset=utf-8
host: localhost:57548
accept: */*

Response DefaultHttpResponse(decodeResult: success, version: HTTP/1.1)
HTTP/1.1 200 OK
Content-Type: application/json; charset=utf-8
cache-control: no-cache
content-length: 50

00:06:27.620 [AsyncHttpClient-1-2] DEBUG org.asynchttpclient.netty.channel.ChannelManager - Adding key: http://localhost:57548 for channel [id: 0x4f18d9eb, L:/127.0.0.1:59646 - R:localhost/127.0.0.1:57548]
00:06:27.648 [main] DEBUG net.serenitybdd.core.photography.Darkroom - Opening darkroom
00:06:27.648 [Darkroom Processing Line] DEBUG net.serenitybdd.core.photography.DarkroomProcessingLine - Darkroom processing line starting up
00:06:27.649 [Forwarding screenshot on session 471ba427db4b34a32566dd53cdeeae47 to remote] DEBUG org.asynchttpclient.netty.request.NettyRequestSender - Using pooled Channel '[id: 0x4f18d9eb, L:/127.0.0.1:59646 - R:localhost/127.0.0.1:57548]' for 'GET' to 'http://localhost:57548/session/471ba427db4b34a32566dd53cdeeae47/screenshot'
00:06:27.649 [Forwarding screenshot on session 471ba427db4b34a32566dd53cdeeae47 to remote] DEBUG org.asynchttpclient.netty.request.NettyRequestSender - Using open Channel [id: 0x4f18d9eb, L:/127.0.0.1:59646 - R:localhost/127.0.0.1:57548] for GET '/session/471ba427db4b34a32566dd53cdeeae47/screenshot'
00:06:27.786 [AsyncHttpClient-1-1] DEBUG org.asynchttpclient.netty.channel.DefaultChannelPool - Entry count for : http://localhost:59647 : 1
00:06:27.870 [AsyncHttpClient-1-2] DEBUG org.asynchttpclient.netty.handler.HttpHandler - 

Request DefaultFullHttpRequest(decodeResult: success, version: HTTP/1.1, content: EmptyByteBufBE)
GET /session/471ba427db4b34a32566dd53cdeeae47/screenshot HTTP/1.1
User-Agent: selenium/4.1.2 (java mac)
Cache-Control: no-cache
Content-Type: application/json; charset=utf-8
host: localhost:57548
accept: */*

Response DefaultHttpResponse(decodeResult: success, version: HTTP/1.1)
HTTP/1.1 200 OK
Content-Type: application/json; charset=utf-8
cache-control: no-cache
content-length: 213724

00:06:27.872 [AsyncHttpClient-1-2] DEBUG org.asynchttpclient.netty.channel.ChannelManager - Adding key: http://localhost:57548 for channel [id: 0x4f18d9eb, L:/127.0.0.1:59646 - R:localhost/127.0.0.1:57548]
00:06:27.953 [main] DEBUG net.serenitybdd.core.photography.Darkroom - Send negative for processing for target/site/serenity/c0a33fbe1db61e8d98b1a1be5bb749724102428263b197e1768445f352f22568.png
00:06:27.954 [Darkroom Processing Line] DEBUG net.serenitybdd.core.photography.DarkroomProcessingLine - Processing screenshot image in /var/screenshots/screenshot-4757711890375840763
00:06:27.954 [Darkroom Processing Line] DEBUG net.serenitybdd.core.photography.DarkroomProcessingLine - Saving screenshot to target/site/serenity/c0a33fbe1db61e8d98b1a1be5bb749724102428263b197e1768445f352f22568.png
00:06:27.956 [main] DEBUG net.thucydides.core.steps.StepInterceptor - STEP DONE: openApplication
  &amp#27;[32mGiven &amp#27;[0m&amp#27;[32mUser is on home page of COVID application&amp#27;[0m                                              &amp#27;[90m# starter.stepdefinitions.UserCreation.user_is_on_home_page_of_covid_application()&amp#27;[0m
00:06:27.987 [main] DEBUG net.thucydides.core.steps.StepInterceptor - STARTING STEP: UserCreation.he_clicks_on_register_button_sign_up_page_is_displayed - clickRegister
00:06:27.995 [Forwarding findElement on session 471ba427db4b34a32566dd53cdeeae47 to remote] DEBUG org.asynchttpclient.netty.request.NettyRequestSender - Using pooled Channel '[id: 0x4f18d9eb, L:/127.0.0.1:59646 - R:localhost/127.0.0.1:57548]' for 'POST' to 'http://localhost:57548/session/471ba427db4b34a32566dd53cdeeae47/element'
00:06:27.996 [Forwarding findElement on session 471ba427db4b34a32566dd53cdeeae47 to remote] DEBUG org.asynchttpclient.netty.request.NettyRequestSender - Using open Channel [id: 0x4f18d9eb, L:/127.0.0.1:59646 - R:localhost/127.0.0.1:57548] for POST '/session/471ba427db4b34a32566dd53cdeeae47/element'
00:06:28.029 [AsyncHttpClient-1-2] DEBUG org.asynchttpclient.netty.handler.HttpHandler - 

Request DefaultHttpRequest(decodeResult: success, version: HTTP/1.1)
POST /session/471ba427db4b34a32566dd53cdeeae47/element HTTP/1.1
User-Agent: selenium/4.1.2 (java mac)
Content-Length: 49
Content-Type: application/json; charset=utf-8
host: localhost:57548
accept: */*

Response DefaultHttpResponse(decodeResult: success, version: HTTP/1.1)
HTTP/1.1 200 OK
Content-Type: application/json; charset=utf-8
cache-control: no-cache
content-length: 88

00:06:28.030 [AsyncHttpClient-1-2] DEBUG org.asynchttpclient.netty.channel.ChannelManager - Adding key: http://localhost:57548 for channel [id: 0x4f18d9eb, L:/127.0.0.1:59646 - R:localhost/127.0.0.1:57548]
00:06:28.034 [Forwarding getElementTagName on session 471ba427db4b34a32566dd53cdeeae47 to remote] DEBUG org.asynchttpclient.netty.request.NettyRequestSender - Using pooled Channel '[id: 0x4f18d9eb, L:/127.0.0.1:59646 - R:localhost/127.0.0.1:57548]' for 'GET' to 'http://localhost:57548/session/471ba427db4b34a32566dd53cdeeae47/element/b9973225-cb53-459e-b4bf-f806ac3a4c42/name'
00:06:28.034 [Forwarding getElementTagName on session 471ba427db4b34a32566dd53cdeeae47 to remote] DEBUG org.asynchttpclient.netty.request.NettyRequestSender - Using open Channel [id: 0x4f18d9eb, L:/127.0.0.1:59646 - R:localhost/127.0.0.1:57548] for GET '/session/471ba427db4b34a32566dd53cdeeae47/element/b9973225-cb53-459e-b4bf-f806ac3a4c42/name'
00:06:28.037 [AsyncHttpClient-1-2] DEBUG org.asynchttpclient.netty.handler.HttpHandler - 

Request DefaultFullHttpRequest(decodeResult: success, version: HTTP/1.1, content: EmptyByteBufBE)
GET /session/471ba427db4b34a32566dd53cdeeae47/element/b9973225-cb53-459e-b4bf-f806ac3a4c42/name HTTP/1.1
User-Agent: selenium/4.1.2 (java mac)
Cache-Control: no-cache
Content-Type: application/json; charset=utf-8
host: localhost:57548
accept: */*

Response DefaultHttpResponse(decodeResult: success, version: HTTP/1.1)
HTTP/1.1 200 OK
Content-Type: application/json; charset=utf-8
cache-control: no-cache
content-length: 13

00:06:28.038 [AsyncHttpClient-1-2] DEBUG org.asynchttpclient.netty.channel.ChannelManager - Adding key: http://localhost:57548 for channel [id: 0x4f18d9eb, L:/127.0.0.1:59646 - R:localhost/127.0.0.1:57548]
00:06:28.040 [Forwarding getElementTagName on session 471ba427db4b34a32566dd53cdeeae47 to remote] DEBUG org.asynchttpclient.netty.request.NettyRequestSender - Using pooled Channel '[id: 0x4f18d9eb, L:/127.0.0.1:59646 - R:localhost/127.0.0.1:57548]' for 'GET' to 'http://localhost:57548/session/471ba427db4b34a32566dd53cdeeae47/element/b9973225-cb53-459e-b4bf-f806ac3a4c42/name'
00:06:28.040 [Forwarding getElementTagName on session 471ba427db4b34a32566dd53cdeeae47 to remote] DEBUG org.asynchttpclient.netty.request.NettyRequestSender - Using open Channel [id: 0x4f18d9eb, L:/127.0.0.1:59646 - R:localhost/127.0.0.1:57548] for GET '/session/471ba427db4b34a32566dd53cdeeae47/element/b9973225-cb53-459e-b4bf-f806ac3a4c42/name'
00:06:28.074 [AsyncHttpClient-1-2] DEBUG org.asynchttpclient.netty.handler.HttpHandler - 

Request DefaultFullHttpRequest(decodeResult: success, version: HTTP/1.1, content: EmptyByteBufBE)
GET /session/471ba427db4b34a32566dd53cdeeae47/element/b9973225-cb53-459e-b4bf-f806ac3a4c42/name HTTP/1.1
User-Agent: selenium/4.1.2 (java mac)
Cache-Control: no-cache
Content-Type: application/json; charset=utf-8
host: localhost:57548
accept: */*

Response DefaultHttpResponse(decodeResult: success, version: HTTP/1.1)
HTTP/1.1 200 OK
Content-Type: application/json; charset=utf-8
cache-control: no-cache
content-length: 13

00:06:28.074 [AsyncHttpClient-1-2] DEBUG org.asynchttpclient.netty.channel.ChannelManager - Adding key: http://localhost:57548 for channel [id: 0x4f18d9eb, L:/127.0.0.1:59646 - R:localhost/127.0.0.1:57548]
00:06:28.080 [Forwarding findElement on session 471ba427db4b34a32566dd53cdeeae47 to remote] DEBUG org.asynchttpclient.netty.request.NettyRequestSender - Using pooled Channel '[id: 0x4f18d9eb, L:/127.0.0.1:59646 - R:localhost/127.0.0.1:57548]' for 'POST' to 'http://localhost:57548/session/471ba427db4b34a32566dd53cdeeae47/element'
00:06:28.080 [Forwarding findElement on session 471ba427db4b34a32566dd53cdeeae47 to remote] DEBUG org.asynchttpclient.netty.request.NettyRequestSender - Using open Channel [id: 0x4f18d9eb, L:/127.0.0.1:59646 - R:localhost/127.0.0.1:57548] for POST '/session/471ba427db4b34a32566dd53cdeeae47/element'
00:06:28.102 [AsyncHttpClient-1-2] DEBUG org.asynchttpclient.netty.handler.HttpHandler - 

Request DefaultHttpRequest(decodeResult: success, version: HTTP/1.1)
POST /session/471ba427db4b34a32566dd53cdeeae47/element HTTP/1.1
User-Agent: selenium/4.1.2 (java mac)
Content-Length: 49
Content-Type: application/json; charset=utf-8
host: localhost:57548
accept: */*

Response DefaultHttpResponse(decodeResult: success, version: HTTP/1.1)
HTTP/1.1 200 OK
Content-Type: application/json; charset=utf-8
cache-control: no-cache
content-length: 88

00:06:28.102 [AsyncHttpClient-1-2] DEBUG org.asynchttpclient.netty.channel.ChannelManager - Adding key: http://localhost:57548 for channel [id: 0x4f18d9eb, L:/127.0.0.1:59646 - R:localhost/127.0.0.1:57548]
00:06:28.104 [Forwarding clickElement on session 471ba427db4b34a32566dd53cdeeae47 to remote] DEBUG org.asynchttpclient.netty.request.NettyRequestSender - Using pooled Channel '[id: 0x4f18d9eb, L:/127.0.0.1:59646 - R:localhost/127.0.0.1:57548]' for 'POST' to 'http://localhost:57548/session/471ba427db4b34a32566dd53cdeeae47/element/b9973225-cb53-459e-b4bf-f806ac3a4c42/click'
00:06:28.104 [Forwarding clickElement on session 471ba427db4b34a32566dd53cdeeae47 to remote] DEBUG org.asynchttpclient.netty.request.NettyRequestSender - Using open Channel [id: 0x4f18d9eb, L:/127.0.0.1:59646 - R:localhost/127.0.0.1:57548] for POST '/session/471ba427db4b34a32566dd53cdeeae47/element/b9973225-cb53-459e-b4bf-f806ac3a4c42/click'
00:06:28.301 [AsyncHttpClient-1-2] DEBUG org.asynchttpclient.netty.handler.HttpHandler - 

Request DefaultHttpRequest(decodeResult: success, version: HTTP/1.1)
POST /session/471ba427db4b34a32566dd53cdeeae47/element/b9973225-cb53-459e-b4bf-f806ac3a4c42/click HTTP/1.1
User-Agent: selenium/4.1.2 (java mac)
Content-Length: 50
Content-Type: application/json; charset=utf-8
host: localhost:57548
accept: */*

Response DefaultHttpResponse(decodeResult: success, version: HTTP/1.1)
HTTP/1.1 200 OK
Content-Type: application/json; charset=utf-8
cache-control: no-cache
content-length: 14

00:06:28.301 [AsyncHttpClient-1-2] DEBUG org.asynchttpclient.netty.channel.ChannelManager - Adding key: http://localhost:57548 for channel [id: 0x4f18d9eb, L:/127.0.0.1:59646 - R:localhost/127.0.0.1:57548]
00:06:28.311 [Forwarding screenshot on session 471ba427db4b34a32566dd53cdeeae47 to remote] DEBUG org.asynchttpclient.netty.request.NettyRequestSender - Using pooled Channel '[id: 0x4f18d9eb, L:/127.0.0.1:59646 - R:localhost/127.0.0.1:57548]' for 'GET' to 'http://localhost:57548/session/471ba427db4b34a32566dd53cdeeae47/screenshot'
00:06:28.312 [Forwarding screenshot on session 471ba427db4b34a32566dd53cdeeae47 to remote] DEBUG org.asynchttpclient.netty.request.NettyRequestSender - Using open Channel [id: 0x4f18d9eb, L:/127.0.0.1:59646 - R:localhost/127.0.0.1:57548] for GET '/session/471ba427db4b34a32566dd53cdeeae47/screenshot'
00:06:28.485 [AsyncHttpClient-1-2] DEBUG org.asynchttpclient.netty.handler.HttpHandler - 

Request DefaultFullHttpRequest(decodeResult: success, version: HTTP/1.1, content: EmptyByteBufBE)
GET /session/471ba427db4b34a32566dd53cdeeae47/screenshot HTTP/1.1
User-Agent: selenium/4.1.2 (java mac)
Cache-Control: no-cache
Content-Type: application/json; charset=utf-8
host: localhost:57548
accept: */*

Response DefaultHttpResponse(decodeResult: success, version: HTTP/1.1)
HTTP/1.1 200 OK
Content-Type: application/json; charset=utf-8
cache-control: no-cache
content-length: 112580

00:06:28.487 [AsyncHttpClient-1-2] DEBUG org.asynchttpclient.netty.channel.ChannelManager - Adding key: http://localhost:57548 for channel [id: 0x4f18d9eb, L:/127.0.0.1:59646 - R:localhost/127.0.0.1:57548]
00:06:28.492 [main] DEBUG net.serenitybdd.core.photography.Darkroom - Send negative for processing for target/site/serenity/6f1c5dfc2aa742065c1cacaa845b1e4615ae8bb0d32440f138570e80a269887b.png
00:06:28.492 [Darkroom Processing Line] DEBUG net.serenitybdd.core.photography.DarkroomProcessingLine - Processing screenshot image in /var/screenshots/screenshot-405038278613161121
00:06:28.493 [Darkroom Processing Line] DEBUG net.serenitybdd.core.photography.DarkroomProcessingLine - Saving screenshot to target/site/serenity/6f1c5dfc2aa742065c1cacaa845b1e4615ae8bb0d32440f138570e80a269887b.png
00:06:28.493 [main] DEBUG net.thucydides.core.steps.StepInterceptor - STEP DONE: clickRegister
  &amp#27;[32mWhen &amp#27;[0m&amp#27;[32mhe clicks on Register button, Sign Up page is displayed&amp#27;[0m                                 &amp#27;[90m# starter.stepdefinitions.UserCreation.he_clicks_on_register_button_sign_up_page_is_displayed()&amp#27;[0m
00:06:28.515 [main] DEBUG net.thucydides.core.steps.StepInterceptor - STARTING STEP: UserCreation.he_enters_username_as_password_as_and_repeat_password_as_and_clicks_on_sign_up_button - enterUsername
00:06:28.518 [Forwarding findElement on session 471ba427db4b34a32566dd53cdeeae47 to remote] DEBUG org.asynchttpclient.netty.request.NettyRequestSender - Using pooled Channel '[id: 0x4f18d9eb, L:/127.0.0.1:59646 - R:localhost/127.0.0.1:57548]' for 'POST' to 'http://localhost:57548/session/471ba427db4b34a32566dd53cdeeae47/element'
00:06:28.518 [Forwarding findElement on session 471ba427db4b34a32566dd53cdeeae47 to remote] DEBUG org.asynchttpclient.netty.request.NettyRequestSender - Using open Channel [id: 0x4f18d9eb, L:/127.0.0.1:59646 - R:localhost/127.0.0.1:57548] for POST '/session/471ba427db4b34a32566dd53cdeeae47/element'
00:06:28.587 [AsyncHttpClient-1-2] DEBUG org.asynchttpclient.netty.handler.HttpHandler - 

Request DefaultHttpRequest(decodeResult: success, version: HTTP/1.1)
POST /session/471ba427db4b34a32566dd53cdeeae47/element HTTP/1.1
User-Agent: selenium/4.1.2 (java mac)
Content-Length: 50
Content-Type: application/json; charset=utf-8
host: localhost:57548
accept: */*

Response DefaultHttpResponse(decodeResult: success, version: HTTP/1.1)
HTTP/1.1 200 OK
Content-Type: application/json; charset=utf-8
cache-control: no-cache
content-length: 88

00:06:28.588 [AsyncHttpClient-1-2] DEBUG org.asynchttpclient.netty.channel.ChannelManager - Adding key: http://localhost:57548 for channel [id: 0x4f18d9eb, L:/127.0.0.1:59646 - R:localhost/127.0.0.1:57548]
00:06:28.595 [Forwarding clearElement on session 471ba427db4b34a32566dd53cdeeae47 to remote] DEBUG org.asynchttpclient.netty.request.NettyRequestSender - Using pooled Channel '[id: 0x4f18d9eb, L:/127.0.0.1:59646 - R:localhost/127.0.0.1:57548]' for 'POST' to 'http://localhost:57548/session/471ba427db4b34a32566dd53cdeeae47/element/acb753b9-9c27-45ac-b8b1-e187b3ef8dcf/clear'
00:06:28.595 [Forwarding clearElement on session 471ba427db4b34a32566dd53cdeeae47 to remote] DEBUG org.asynchttpclient.netty.request.NettyRequestSender - Using open Channel [id: 0x4f18d9eb, L:/127.0.0.1:59646 - R:localhost/127.0.0.1:57548] for POST '/session/471ba427db4b34a32566dd53cdeeae47/element/acb753b9-9c27-45ac-b8b1-e187b3ef8dcf/clear'
00:06:28.623 [AsyncHttpClient-1-2] DEBUG org.asynchttpclient.netty.handler.HttpHandler - 

Request DefaultHttpRequest(decodeResult: success, version: HTTP/1.1)
POST /session/471ba427db4b34a32566dd53cdeeae47/element/acb753b9-9c27-45ac-b8b1-e187b3ef8dcf/clear HTTP/1.1
User-Agent: selenium/4.1.2 (java mac)
Content-Length: 50
Content-Type: application/json; charset=utf-8
host: localhost:57548
accept: */*

Response DefaultHttpResponse(decodeResult: success, version: HTTP/1.1)
HTTP/1.1 200 OK
Content-Type: application/json; charset=utf-8
cache-control: no-cache
content-length: 14

00:06:28.624 [AsyncHttpClient-1-2] DEBUG org.asynchttpclient.netty.channel.ChannelManager - Adding key: http://localhost:57548 for channel [id: 0x4f18d9eb, L:/127.0.0.1:59646 - R:localhost/127.0.0.1:57548]
00:06:28.631 [Forwarding sendKeysToElement on session 471ba427db4b34a32566dd53cdeeae47 to remote] DEBUG org.asynchttpclient.netty.request.NettyRequestSender - Using pooled Channel '[id: 0x4f18d9eb, L:/127.0.0.1:59646 - R:localhost/127.0.0.1:57548]' for 'POST' to 'http://localhost:57548/session/471ba427db4b34a32566dd53cdeeae47/element/acb753b9-9c27-45ac-b8b1-e187b3ef8dcf/value'
00:06:28.631 [Forwarding sendKeysToElement on session 471ba427db4b34a32566dd53cdeeae47 to remote] DEBUG org.asynchttpclient.netty.request.NettyRequestSender - Using open Channel [id: 0x4f18d9eb, L:/127.0.0.1:59646 - R:localhost/127.0.0.1:57548] for POST '/session/471ba427db4b34a32566dd53cdeeae47/element/acb753b9-9c27-45ac-b8b1-e187b3ef8dcf/value'
00:06:28.814 [AsyncHttpClient-1-2] DEBUG org.asynchttpclient.netty.handler.HttpHandler - 

Request DefaultHttpRequest(decodeResult: success, version: HTTP/1.1)
POST /session/471ba427db4b34a32566dd53cdeeae47/element/acb753b9-9c27-45ac-b8b1-e187b3ef8dcf/value HTTP/1.1
User-Agent: selenium/4.1.2 (java mac)
Content-Length: 161
Content-Type: application/json; charset=utf-8
host: localhost:57548
accept: */*

Response DefaultHttpResponse(decodeResult: success, version: HTTP/1.1)
HTTP/1.1 200 OK
Content-Type: application/json; charset=utf-8
cache-control: no-cache
content-length: 14

00:06:28.814 [AsyncHttpClient-1-2] DEBUG org.asynchttpclient.netty.channel.ChannelManager - Adding key: http://localhost:57548 for channel [id: 0x4f18d9eb, L:/127.0.0.1:59646 - R:localhost/127.0.0.1:57548]
00:06:28.823 [Forwarding screenshot on session 471ba427db4b34a32566dd53cdeeae47 to remote] DEBUG org.asynchttpclient.netty.request.NettyRequestSender - Using pooled Channel '[id: 0x4f18d9eb, L:/127.0.0.1:59646 - R:localhost/127.0.0.1:57548]' for 'GET' to 'http://localhost:57548/session/471ba427db4b34a32566dd53cdeeae47/screenshot'
00:06:28.823 [Forwarding screenshot on session 471ba427db4b34a32566dd53cdeeae47 to remote] DEBUG org.asynchttpclient.netty.request.NettyRequestSender - Using open Channel [id: 0x4f18d9eb, L:/127.0.0.1:59646 - R:localhost/127.0.0.1:57548] for GET '/session/471ba427db4b34a32566dd53cdeeae47/screenshot'
00:06:28.886 [AsyncHttpClient-1-1] DEBUG org.asynchttpclient.netty.channel.DefaultChannelPool - Entry count for : http://localhost:59647 : 1
00:06:28.951 [AsyncHttpClient-1-2] DEBUG org.asynchttpclient.netty.handler.HttpHandler - 

Request DefaultFullHttpRequest(decodeResult: success, version: HTTP/1.1, content: EmptyByteBufBE)
GET /session/471ba427db4b34a32566dd53cdeeae47/screenshot HTTP/1.1
User-Agent: selenium/4.1.2 (java mac)
Cache-Control: no-cache
Content-Type: application/json; charset=utf-8
host: localhost:57548
accept: */*

Response DefaultHttpResponse(decodeResult: success, version: HTTP/1.1)
HTTP/1.1 200 OK
Content-Type: application/json; charset=utf-8
cache-control: no-cache
content-length: 111552

00:06:28.952 [AsyncHttpClient-1-2] DEBUG org.asynchttpclient.netty.channel.ChannelManager - Adding key: http://localhost:57548 for channel [id: 0x4f18d9eb, L:/127.0.0.1:59646 - R:localhost/127.0.0.1:57548]
00:06:28.957 [main] DEBUG net.serenitybdd.core.photography.Darkroom - Send negative for processing for target/site/serenity/bd6b9839c991aae5325a05b916e116e87f4ae38a1523fa565beb30cc5f44cd61.png
00:06:28.957 [Darkroom Processing Line] DEBUG net.serenitybdd.core.photography.DarkroomProcessingLine - Processing screenshot image in /var/screenshots/screenshot-4418696285660545607
00:06:28.957 [Darkroom Processing Line] DEBUG net.serenitybdd.core.photography.DarkroomProcessingLine - Saving screenshot to target/site/serenity/bd6b9839c991aae5325a05b916e116e87f4ae38a1523fa565beb30cc5f44cd61.png
00:06:28.957 [main] DEBUG net.thucydides.core.steps.StepInterceptor - STEP DONE: enterUsername
00:06:28.966 [main] DEBUG net.thucydides.core.steps.StepInterceptor - STARTING STEP: UserCreation.he_enters_username_as_password_as_and_repeat_password_as_and_clicks_on_sign_up_button - enterPassword
00:06:28.969 [Forwarding findElement on session 471ba427db4b34a32566dd53cdeeae47 to remote] DEBUG org.asynchttpclient.netty.request.NettyRequestSender - Using pooled Channel '[id: 0x4f18d9eb, L:/127.0.0.1:59646 - R:localhost/127.0.0.1:57548]' for 'POST' to 'http://localhost:57548/session/471ba427db4b34a32566dd53cdeeae47/element'
00:06:28.969 [Forwarding findElement on session 471ba427db4b34a32566dd53cdeeae47 to remote] DEBUG org.asynchttpclient.netty.request.NettyRequestSender - Using open Channel [id: 0x4f18d9eb, L:/127.0.0.1:59646 - R:localhost/127.0.0.1:57548] for POST '/session/471ba427db4b34a32566dd53cdeeae47/element'
00:06:28.978 [AsyncHttpClient-1-2] DEBUG org.asynchttpclient.netty.handler.HttpHandler - 

Request DefaultHttpRequest(decodeResult: success, version: HTTP/1.1)
POST /session/471ba427db4b34a32566dd53cdeeae47/element HTTP/1.1
User-Agent: selenium/4.1.2 (java mac)
Content-Length: 48
Content-Type: application/json; charset=utf-8
host: localhost:57548
accept: */*

Response DefaultHttpResponse(decodeResult: success, version: HTTP/1.1)
HTTP/1.1 200 OK
Content-Type: application/json; charset=utf-8
cache-control: no-cache
content-length: 88

00:06:28.979 [AsyncHttpClient-1-2] DEBUG org.asynchttpclient.netty.channel.ChannelManager - Adding key: http://localhost:57548 for channel [id: 0x4f18d9eb, L:/127.0.0.1:59646 - R:localhost/127.0.0.1:57548]
00:06:28.982 [Forwarding clearElement on session 471ba427db4b34a32566dd53cdeeae47 to remote] DEBUG org.asynchttpclient.netty.request.NettyRequestSender - Using pooled Channel '[id: 0x4f18d9eb, L:/127.0.0.1:59646 - R:localhost/127.0.0.1:57548]' for 'POST' to 'http://localhost:57548/session/471ba427db4b34a32566dd53cdeeae47/element/0fd0edc3-aa23-4a95-a5a1-03c43c0f0e7e/clear'
00:06:28.982 [Forwarding clearElement on session 471ba427db4b34a32566dd53cdeeae47 to remote] DEBUG org.asynchttpclient.netty.request.NettyRequestSender - Using open Channel [id: 0x4f18d9eb, L:/127.0.0.1:59646 - R:localhost/127.0.0.1:57548] for POST '/session/471ba427db4b34a32566dd53cdeeae47/element/0fd0edc3-aa23-4a95-a5a1-03c43c0f0e7e/clear'
00:06:29.000 [AsyncHttpClient-1-2] DEBUG org.asynchttpclient.netty.handler.HttpHandler - 

Request DefaultHttpRequest(decodeResult: success, version: HTTP/1.1)
POST /session/471ba427db4b34a32566dd53cdeeae47/element/0fd0edc3-aa23-4a95-a5a1-03c43c0f0e7e/clear HTTP/1.1
User-Agent: selenium/4.1.2 (java mac)
Content-Length: 50
Content-Type: application/json; charset=utf-8
host: localhost:57548
accept: */*

Response DefaultHttpResponse(decodeResult: success, version: HTTP/1.1)
HTTP/1.1 200 OK
Content-Type: application/json; charset=utf-8
cache-control: no-cache
content-length: 14

00:06:29.000 [AsyncHttpClient-1-2] DEBUG org.asynchttpclient.netty.channel.ChannelManager - Adding key: http://localhost:57548 for channel [id: 0x4f18d9eb, L:/127.0.0.1:59646 - R:localhost/127.0.0.1:57548]
00:06:29.003 [Forwarding sendKeysToElement on session 471ba427db4b34a32566dd53cdeeae47 to remote] DEBUG org.asynchttpclient.netty.request.NettyRequestSender - Using pooled Channel '[id: 0x4f18d9eb, L:/127.0.0.1:59646 - R:localhost/127.0.0.1:57548]' for 'POST' to 'http://localhost:57548/session/471ba427db4b34a32566dd53cdeeae47/element/0fd0edc3-aa23-4a95-a5a1-03c43c0f0e7e/value'
00:06:29.003 [Forwarding sendKeysToElement on session 471ba427db4b34a32566dd53cdeeae47 to remote] DEBUG org.asynchttpclient.netty.request.NettyRequestSender - Using open Channel [id: 0x4f18d9eb, L:/127.0.0.1:59646 - R:localhost/127.0.0.1:57548] for POST '/session/471ba427db4b34a32566dd53cdeeae47/element/0fd0edc3-aa23-4a95-a5a1-03c43c0f0e7e/value'
00:06:29.049 [AsyncHttpClient-1-2] DEBUG org.asynchttpclient.netty.handler.HttpHandler - 

Request DefaultHttpRequest(decodeResult: success, version: HTTP/1.1)
POST /session/471ba427db4b34a32566dd53cdeeae47/element/0fd0edc3-aa23-4a95-a5a1-03c43c0f0e7e/value HTTP/1.1
User-Agent: selenium/4.1.2 (java mac)
Content-Length: 161
Content-Type: application/json; charset=utf-8
host: localhost:57548
accept: */*

Response DefaultHttpResponse(decodeResult: success, version: HTTP/1.1)
HTTP/1.1 200 OK
Content-Type: application/json; charset=utf-8
cache-control: no-cache
content-length: 14

00:06:29.049 [AsyncHttpClient-1-2] DEBUG org.asynchttpclient.netty.channel.ChannelManager - Adding key: http://localhost:57548 for channel [id: 0x4f18d9eb, L:/127.0.0.1:59646 - R:localhost/127.0.0.1:57548]
00:06:29.055 [Forwarding screenshot on session 471ba427db4b34a32566dd53cdeeae47 to remote] DEBUG org.asynchttpclient.netty.request.NettyRequestSender - Using pooled Channel '[id: 0x4f18d9eb, L:/127.0.0.1:59646 - R:localhost/127.0.0.1:57548]' for 'GET' to 'http://localhost:57548/session/471ba427db4b34a32566dd53cdeeae47/screenshot'
00:06:29.055 [Forwarding screenshot on session 471ba427db4b34a32566dd53cdeeae47 to remote] DEBUG org.asynchttpclient.netty.request.NettyRequestSender - Using open Channel [id: 0x4f18d9eb, L:/127.0.0.1:59646 - R:localhost/127.0.0.1:57548] for GET '/session/471ba427db4b34a32566dd53cdeeae47/screenshot'
00:06:29.181 [AsyncHttpClient-1-2] DEBUG org.asynchttpclient.netty.handler.HttpHandler - 

Request DefaultFullHttpRequest(decodeResult: success, version: HTTP/1.1, content: EmptyByteBufBE)
GET /session/471ba427db4b34a32566dd53cdeeae47/screenshot HTTP/1.1
User-Agent: selenium/4.1.2 (java mac)
Cache-Control: no-cache
Content-Type: application/json; charset=utf-8
host: localhost:57548
accept: */*

Response DefaultHttpResponse(decodeResult: success, version: HTTP/1.1)
HTTP/1.1 200 OK
Content-Type: application/json; charset=utf-8
cache-control: no-cache
content-length: 108564

00:06:29.181 [AsyncHttpClient-1-2] DEBUG org.asynchttpclient.netty.channel.ChannelManager - Adding key: http://localhost:57548 for channel [id: 0x4f18d9eb, L:/127.0.0.1:59646 - R:localhost/127.0.0.1:57548]
00:06:29.186 [main] DEBUG net.serenitybdd.core.photography.Darkroom - Send negative for processing for target/site/serenity/69f11fa13ac06ca05cbd2363dc8308e85f1b574d8643876e4bc2fafab44c2c1d.png
00:06:29.187 [Darkroom Processing Line] DEBUG net.serenitybdd.core.photography.DarkroomProcessingLine - Processing screenshot image in /var/screenshots/screenshot-11040352037811799190
00:06:29.187 [Darkroom Processing Line] DEBUG net.serenitybdd.core.photography.DarkroomProcessingLine - Saving screenshot to target/site/serenity/69f11fa13ac06ca05cbd2363dc8308e85f1b574d8643876e4bc2fafab44c2c1d.png
00:06:29.187 [main] DEBUG net.thucydides.core.steps.StepInterceptor - STEP DONE: enterPassword
00:06:29.192 [main] DEBUG net.thucydides.core.steps.StepInterceptor - STARTING STEP: UserCreation.he_enters_username_as_password_as_and_repeat_password_as_and_clicks_on_sign_up_button - repeatPassword
00:06:29.197 [Forwarding findElement on session 471ba427db4b34a32566dd53cdeeae47 to remote] DEBUG org.asynchttpclient.netty.request.NettyRequestSender - Using pooled Channel '[id: 0x4f18d9eb, L:/127.0.0.1:59646 - R:localhost/127.0.0.1:57548]' for 'POST' to 'http://localhost:57548/session/471ba427db4b34a32566dd53cdeeae47/element'
00:06:29.198 [Forwarding findElement on session 471ba427db4b34a32566dd53cdeeae47 to remote] DEBUG org.asynchttpclient.netty.request.NettyRequestSender - Using open Channel [id: 0x4f18d9eb, L:/127.0.0.1:59646 - R:localhost/127.0.0.1:57548] for POST '/session/471ba427db4b34a32566dd53cdeeae47/element'
00:06:29.206 [AsyncHttpClient-1-2] DEBUG org.asynchttpclient.netty.handler.HttpHandler - 

Request DefaultHttpRequest(decodeResult: success, version: HTTP/1.1)
POST /session/471ba427db4b34a32566dd53cdeeae47/element HTTP/1.1
User-Agent: selenium/4.1.2 (java mac)
Content-Length: 57
Content-Type: application/json; charset=utf-8
host: localhost:57548
accept: */*

Response DefaultHttpResponse(decodeResult: success, version: HTTP/1.1)
HTTP/1.1 200 OK
Content-Type: application/json; charset=utf-8
cache-control: no-cache
content-length: 88

00:06:29.207 [AsyncHttpClient-1-2] DEBUG org.asynchttpclient.netty.channel.ChannelManager - Adding key: http://localhost:57548 for channel [id: 0x4f18d9eb, L:/127.0.0.1:59646 - R:localhost/127.0.0.1:57548]
00:06:29.208 [Forwarding clearElement on session 471ba427db4b34a32566dd53cdeeae47 to remote] DEBUG org.asynchttpclient.netty.request.NettyRequestSender - Using pooled Channel '[id: 0x4f18d9eb, L:/127.0.0.1:59646 - R:localhost/127.0.0.1:57548]' for 'POST' to 'http://localhost:57548/session/471ba427db4b34a32566dd53cdeeae47/element/791a7d11-46ab-48b4-aa45-960e4697618d/clear'
00:06:29.208 [Forwarding clearElement on session 471ba427db4b34a32566dd53cdeeae47 to remote] DEBUG org.asynchttpclient.netty.request.NettyRequestSender - Using open Channel [id: 0x4f18d9eb, L:/127.0.0.1:59646 - R:localhost/127.0.0.1:57548] for POST '/session/471ba427db4b34a32566dd53cdeeae47/element/791a7d11-46ab-48b4-aa45-960e4697618d/clear'
00:06:29.228 [AsyncHttpClient-1-2] DEBUG org.asynchttpclient.netty.handler.HttpHandler - 

Request DefaultHttpRequest(decodeResult: success, version: HTTP/1.1)
POST /session/471ba427db4b34a32566dd53cdeeae47/element/791a7d11-46ab-48b4-aa45-960e4697618d/clear HTTP/1.1
User-Agent: selenium/4.1.2 (java mac)
Content-Length: 50
Content-Type: application/json; charset=utf-8
host: localhost:57548
accept: */*

Response DefaultHttpResponse(decodeResult: success, version: HTTP/1.1)
HTTP/1.1 200 OK
Content-Type: application/json; charset=utf-8
cache-control: no-cache
content-length: 14

00:06:29.228 [AsyncHttpClient-1-2] DEBUG org.asynchttpclient.netty.channel.ChannelManager - Adding key: http://localhost:57548 for channel [id: 0x4f18d9eb, L:/127.0.0.1:59646 - R:localhost/127.0.0.1:57548]
00:06:29.231 [Forwarding sendKeysToElement on session 471ba427db4b34a32566dd53cdeeae47 to remote] DEBUG org.asynchttpclient.netty.request.NettyRequestSender - Using pooled Channel '[id: 0x4f18d9eb, L:/127.0.0.1:59646 - R:localhost/127.0.0.1:57548]' for 'POST' to 'http://localhost:57548/session/471ba427db4b34a32566dd53cdeeae47/element/791a7d11-46ab-48b4-aa45-960e4697618d/value'
00:06:29.231 [Forwarding sendKeysToElement on session 471ba427db4b34a32566dd53cdeeae47 to remote] DEBUG org.asynchttpclient.netty.request.NettyRequestSender - Using open Channel [id: 0x4f18d9eb, L:/127.0.0.1:59646 - R:localhost/127.0.0.1:57548] for POST '/session/471ba427db4b34a32566dd53cdeeae47/element/791a7d11-46ab-48b4-aa45-960e4697618d/value'
00:06:29.260 [AsyncHttpClient-1-2] DEBUG org.asynchttpclient.netty.handler.HttpHandler - 

Request DefaultHttpRequest(decodeResult: success, version: HTTP/1.1)
POST /session/471ba427db4b34a32566dd53cdeeae47/element/791a7d11-46ab-48b4-aa45-960e4697618d/value HTTP/1.1
User-Agent: selenium/4.1.2 (java mac)
Content-Length: 161
Content-Type: application/json; charset=utf-8
host: localhost:57548
accept: */*

Response DefaultHttpResponse(decodeResult: success, version: HTTP/1.1)
HTTP/1.1 200 OK
Content-Type: application/json; charset=utf-8
cache-control: no-cache
content-length: 14

00:06:29.260 [AsyncHttpClient-1-2] DEBUG org.asynchttpclient.netty.channel.ChannelManager - Adding key: http://localhost:57548 for channel [id: 0x4f18d9eb, L:/127.0.0.1:59646 - R:localhost/127.0.0.1:57548]
00:06:29.267 [Forwarding screenshot on session 471ba427db4b34a32566dd53cdeeae47 to remote] DEBUG org.asynchttpclient.netty.request.NettyRequestSender - Using pooled Channel '[id: 0x4f18d9eb, L:/127.0.0.1:59646 - R:localhost/127.0.0.1:57548]' for 'GET' to 'http://localhost:57548/session/471ba427db4b34a32566dd53cdeeae47/screenshot'
00:06:29.267 [Forwarding screenshot on session 471ba427db4b34a32566dd53cdeeae47 to remote] DEBUG org.asynchttpclient.netty.request.NettyRequestSender - Using open Channel [id: 0x4f18d9eb, L:/127.0.0.1:59646 - R:localhost/127.0.0.1:57548] for GET '/session/471ba427db4b34a32566dd53cdeeae47/screenshot'
00:06:29.397 [AsyncHttpClient-1-2] DEBUG org.asynchttpclient.netty.handler.HttpHandler - 

Request DefaultFullHttpRequest(decodeResult: success, version: HTTP/1.1, content: EmptyByteBufBE)
GET /session/471ba427db4b34a32566dd53cdeeae47/screenshot HTTP/1.1
User-Agent: selenium/4.1.2 (java mac)
Cache-Control: no-cache
Content-Type: application/json; charset=utf-8
host: localhost:57548
accept: */*

Response DefaultHttpResponse(decodeResult: success, version: HTTP/1.1)
HTTP/1.1 200 OK
Content-Type: application/json; charset=utf-8
cache-control: no-cache
content-length: 105844

00:06:29.398 [AsyncHttpClient-1-2] DEBUG org.asynchttpclient.netty.channel.ChannelManager - Adding key: http://localhost:57548 for channel [id: 0x4f18d9eb, L:/127.0.0.1:59646 - R:localhost/127.0.0.1:57548]
00:06:29.402 [main] DEBUG net.serenitybdd.core.photography.Darkroom - Send negative for processing for target/site/serenity/15fb9f755fea4fb1f8d4a541f4488c0b878d48270ed7f958b11cf32ea34ce3aa.png
00:06:29.402 [Darkroom Processing Line] DEBUG net.serenitybdd.core.photography.DarkroomProcessingLine - Processing screenshot image in /var/screenshots/screenshot-8052669291489130893
00:06:29.402 [Darkroom Processing Line] DEBUG net.serenitybdd.core.photography.DarkroomProcessingLine - Saving screenshot to target/site/serenity/15fb9f755fea4fb1f8d4a541f4488c0b878d48270ed7f958b11cf32ea34ce3aa.png
00:06:29.402 [main] DEBUG net.thucydides.core.steps.StepInterceptor - STEP DONE: repeatPassword
00:06:29.407 [main] DEBUG net.thucydides.core.steps.StepInterceptor - STARTING STEP: UserCreation.he_enters_username_as_password_as_and_repeat_password_as_and_clicks_on_sign_up_button - signUp
00:06:29.411 [Forwarding findElement on session 471ba427db4b34a32566dd53cdeeae47 to remote] DEBUG org.asynchttpclient.netty.request.NettyRequestSender - Using pooled Channel '[id: 0x4f18d9eb, L:/127.0.0.1:59646 - R:localhost/127.0.0.1:57548]' for 'POST' to 'http://localhost:57548/session/471ba427db4b34a32566dd53cdeeae47/element'
00:06:29.412 [Forwarding findElement on session 471ba427db4b34a32566dd53cdeeae47 to remote] DEBUG org.asynchttpclient.netty.request.NettyRequestSender - Using open Channel [id: 0x4f18d9eb, L:/127.0.0.1:59646 - R:localhost/127.0.0.1:57548] for POST '/session/471ba427db4b34a32566dd53cdeeae47/element'
00:06:29.423 [AsyncHttpClient-1-2] DEBUG org.asynchttpclient.netty.handler.HttpHandler - 

Request DefaultHttpRequest(decodeResult: success, version: HTTP/1.1)
POST /session/471ba427db4b34a32566dd53cdeeae47/element HTTP/1.1
User-Agent: selenium/4.1.2 (java mac)
Content-Length: 54
Content-Type: application/json; charset=utf-8
host: localhost:57548
accept: */*

Response DefaultHttpResponse(decodeResult: success, version: HTTP/1.1)
HTTP/1.1 200 OK
Content-Type: application/json; charset=utf-8
cache-control: no-cache
content-length: 88

00:06:29.424 [AsyncHttpClient-1-2] DEBUG org.asynchttpclient.netty.channel.ChannelManager - Adding key: http://localhost:57548 for channel [id: 0x4f18d9eb, L:/127.0.0.1:59646 - R:localhost/127.0.0.1:57548]
00:06:29.426 [Forwarding getElementTagName on session 471ba427db4b34a32566dd53cdeeae47 to remote] DEBUG org.asynchttpclient.netty.request.NettyRequestSender - Using pooled Channel '[id: 0x4f18d9eb, L:/127.0.0.1:59646 - R:localhost/127.0.0.1:57548]' for 'GET' to 'http://localhost:57548/session/471ba427db4b34a32566dd53cdeeae47/element/1485d916-a82c-408a-8cd1-7e74c85c2e82/name'
00:06:29.426 [Forwarding getElementTagName on session 471ba427db4b34a32566dd53cdeeae47 to remote] DEBUG org.asynchttpclient.netty.request.NettyRequestSender - Using open Channel [id: 0x4f18d9eb, L:/127.0.0.1:59646 - R:localhost/127.0.0.1:57548] for GET '/session/471ba427db4b34a32566dd53cdeeae47/element/1485d916-a82c-408a-8cd1-7e74c85c2e82/name'
00:06:29.430 [AsyncHttpClient-1-2] DEBUG org.asynchttpclient.netty.handler.HttpHandler - 

Request DefaultFullHttpRequest(decodeResult: success, version: HTTP/1.1, content: EmptyByteBufBE)
GET /session/471ba427db4b34a32566dd53cdeeae47/element/1485d916-a82c-408a-8cd1-7e74c85c2e82/name HTTP/1.1
User-Agent: selenium/4.1.2 (java mac)
Cache-Control: no-cache
Content-Type: application/json; charset=utf-8
host: localhost:57548
accept: */*

Response DefaultHttpResponse(decodeResult: success, version: HTTP/1.1)
HTTP/1.1 200 OK
Content-Type: application/json; charset=utf-8
cache-control: no-cache
content-length: 18

00:06:29.430 [AsyncHttpClient-1-2] DEBUG org.asynchttpclient.netty.channel.ChannelManager - Adding key: http://localhost:57548 for channel [id: 0x4f18d9eb, L:/127.0.0.1:59646 - R:localhost/127.0.0.1:57548]
00:06:29.432 [Forwarding getElementTagName on session 471ba427db4b34a32566dd53cdeeae47 to remote] DEBUG org.asynchttpclient.netty.request.NettyRequestSender - Using pooled Channel '[id: 0x4f18d9eb, L:/127.0.0.1:59646 - R:localhost/127.0.0.1:57548]' for 'GET' to 'http://localhost:57548/session/471ba427db4b34a32566dd53cdeeae47/element/1485d916-a82c-408a-8cd1-7e74c85c2e82/name'
00:06:29.432 [Forwarding getElementTagName on session 471ba427db4b34a32566dd53cdeeae47 to remote] DEBUG org.asynchttpclient.netty.request.NettyRequestSender - Using open Channel [id: 0x4f18d9eb, L:/127.0.0.1:59646 - R:localhost/127.0.0.1:57548] for GET '/session/471ba427db4b34a32566dd53cdeeae47/element/1485d916-a82c-408a-8cd1-7e74c85c2e82/name'
00:06:29.435 [AsyncHttpClient-1-2] DEBUG org.asynchttpclient.netty.handler.HttpHandler - 

Request DefaultFullHttpRequest(decodeResult: success, version: HTTP/1.1, content: EmptyByteBufBE)
GET /session/471ba427db4b34a32566dd53cdeeae47/element/1485d916-a82c-408a-8cd1-7e74c85c2e82/name HTTP/1.1
User-Agent: selenium/4.1.2 (java mac)
Cache-Control: no-cache
Content-Type: application/json; charset=utf-8
host: localhost:57548
accept: */*

Response DefaultHttpResponse(decodeResult: success, version: HTTP/1.1)
HTTP/1.1 200 OK
Content-Type: application/json; charset=utf-8
cache-control: no-cache
content-length: 18

00:06:29.436 [AsyncHttpClient-1-2] DEBUG org.asynchttpclient.netty.channel.ChannelManager - Adding key: http://localhost:57548 for channel [id: 0x4f18d9eb, L:/127.0.0.1:59646 - R:localhost/127.0.0.1:57548]
00:06:29.443 [Forwarding isElementEnabled on session 471ba427db4b34a32566dd53cdeeae47 to remote] DEBUG org.asynchttpclient.netty.request.NettyRequestSender - Using pooled Channel '[id: 0x4f18d9eb, L:/127.0.0.1:59646 - R:localhost/127.0.0.1:57548]' for 'GET' to 'http://localhost:57548/session/471ba427db4b34a32566dd53cdeeae47/element/1485d916-a82c-408a-8cd1-7e74c85c2e82/enabled'
00:06:29.444 [Forwarding isElementEnabled on session 471ba427db4b34a32566dd53cdeeae47 to remote] DEBUG org.asynchttpclient.netty.request.NettyRequestSender - Using open Channel [id: 0x4f18d9eb, L:/127.0.0.1:59646 - R:localhost/127.0.0.1:57548] for GET '/session/471ba427db4b34a32566dd53cdeeae47/element/1485d916-a82c-408a-8cd1-7e74c85c2e82/enabled'
00:06:29.450 [AsyncHttpClient-1-2] DEBUG org.asynchttpclient.netty.handler.HttpHandler - 

Request DefaultFullHttpRequest(decodeResult: success, version: HTTP/1.1, content: EmptyByteBufBE)
GET /session/471ba427db4b34a32566dd53cdeeae47/element/1485d916-a82c-408a-8cd1-7e74c85c2e82/enabled HTTP/1.1
User-Agent: selenium/4.1.2 (java mac)
Cache-Control: no-cache
Content-Type: application/json; charset=utf-8
host: localhost:57548
accept: */*

Response DefaultHttpResponse(decodeResult: success, version: HTTP/1.1)
HTTP/1.1 200 OK
Content-Type: application/json; charset=utf-8
cache-control: no-cache
content-length: 14

00:06:29.450 [AsyncHttpClient-1-2] DEBUG org.asynchttpclient.netty.channel.ChannelManager - Adding key: http://localhost:57548 for channel [id: 0x4f18d9eb, L:/127.0.0.1:59646 - R:localhost/127.0.0.1:57548]
00:06:29.452 [Forwarding isElementEnabled on session 471ba427db4b34a32566dd53cdeeae47 to remote] DEBUG org.asynchttpclient.netty.request.NettyRequestSender - Using pooled Channel '[id: 0x4f18d9eb, L:/127.0.0.1:59646 - R:localhost/127.0.0.1:57548]' for 'GET' to 'http://localhost:57548/session/471ba427db4b34a32566dd53cdeeae47/element/1485d916-a82c-408a-8cd1-7e74c85c2e82/enabled'
00:06:29.452 [Forwarding isElementEnabled on session 471ba427db4b34a32566dd53cdeeae47 to remote] DEBUG org.asynchttpclient.netty.request.NettyRequestSender - Using open Channel [id: 0x4f18d9eb, L:/127.0.0.1:59646 - R:localhost/127.0.0.1:57548] for GET '/session/471ba427db4b34a32566dd53cdeeae47/element/1485d916-a82c-408a-8cd1-7e74c85c2e82/enabled'
00:06:29.456 [AsyncHttpClient-1-2] DEBUG org.asynchttpclient.netty.handler.HttpHandler - 

Request DefaultFullHttpRequest(decodeResult: success, version: HTTP/1.1, content: EmptyByteBufBE)
GET /session/471ba427db4b34a32566dd53cdeeae47/element/1485d916-a82c-408a-8cd1-7e74c85c2e82/enabled HTTP/1.1
User-Agent: selenium/4.1.2 (java mac)
Cache-Control: no-cache
Content-Type: application/json; charset=utf-8
host: localhost:57548
accept: */*

Response DefaultHttpResponse(decodeResult: success, version: HTTP/1.1)
HTTP/1.1 200 OK
Content-Type: application/json; charset=utf-8
cache-control: no-cache
content-length: 14

00:06:29.456 [AsyncHttpClient-1-2] DEBUG org.asynchttpclient.netty.channel.ChannelManager - Adding key: http://localhost:57548 for channel [id: 0x4f18d9eb, L:/127.0.0.1:59646 - R:localhost/127.0.0.1:57548]
00:06:29.458 [Forwarding findElement on session 471ba427db4b34a32566dd53cdeeae47 to remote] DEBUG org.asynchttpclient.netty.request.NettyRequestSender - Using pooled Channel '[id: 0x4f18d9eb, L:/127.0.0.1:59646 - R:localhost/127.0.0.1:57548]' for 'POST' to 'http://localhost:57548/session/471ba427db4b34a32566dd53cdeeae47/element'
00:06:29.458 [Forwarding findElement on session 471ba427db4b34a32566dd53cdeeae47 to remote] DEBUG org.asynchttpclient.netty.request.NettyRequestSender - Using open Channel [id: 0x4f18d9eb, L:/127.0.0.1:59646 - R:localhost/127.0.0.1:57548] for POST '/session/471ba427db4b34a32566dd53cdeeae47/element'
00:06:29.463 [AsyncHttpClient-1-2] DEBUG org.asynchttpclient.netty.handler.HttpHandler - 

Request DefaultHttpRequest(decodeResult: success, version: HTTP/1.1)
POST /session/471ba427db4b34a32566dd53cdeeae47/element HTTP/1.1
User-Agent: selenium/4.1.2 (java mac)
Content-Length: 54
Content-Type: application/json; charset=utf-8
host: localhost:57548
accept: */*

Response DefaultHttpResponse(decodeResult: success, version: HTTP/1.1)
HTTP/1.1 200 OK
Content-Type: application/json; charset=utf-8
cache-control: no-cache
content-length: 88

00:06:29.463 [AsyncHttpClient-1-2] DEBUG org.asynchttpclient.netty.channel.ChannelManager - Adding key: http://localhost:57548 for channel [id: 0x4f18d9eb, L:/127.0.0.1:59646 - R:localhost/127.0.0.1:57548]
00:06:29.465 [Forwarding clickElement on session 471ba427db4b34a32566dd53cdeeae47 to remote] DEBUG org.asynchttpclient.netty.request.NettyRequestSender - Using pooled Channel '[id: 0x4f18d9eb, L:/127.0.0.1:59646 - R:localhost/127.0.0.1:57548]' for 'POST' to 'http://localhost:57548/session/471ba427db4b34a32566dd53cdeeae47/element/1485d916-a82c-408a-8cd1-7e74c85c2e82/click'
00:06:29.465 [Forwarding clickElement on session 471ba427db4b34a32566dd53cdeeae47 to remote] DEBUG org.asynchttpclient.netty.request.NettyRequestSender - Using open Channel [id: 0x4f18d9eb, L:/127.0.0.1:59646 - R:localhost/127.0.0.1:57548] for POST '/session/471ba427db4b34a32566dd53cdeeae47/element/1485d916-a82c-408a-8cd1-7e74c85c2e82/click'
00:06:29.524 [AsyncHttpClient-1-2] DEBUG org.asynchttpclient.netty.handler.HttpHandler - 

Request DefaultHttpRequest(decodeResult: success, version: HTTP/1.1)
POST /session/471ba427db4b34a32566dd53cdeeae47/element/1485d916-a82c-408a-8cd1-7e74c85c2e82/click HTTP/1.1
User-Agent: selenium/4.1.2 (java mac)
Content-Length: 50
Content-Type: application/json; charset=utf-8
host: localhost:57548
accept: */*

Response DefaultHttpResponse(decodeResult: success, version: HTTP/1.1)
HTTP/1.1 200 OK
Content-Type: application/json; charset=utf-8
cache-control: no-cache
content-length: 14

00:06:29.525 [AsyncHttpClient-1-2] DEBUG org.asynchttpclient.netty.channel.ChannelManager - Adding key: http://localhost:57548 for channel [id: 0x4f18d9eb, L:/127.0.0.1:59646 - R:localhost/127.0.0.1:57548]
00:06:29.987 [AsyncHttpClient-1-1] DEBUG org.asynchttpclient.netty.channel.DefaultChannelPool - Entry count for : http://localhost:59647 : 1
00:06:29.989 [AsyncHttpClient-1-1] DEBUG org.asynchttpclient.netty.channel.DefaultChannelPool - Entry count for : http://localhost:57548 : 1
00:06:31.086 [AsyncHttpClient-1-1] DEBUG org.asynchttpclient.netty.channel.DefaultChannelPool - Entry count for : http://localhost:59647 : 1
00:06:31.087 [AsyncHttpClient-1-1] DEBUG org.asynchttpclient.netty.channel.DefaultChannelPool - Entry count for : http://localhost:57548 : 1
00:06:32.186 [AsyncHttpClient-1-1] DEBUG org.asynchttpclient.netty.channel.DefaultChannelPool - Entry count for : http://localhost:59647 : 1
00:06:32.187 [AsyncHttpClient-1-1] DEBUG org.asynchttpclient.netty.channel.DefaultChannelPool - Entry count for : http://localhost:57548 : 1
00:06:32.553 [Forwarding screenshot on session 471ba427db4b34a32566dd53cdeeae47 to remote] DEBUG org.asynchttpclient.netty.request.NettyRequestSender - Using pooled Channel '[id: 0x4f18d9eb, L:/127.0.0.1:59646 - R:localhost/127.0.0.1:57548]' for 'GET' to 'http://localhost:57548/session/471ba427db4b34a32566dd53cdeeae47/screenshot'
00:06:32.553 [Forwarding screenshot on session 471ba427db4b34a32566dd53cdeeae47 to remote] DEBUG org.asynchttpclient.netty.request.NettyRequestSender - Using open Channel [id: 0x4f18d9eb, L:/127.0.0.1:59646 - R:localhost/127.0.0.1:57548] for GET '/session/471ba427db4b34a32566dd53cdeeae47/screenshot'
00:06:32.722 [AsyncHttpClient-1-2] DEBUG org.asynchttpclient.netty.handler.HttpHandler - 

Request DefaultFullHttpRequest(decodeResult: success, version: HTTP/1.1, content: EmptyByteBufBE)
GET /session/471ba427db4b34a32566dd53cdeeae47/screenshot HTTP/1.1
User-Agent: selenium/4.1.2 (java mac)
Cache-Control: no-cache
Content-Type: application/json; charset=utf-8
host: localhost:57548
accept: */*

Response DefaultHttpResponse(decodeResult: success, version: HTTP/1.1)
HTTP/1.1 200 OK
Content-Type: application/json; charset=utf-8
cache-control: no-cache
content-length: 121884

00:06:32.723 [AsyncHttpClient-1-2] DEBUG org.asynchttpclient.netty.channel.ChannelManager - Adding key: http://localhost:57548 for channel [id: 0x4f18d9eb, L:/127.0.0.1:59646 - R:localhost/127.0.0.1:57548]
00:06:32.728 [main] DEBUG net.serenitybdd.core.photography.Darkroom - Send negative for processing for target/site/serenity/406f6ab9642e98394189dadf143273f04b194b338037eefddc06ede2c3eff8e7.png
00:06:32.728 [Darkroom Processing Line] DEBUG net.serenitybdd.core.photography.DarkroomProcessingLine - Processing screenshot image in /var/screenshots/screenshot-12176644527997346483
00:06:32.728 [Darkroom Processing Line] DEBUG net.serenitybdd.core.photography.DarkroomProcessingLine - Saving screenshot to target/site/serenity/406f6ab9642e98394189dadf143273f04b194b338037eefddc06ede2c3eff8e7.png
00:06:32.728 [main] DEBUG net.thucydides.core.steps.StepInterceptor - STEP DONE: signUp
  &amp#27;[32mAnd &amp#27;[0m&amp#27;[32mhe enters username password and repeat password and clicks on Sign Up button to register&amp#27;[0m &amp#27;[90m# starter.stepdefinitions.UserCreation.he_enters_username_as_password_as_and_repeat_password_as_and_clicks_on_sign_up_button()&amp#27;[0m
00:06:32.746 [main] DEBUG net.thucydides.core.steps.StepInterceptor - STARTING STEP: UserCreation.user_should_be_registered_on_the_application - enterUsernameToLogin
00:06:32.752 [Forwarding findElement on session 471ba427db4b34a32566dd53cdeeae47 to remote] DEBUG org.asynchttpclient.netty.request.NettyRequestSender - Using pooled Channel '[id: 0x4f18d9eb, L:/127.0.0.1:59646 - R:localhost/127.0.0.1:57548]' for 'POST' to 'http://localhost:57548/session/471ba427db4b34a32566dd53cdeeae47/element'
00:06:32.752 [Forwarding findElement on session 471ba427db4b34a32566dd53cdeeae47 to remote] DEBUG org.asynchttpclient.netty.request.NettyRequestSender - Using open Channel [id: 0x4f18d9eb, L:/127.0.0.1:59646 - R:localhost/127.0.0.1:57548] for POST '/session/471ba427db4b34a32566dd53cdeeae47/element'
00:06:32.761 [AsyncHttpClient-1-2] DEBUG org.asynchttpclient.netty.handler.HttpHandler - 

Request DefaultHttpRequest(decodeResult: success, version: HTTP/1.1)
POST /session/471ba427db4b34a32566dd53cdeeae47/element HTTP/1.1
User-Agent: selenium/4.1.2 (java mac)
Content-Length: 61
Content-Type: application/json; charset=utf-8
host: localhost:57548
accept: */*

Response DefaultHttpResponse(decodeResult: success, version: HTTP/1.1)
HTTP/1.1 200 OK
Content-Type: application/json; charset=utf-8
cache-control: no-cache
content-length: 88

00:06:32.761 [AsyncHttpClient-1-2] DEBUG org.asynchttpclient.netty.channel.ChannelManager - Adding key: http://localhost:57548 for channel [id: 0x4f18d9eb, L:/127.0.0.1:59646 - R:localhost/127.0.0.1:57548]
00:06:32.766 [Forwarding clearElement on session 471ba427db4b34a32566dd53cdeeae47 to remote] DEBUG org.asynchttpclient.netty.request.NettyRequestSender - Using pooled Channel '[id: 0x4f18d9eb, L:/127.0.0.1:59646 - R:localhost/127.0.0.1:57548]' for 'POST' to 'http://localhost:57548/session/471ba427db4b34a32566dd53cdeeae47/element/c70bc8dc-620f-47c3-b306-91609dd11e8d/clear'
00:06:32.766 [Forwarding clearElement on session 471ba427db4b34a32566dd53cdeeae47 to remote] DEBUG org.asynchttpclient.netty.request.NettyRequestSender - Using open Channel [id: 0x4f18d9eb, L:/127.0.0.1:59646 - R:localhost/127.0.0.1:57548] for POST '/session/471ba427db4b34a32566dd53cdeeae47/element/c70bc8dc-620f-47c3-b306-91609dd11e8d/clear'
00:06:32.810 [AsyncHttpClient-1-2] DEBUG org.asynchttpclient.netty.handler.HttpHandler - 

Request DefaultHttpRequest(decodeResult: success, version: HTTP/1.1)
POST /session/471ba427db4b34a32566dd53cdeeae47/element/c70bc8dc-620f-47c3-b306-91609dd11e8d/clear HTTP/1.1
User-Agent: selenium/4.1.2 (java mac)
Content-Length: 50
Content-Type: application/json; charset=utf-8
host: localhost:57548
accept: */*

Response DefaultHttpResponse(decodeResult: success, version: HTTP/1.1)
HTTP/1.1 200 OK
Content-Type: application/json; charset=utf-8
cache-control: no-cache
content-length: 14

00:06:32.810 [AsyncHttpClient-1-2] DEBUG org.asynchttpclient.netty.channel.ChannelManager - Adding key: http://localhost:57548 for channel [id: 0x4f18d9eb, L:/127.0.0.1:59646 - R:localhost/127.0.0.1:57548]
00:06:32.814 [Forwarding sendKeysToElement on session 471ba427db4b34a32566dd53cdeeae47 to remote] DEBUG org.asynchttpclient.netty.request.NettyRequestSender - Using pooled Channel '[id: 0x4f18d9eb, L:/127.0.0.1:59646 - R:localhost/127.0.0.1:57548]' for 'POST' to 'http://localhost:57548/session/471ba427db4b34a32566dd53cdeeae47/element/c70bc8dc-620f-47c3-b306-91609dd11e8d/value'
00:06:32.814 [Forwarding sendKeysToElement on session 471ba427db4b34a32566dd53cdeeae47 to remote] DEBUG org.asynchttpclient.netty.request.NettyRequestSender - Using open Channel [id: 0x4f18d9eb, L:/127.0.0.1:59646 - R:localhost/127.0.0.1:57548] for POST '/session/471ba427db4b34a32566dd53cdeeae47/element/c70bc8dc-620f-47c3-b306-91609dd11e8d/value'
00:06:32.889 [AsyncHttpClient-1-2] DEBUG org.asynchttpclient.netty.handler.HttpHandler - 

Request DefaultHttpRequest(decodeResult: success, version: HTTP/1.1)
POST /session/471ba427db4b34a32566dd53cdeeae47/element/c70bc8dc-620f-47c3-b306-91609dd11e8d/value HTTP/1.1
User-Agent: selenium/4.1.2 (java mac)
Content-Length: 161
Content-Type: application/json; charset=utf-8
host: localhost:57548
accept: */*

Response DefaultHttpResponse(decodeResult: success, version: HTTP/1.1)
HTTP/1.1 200 OK
Content-Type: application/json; charset=utf-8
cache-control: no-cache
content-length: 14

00:06:32.890 [AsyncHttpClient-1-2] DEBUG org.asynchttpclient.netty.channel.ChannelManager - Adding key: http://localhost:57548 for channel [id: 0x4f18d9eb, L:/127.0.0.1:59646 - R:localhost/127.0.0.1:57548]
00:06:32.903 [Forwarding screenshot on session 471ba427db4b34a32566dd53cdeeae47 to remote] DEBUG org.asynchttpclient.netty.request.NettyRequestSender - Using pooled Channel '[id: 0x4f18d9eb, L:/127.0.0.1:59646 - R:localhost/127.0.0.1:57548]' for 'GET' to 'http://localhost:57548/session/471ba427db4b34a32566dd53cdeeae47/screenshot'
00:06:32.903 [Forwarding screenshot on session 471ba427db4b34a32566dd53cdeeae47 to remote] DEBUG org.asynchttpclient.netty.request.NettyRequestSender - Using open Channel [id: 0x4f18d9eb, L:/127.0.0.1:59646 - R:localhost/127.0.0.1:57548] for GET '/session/471ba427db4b34a32566dd53cdeeae47/screenshot'
00:06:33.033 [AsyncHttpClient-1-2] DEBUG org.asynchttpclient.netty.handler.HttpHandler - 

Request DefaultFullHttpRequest(decodeResult: success, version: HTTP/1.1, content: EmptyByteBufBE)
GET /session/471ba427db4b34a32566dd53cdeeae47/screenshot HTTP/1.1
User-Agent: selenium/4.1.2 (java mac)
Cache-Control: no-cache
Content-Type: application/json; charset=utf-8
host: localhost:57548
accept: */*

Response DefaultHttpResponse(decodeResult: success, version: HTTP/1.1)
HTTP/1.1 200 OK
Content-Type: application/json; charset=utf-8
cache-control: no-cache
content-length: 121664

[...]

Request DefaultFullHttpRequest(decodeResult: success, version: HTTP/1.1, content: EmptyByteBufBE)
GET /session/67c62347be27af2cccf4d468fa816c06/element/08b7792a-9161-42bf-814c-d4dc5f4b4dae/text HTTP/1.1
User-Agent: selenium/4.1.2 (java mac)
Cache-Control: no-cache
Content-Type: application/json; charset=utf-8
host: localhost:56434
accept: */*

Response DefaultHttpResponse(decodeResult: success, version: HTTP/1.1)
HTTP/1.1 200 OK
Content-Type: application/json; charset=utf-8
cache-control: no-cache
content-length: 18

00:07:13.827 [AsyncHttpClient-1-5] DEBUG org.asynchttpclient.netty.channel.ChannelManager - Adding key: http://localhost:56434 for channel [id: 0x01a43112, L:/127.0.0.1:59679 - R:localhost/127.0.0.1:56434]
00:07:13.828 [Forwarding getElementText on session 67c62347be27af2cccf4d468fa816c06 to remote] DEBUG org.asynchttpclient.netty.request.NettyRequestSender - Using pooled Channel '[id: 0x01a43112, L:/127.0.0.1:59679 - R:localhost/127.0.0.1:56434]' for 'GET' to 'http://localhost:56434/session/67c62347be27af2cccf4d468fa816c06/element/08b7792a-9161-42bf-814c-d4dc5f4b4dae/text'
00:07:13.828 [Forwarding getElementText on session 67c62347be27af2cccf4d468fa816c06 to remote] DEBUG org.asynchttpclient.netty.request.NettyRequestSender - Using open Channel [id: 0x01a43112, L:/127.0.0.1:59679 - R:localhost/127.0.0.1:56434] for GET '/session/67c62347be27af2cccf4d468fa816c06/element/08b7792a-9161-42bf-814c-d4dc5f4b4dae/text'
00:07:13.833 [AsyncHttpClient-1-5] DEBUG org.asynchttpclient.netty.handler.HttpHandler - 

Request DefaultFullHttpRequest(decodeResult: success, version: HTTP/1.1, content: EmptyByteBufBE)
GET /session/67c62347be27af2cccf4d468fa816c06/element/08b7792a-9161-42bf-814c-d4dc5f4b4dae/text HTTP/1.1
User-Agent: selenium/4.1.2 (java mac)
Cache-Control: no-cache
Content-Type: application/json; charset=utf-8
host: localhost:56434
accept: */*

Response DefaultHttpResponse(decodeResult: success, version: HTTP/1.1)
HTTP/1.1 200 OK
Content-Type: application/json; charset=utf-8
cache-control: no-cache
content-length: 18

00:07:13.833 [AsyncHttpClient-1-5] DEBUG org.asynchttpclient.netty.channel.ChannelManager - Adding key: http://localhost:56434 for channel [id: 0x01a43112, L:/127.0.0.1:59679 - R:localhost/127.0.0.1:56434]
00:07:13.835 [Forwarding findElement on session 67c62347be27af2cccf4d468fa816c06 to remote] DEBUG org.asynchttpclient.netty.request.NettyRequestSender - Using pooled Channel '[id: 0x01a43112, L:/127.0.0.1:59679 - R:localhost/127.0.0.1:56434]' for 'POST' to 'http://localhost:56434/session/67c62347be27af2cccf4d468fa816c06/element'
00:07:13.835 [Forwarding findElement on session 67c62347be27af2cccf4d468fa816c06 to remote] DEBUG org.asynchttpclient.netty.request.NettyRequestSender - Using open Channel [id: 0x01a43112, L:/127.0.0.1:59679 - R:localhost/127.0.0.1:56434] for POST '/session/67c62347be27af2cccf4d468fa816c06/element'
00:07:13.843 [AsyncHttpClient-1-5] DEBUG org.asynchttpclient.netty.handler.HttpHandler - 

Request DefaultHttpRequest(decodeResult: success, version: HTTP/1.1)
POST /session/67c62347be27af2cccf4d468fa816c06/element HTTP/1.1
User-Agent: selenium/4.1.2 (java mac)
Content-Length: 129
Content-Type: application/json; charset=utf-8
host: localhost:56434
accept: */*

Response DefaultHttpResponse(decodeResult: success, version: HTTP/1.1)
HTTP/1.1 200 OK
Content-Type: application/json; charset=utf-8
cache-control: no-cache
content-length: 88

00:07:13.844 [AsyncHttpClient-1-5] DEBUG org.asynchttpclient.netty.channel.ChannelManager - Adding key: http://localhost:56434 for channel [id: 0x01a43112, L:/127.0.0.1:59679 - R:localhost/127.0.0.1:56434]
00:07:13.846 [Forwarding isElementDisplayed on session 67c62347be27af2cccf4d468fa816c06 to remote] DEBUG org.asynchttpclient.netty.request.NettyRequestSender - Using pooled Channel '[id: 0x01a43112, L:/127.0.0.1:59679 - R:localhost/127.0.0.1:56434]' for 'POST' to 'http://localhost:56434/session/67c62347be27af2cccf4d468fa816c06/execute/sync'
00:07:13.846 [Forwarding isElementDisplayed on session 67c62347be27af2cccf4d468fa816c06 to remote] DEBUG org.asynchttpclient.netty.request.NettyRequestSender - Using open Channel [id: 0x01a43112, L:/127.0.0.1:59679 - R:localhost/127.0.0.1:56434] for POST '/session/67c62347be27af2cccf4d468fa816c06/execute/sync'
00:07:13.854 [AsyncHttpClient-1-5] DEBUG org.asynchttpclient.netty.handler.HttpHandler - 

Request DefaultHttpRequest(decodeResult: success, version: HTTP/1.1)
POST /session/67c62347be27af2cccf4d468fa816c06/execute/sync HTTP/1.1
User-Agent: selenium/4.1.2 (java mac)
Content-Length: 48780
Content-Type: application/json; charset=utf-8
host: localhost:56434
accept: */*

Response DefaultHttpResponse(decodeResult: success, version: HTTP/1.1)
HTTP/1.1 200 OK
Content-Type: application/json; charset=utf-8
cache-control: no-cache
content-length: 14

00:07:13.855 [AsyncHttpClient-1-5] DEBUG org.asynchttpclient.netty.channel.ChannelManager - Adding key: http://localhost:56434 for channel [id: 0x01a43112, L:/127.0.0.1:59679 - R:localhost/127.0.0.1:56434]
00:07:13.859 [Forwarding isElementDisplayed on session 67c62347be27af2cccf4d468fa816c06 to remote] DEBUG org.asynchttpclient.netty.request.NettyRequestSender - Using pooled Channel '[id: 0x01a43112, L:/127.0.0.1:59679 - R:localhost/127.0.0.1:56434]' for 'POST' to 'http://localhost:56434/session/67c62347be27af2cccf4d468fa816c06/execute/sync'
00:07:13.859 [Forwarding isElementDisplayed on session 67c62347be27af2cccf4d468fa816c06 to remote] DEBUG org.asynchttpclient.netty.request.NettyRequestSender - Using open Channel [id: 0x01a43112, L:/127.0.0.1:59679 - R:localhost/127.0.0.1:56434] for POST '/session/67c62347be27af2cccf4d468fa816c06/execute/sync'
00:07:13.865 [AsyncHttpClient-1-5] DEBUG org.asynchttpclient.netty.handler.HttpHandler - 

Request DefaultHttpRequest(decodeResult: success, version: HTTP/1.1)
POST /session/67c62347be27af2cccf4d468fa816c06/execute/sync HTTP/1.1
User-Agent: selenium/4.1.2 (java mac)
Content-Length: 48780
Content-Type: application/json; charset=utf-8
host: localhost:56434
accept: */*

Response DefaultHttpResponse(decodeResult: success, version: HTTP/1.1)
HTTP/1.1 200 OK
Content-Type: application/json; charset=utf-8
cache-control: no-cache
content-length: 14

00:07:13.865 [AsyncHttpClient-1-5] DEBUG org.asynchttpclient.netty.channel.ChannelManager - Adding key: http://localhost:56434 for channel [id: 0x01a43112, L:/127.0.0.1:59679 - R:localhost/127.0.0.1:56434]
00:07:13.868 [Forwarding isElementDisplayed on session 67c62347be27af2cccf4d468fa816c06 to remote] DEBUG org.asynchttpclient.netty.request.NettyRequestSender - Using pooled Channel '[id: 0x01a43112, L:/127.0.0.1:59679 - R:localhost/127.0.0.1:56434]' for 'POST' to 'http://localhost:56434/session/67c62347be27af2cccf4d468fa816c06/execute/sync'
00:07:13.868 [Forwarding isElementDisplayed on session 67c62347be27af2cccf4d468fa816c06 to remote] DEBUG org.asynchttpclient.netty.request.NettyRequestSender - Using open Channel [id: 0x01a43112, L:/127.0.0.1:59679 - R:localhost/127.0.0.1:56434] for POST '/session/67c62347be27af2cccf4d468fa816c06/execute/sync'
00:07:13.908 [AsyncHttpClient-1-5] DEBUG org.asynchttpclient.netty.handler.HttpHandler - 

Request DefaultHttpRequest(decodeResult: success, version: HTTP/1.1)
POST /session/67c62347be27af2cccf4d468fa816c06/execute/sync HTTP/1.1
User-Agent: selenium/4.1.2 (java mac)
Content-Length: 48780
Content-Type: application/json; charset=utf-8
host: localhost:56434
accept: */*

Response DefaultHttpResponse(decodeResult: success, version: HTTP/1.1)
HTTP/1.1 200 OK
Content-Type: application/json; charset=utf-8
cache-control: no-cache
content-length: 14

00:07:13.908 [AsyncHttpClient-1-5] DEBUG org.asynchttpclient.netty.channel.ChannelManager - Adding key: http://localhost:56434 for channel [id: 0x01a43112, L:/127.0.0.1:59679 - R:localhost/127.0.0.1:56434]
00:07:13.911 [Forwarding getElementAttribute on session 67c62347be27af2cccf4d468fa816c06 to remote] DEBUG org.asynchttpclient.netty.request.NettyRequestSender - Using pooled Channel '[id: 0x01a43112, L:/127.0.0.1:59679 - R:localhost/127.0.0.1:56434]' for 'POST' to 'http://localhost:56434/session/67c62347be27af2cccf4d468fa816c06/execute/sync'
00:07:13.911 [Forwarding getElementAttribute on session 67c62347be27af2cccf4d468fa816c06 to remote] DEBUG org.asynchttpclient.netty.request.NettyRequestSender - Using open Channel [id: 0x01a43112, L:/127.0.0.1:59679 - R:localhost/127.0.0.1:56434] for POST '/session/67c62347be27af2cccf4d468fa816c06/execute/sync'
00:07:13.917 [AsyncHttpClient-1-5] DEBUG org.asynchttpclient.netty.handler.HttpHandler - 

Request DefaultHttpRequest(decodeResult: success, version: HTTP/1.1)
POST /session/67c62347be27af2cccf4d468fa816c06/execute/sync HTTP/1.1
User-Agent: selenium/4.1.2 (java mac)
Content-Length: 47340
Content-Type: application/json; charset=utf-8
host: localhost:56434
accept: */*

Response DefaultHttpResponse(decodeResult: success, version: HTTP/1.1)
HTTP/1.1 200 OK
Content-Type: application/json; charset=utf-8
cache-control: no-cache
content-length: 14

00:07:13.917 [AsyncHttpClient-1-5] DEBUG org.asynchttpclient.netty.channel.ChannelManager - Adding key: http://localhost:56434 for channel [id: 0x01a43112, L:/127.0.0.1:59679 - R:localhost/127.0.0.1:56434]
00:07:13.918 [Forwarding getElementText on session 67c62347be27af2cccf4d468fa816c06 to remote] DEBUG org.asynchttpclient.netty.request.NettyRequestSender - Using pooled Channel '[id: 0x01a43112, L:/127.0.0.1:59679 - R:localhost/127.0.0.1:56434]' for 'GET' to 'http://localhost:56434/session/67c62347be27af2cccf4d468fa816c06/element/4da09d80-fec4-40ed-abdf-7cc5ac2a5ea3/text'
00:07:13.918 [Forwarding getElementText on session 67c62347be27af2cccf4d468fa816c06 to remote] DEBUG org.asynchttpclient.netty.request.NettyRequestSender - Using open Channel [id: 0x01a43112, L:/127.0.0.1:59679 - R:localhost/127.0.0.1:56434] for GET '/session/67c62347be27af2cccf4d468fa816c06/element/4da09d80-fec4-40ed-abdf-7cc5ac2a5ea3/text'
00:07:13.927 [AsyncHttpClient-1-5] DEBUG org.asynchttpclient.netty.handler.HttpHandler - 

Request DefaultFullHttpRequest(decodeResult: success, version: HTTP/1.1, content: EmptyByteBufBE)
GET /session/67c62347be27af2cccf4d468fa816c06/element/4da09d80-fec4-40ed-abdf-7cc5ac2a5ea3/text HTTP/1.1
User-Agent: selenium/4.1.2 (java mac)
Cache-Control: no-cache
Content-Type: application/json; charset=utf-8
host: localhost:56434
accept: */*

Response DefaultHttpResponse(decodeResult: success, version: HTTP/1.1)
HTTP/1.1 200 OK
Content-Type: application/json; charset=utf-8
cache-control: no-cache
content-length: 15

00:07:13.927 [AsyncHttpClient-1-5] DEBUG org.asynchttpclient.netty.channel.ChannelManager - Adding key: http://localhost:56434 for channel [id: 0x01a43112, L:/127.0.0.1:59679 - R:localhost/127.0.0.1:56434]
00:07:13.928 [Forwarding getElementText on session 67c62347be27af2cccf4d468fa816c06 to remote] DEBUG org.asynchttpclient.netty.request.NettyRequestSender - Using pooled Channel '[id: 0x01a43112, L:/127.0.0.1:59679 - R:localhost/127.0.0.1:56434]' for 'GET' to 'http://localhost:56434/session/67c62347be27af2cccf4d468fa816c06/element/4da09d80-fec4-40ed-abdf-7cc5ac2a5ea3/text'
00:07:13.928 [Forwarding getElementText on session 67c62347be27af2cccf4d468fa816c06 to remote] DEBUG org.asynchttpclient.netty.request.NettyRequestSender - Using open Channel [id: 0x01a43112, L:/127.0.0.1:59679 - R:localhost/127.0.0.1:56434] for GET '/session/67c62347be27af2cccf4d468fa816c06/element/4da09d80-fec4-40ed-abdf-7cc5ac2a5ea3/text'
00:07:13.933 [AsyncHttpClient-1-5] DEBUG org.asynchttpclient.netty.handler.HttpHandler - 

Request DefaultFullHttpRequest(decodeResult: success, version: HTTP/1.1, content: EmptyByteBufBE)
GET /session/67c62347be27af2cccf4d468fa816c06/element/4da09d80-fec4-40ed-abdf-7cc5ac2a5ea3/text HTTP/1.1
User-Agent: selenium/4.1.2 (java mac)
Cache-Control: no-cache
Content-Type: application/json; charset=utf-8
host: localhost:56434
accept: */*

Response DefaultHttpResponse(decodeResult: success, version: HTTP/1.1)
HTTP/1.1 200 OK
Content-Type: application/json; charset=utf-8
cache-control: no-cache
content-length: 15

00:07:13.933 [AsyncHttpClient-1-5] DEBUG org.asynchttpclient.netty.channel.ChannelManager - Adding key: http://localhost:56434 for channel [id: 0x01a43112, L:/127.0.0.1:59679 - R:localhost/127.0.0.1:56434]
00:07:13.937 [Forwarding screenshot on session 67c62347be27af2cccf4d468fa816c06 to remote] DEBUG org.asynchttpclient.netty.request.NettyRequestSender - Using pooled Channel '[id: 0x01a43112, L:/127.0.0.1:59679 - R:localhost/127.0.0.1:56434]' for 'GET' to 'http://localhost:56434/session/67c62347be27af2cccf4d468fa816c06/screenshot'
00:07:13.937 [Forwarding screenshot on session 67c62347be27af2cccf4d468fa816c06 to remote] DEBUG org.asynchttpclient.netty.request.NettyRequestSender - Using open Channel [id: 0x01a43112, L:/127.0.0.1:59679 - R:localhost/127.0.0.1:56434] for GET '/session/67c62347be27af2cccf4d468fa816c06/screenshot'
00:07:13.984 [AsyncHttpClient-1-1] DEBUG org.asynchttpclient.netty.channel.DefaultChannelPool - Entry count for : http://localhost:59680 : 1
00:07:14.082 [AsyncHttpClient-1-5] DEBUG org.asynchttpclient.netty.handler.HttpHandler - 

Request DefaultFullHttpRequest(decodeResult: success, version: HTTP/1.1, content: EmptyByteBufBE)
GET /session/67c62347be27af2cccf4d468fa816c06/screenshot HTTP/1.1
User-Agent: selenium/4.1.2 (java mac)
Cache-Control: no-cache
Content-Type: application/json; charset=utf-8
host: localhost:56434
accept: */*

Response DefaultHttpResponse(decodeResult: success, version: HTTP/1.1)
HTTP/1.1 200 OK
Content-Type: application/json; charset=utf-8
cache-control: no-cache
content-length: 69664

00:07:14.082 [AsyncHttpClient-1-5] DEBUG org.asynchttpclient.netty.channel.ChannelManager - Adding key: http://localhost:56434 for channel [id: 0x01a43112, L:/127.0.0.1:59679 - R:localhost/127.0.0.1:56434]
00:07:14.085 [main] DEBUG net.serenitybdd.core.photography.Darkroom - Send negative for processing for target/site/serenity/a41b10b79bfdd0ff2a16f299c21f666b00a90d0aac3580d535244f3bb932324e.png
00:07:14.085 [Darkroom Processing Line] DEBUG net.serenitybdd.core.photography.DarkroomProcessingLine - Processing screenshot image in /var/screenshots/screenshot-4252121259394637386
00:07:14.085 [main] DEBUG net.thucydides.core.steps.StepInterceptor - STEP DONE: scoreOnPage
00:07:14.085 [Darkroom Processing Line] DEBUG net.serenitybdd.core.photography.DarkroomProcessingLine - Saving screenshot to target/site/serenity/a41b10b79bfdd0ff2a16f299c21f666b00a90d0aac3580d535244f3bb932324e.png
  &amp#27;[32mThen &amp#27;[0m&amp#27;[32mverify that score in leaderboard is correct&amp#27;[0m                                           &amp#27;[90m# starter.stepdefinitions.Challenges.verify_that_score_in_leaderboard_is_correct()&amp#27;[0m
00:07:14.091 [main] INFO  - 
  _____   ___   ___   _____     ___     _     ___   ___   ___   ___  
 |_   _| | __| / __| |_   _|   | _ \   /_\   / __| / __| | __| |   \ 
   | |   | _|  \__ \   | |     |  _/  / _ \  \__ \ \__ \ | _|  | |) |
   |_|   |___| |___/   |_|     |_|   /_/ \_\ |___/ |___/ |___| |___/ 

Login into application to complete some challenges and verify score in leaderboard
----------------------------------------------------------------------
00:07:14.094 [Driver Command Executor] DEBUG org.asynchttpclient.netty.request.NettyRequestSender - Using pooled Channel '[id: 0x01a43112, L:/127.0.0.1:59679 - R:localhost/127.0.0.1:56434]' for 'DELETE' to 'http://localhost:56434/session/67c62347be27af2cccf4d468fa816c06'
00:07:14.095 [Driver Command Executor] DEBUG org.asynchttpclient.netty.request.NettyRequestSender - Using open Channel [id: 0x01a43112, L:/127.0.0.1:59679 - R:localhost/127.0.0.1:56434] for DELETE '/session/67c62347be27af2cccf4d468fa816c06'
00:07:14.103 [AsyncHttpClient-1-7] DEBUG org.asynchttpclient.netty.handler.WebSocketHandler - Channel Closed: [id: 0x5a4b61ce, L:/127.0.0.1:59686 ! R:localhost/127.0.0.1:59680] with attribute NettyResponseFuture{currentRetry=5,
	isDone=1,
	isCancelled=0,
	asyncHandler=org.asynchttpclient.ws.WebSocketUpgradeHandler@6aec0bd6,
	nettyRequest=org.asynchttpclient.netty.request.NettyRequest@2fee98ef,
	future=java.util.concurrent.CompletableFuture@6c3ccce4[Completed normally],
	uri=ws://localhost:59680/devtools/browser/f06f2e22-f290-4db6-a436-1e33873dd4cb,
	keepAlive=true,
	redirectCount=0,
	timeoutsHolder=null,
	inAuth=0,
	touch=1653228412644}
00:07:14.112 [AsyncHttpClient-1-7] DEBUG org.asynchttpclient.netty.channel.ChannelManager - Closing Channel [id: 0x5a4b61ce, L:/127.0.0.1:59686 ! R:localhost/127.0.0.1:59680] 
00:07:14.115 [AsyncHttpClient-1-6] DEBUG org.asynchttpclient.netty.handler.HttpHandler - Channel Closed: [id: 0x8b872455, L:/127.0.0.1:59685 ! R:localhost/127.0.0.1:59680] with attribute DISCARD
00:07:14.149 [AsyncHttpClient-1-5] DEBUG org.asynchttpclient.netty.handler.HttpHandler - 

Request DefaultFullHttpRequest(decodeResult: success, version: HTTP/1.1, content: EmptyByteBufBE)
DELETE /session/67c62347be27af2cccf4d468fa816c06 HTTP/1.1
User-Agent: selenium/4.1.2 (java mac)
Content-Type: application/json; charset=utf-8
host: localhost:56434
accept: */*

Response DefaultHttpResponse(decodeResult: success, version: HTTP/1.1)
HTTP/1.1 200 OK
Content-Type: application/json; charset=utf-8
cache-control: no-cache
content-length: 14

00:07:14.149 [AsyncHttpClient-1-5] DEBUG org.asynchttpclient.netty.channel.ChannelManager - Adding key: http://localhost:56434 for channel [id: 0x01a43112, L:/127.0.0.1:59679 - R:localhost/127.0.0.1:56434]
00:07:14.187 [AsyncHttpClient-1-5] DEBUG org.asynchttpclient.netty.handler.HttpHandler - Channel Closed: [id: 0x01a43112, L:/127.0.0.1:59679 ! R:localhost/127.0.0.1:56434] with attribute DISCARD
00:07:15.085 [AsyncHttpClient-1-1] DEBUG org.asynchttpclient.netty.channel.DefaultChannelPool - Entry count for : http://localhost:59680 : 1
00:07:15.085 [AsyncHttpClient-1-1] DEBUG org.asynchttpclient.netty.channel.DefaultChannelPool - Entry count for : http://localhost:56434 : 1
00:07:15.086 [AsyncHttpClient-1-1] DEBUG org.asynchttpclient.netty.channel.DefaultChannelPool - Adding Candidate expired Channel [id: 0x8b872455, L:/127.0.0.1:59685 ! R:localhost/127.0.0.1:59680] isIdleTimeoutExpired=false isRemotelyClosed=true isTtlExpired=false
00:07:15.086 [AsyncHttpClient-1-1] DEBUG org.asynchttpclient.netty.channel.DefaultChannelPool - Closing Idle Channel [id: 0x8b872455, L:/127.0.0.1:59685 ! R:localhost/127.0.0.1:59680]
00:07:15.086 [AsyncHttpClient-1-1] DEBUG org.asynchttpclient.netty.channel.DefaultChannelPool - Adding Candidate expired Channel [id: 0x01a43112, L:/127.0.0.1:59679 ! R:localhost/127.0.0.1:56434] isIdleTimeoutExpired=false isRemotelyClosed=true isTtlExpired=false
00:07:15.086 [AsyncHttpClient-1-1] DEBUG org.asynchttpclient.netty.channel.DefaultChannelPool - Closing Idle Channel [id: 0x01a43112, L:/127.0.0.1:59679 ! R:localhost/127.0.0.1:56434]
00:07:15.087 [AsyncHttpClient-1-1] DEBUG org.asynchttpclient.netty.channel.DefaultChannelPool - Closed 2 connections out of 2 in 2 ms
]]></system-out>
    <system-err><![CDATA[Starting ChromeDriver 101.0.4951.41 (93c720db8323b3ec10d056025ab95c23a31997c9-refs/branch-heads/4951@{#904}) on port 56434
Only local connections are allowed.
Please see https://chromedriver.chromium.org/security-considerations for suggestions on keeping ChromeDriver safe.
ChromeDriver was started successfully.
May 23, 2022 12:06:52 AM org.openqa.selenium.remote.ProtocolHandshake createSession
INFO: Detected dialect: W3C
May 23, 2022 12:06:52 AM org.openqa.selenium.devtools.CdpVersionFinder findNearestMatch
WARNING: Unable to find an exact match for CDP version 101, so returning the closest version found: 97
May 23, 2022 12:06:52 AM org.openqa.selenium.devtools.CdpVersionFinder findNearestMatch
INFO: Found CDP implementation for version 101 of 97
]]></system-err>
  </testcase>
</testsuite>