<?xml version="1.0" encoding="UTF-8"?>
<testsuite xmlns:xsi="http://www.w3.org/2001/XMLSchema-instance" xsi:noNamespaceSchemaLocation="https://maven.apache.org/surefire/maven-failsafe-plugin/xsd/failsafe-test-report-3.0.xsd" version="3.0" name="starter.TestSuite" time="63.533" tests="2" errors="0" skipped="0" failures="0">
  <properties>
[...]
</properties>
  <testcase name="Create a user so that he can login into COVID THE GAME application" classname="User Creation, complete some challenges and check the leaderboard" time="33.52">
    <system-out><![CDATA[15:13:32.966 [main] INFO io.cucumber.core.plugin.SerenityReporter - Running feature from file:///Users/deepapandey/eclipse-workspace/web/src/test/resources/features/covid19.feature
15:13:33.138 [main] INFO  - 

-------------------------------------------------------------------------------------
     _______. _______ .______       _______ .__   __.  __  .___________.____    ____ 
    /       ||   ____||   _  \     |   ____||  \ |  | |  | |           |\   \  /   / 
   |   (----`|  |__   |  |_)  |    |  |__   |   \|  | |  | `---|  |----` \   \/   /  
    \   \    |   __|  |      /     |   __|  |  . `  | |  |     |  |       \_    _/   
.----)   |   |  |____ |  |\  \----.|  |____ |  |\   | |  |     |  |         |  |     
|_______/    |_______|| _| `._____||_______||__| \__| |__|     |__|         |__|    
                                                                                     
 News and tutorials at http://www.serenity-bdd.info                                  
 Documentation at https://wakaleo.gitbooks.io/the-serenity-book/content/             
 Join the Serenity Community on Gitter: https://gitter.im/serenity-bdd/serenity-core 
 Serenity BDD Support and Training at http://serenity-bdd.info/#/trainingandsupport  
-------------------------------------------------------------------------------------

15:13:33.141 [main] DEBUG net.thucydides.core.steps.StepEventBus - Test suite started for story net.thucydides.core.model.Story@21cfa2c6
15:13:33.144 [main] INFO  - Test Suite Started: User Creation, complete some challenges and check the leaderboard
15:13:33.155 [main] INFO io.cucumber.core.plugin.SerenityReporter - Running feature from file:///Users/deepapandey/eclipse-workspace/web/src/test/resources/features/covid19.feature
15:13:33.159 [main] DEBUG net.thucydides.core.steps.StepEventBus - Test suite started for story net.thucydides.core.model.Story@21cfa2c6
15:13:33.160 [main] INFO  - Test Suite Started: User Creation, complete some challenges and check the leaderboard

@RegressionTest
Scenario: Create a user so that he can login into COVID THE GAME application                   &amp#27;[90m# src/test/resources/features/covid19.feature:3&amp#27;[0m
15:13:33.232 [main] INFO io.cucumber.core.plugin.SerenityReporter - Running feature from file:///Users/deepapandey/eclipse-workspace/web/src/test/resources/features/covid19.feature
15:13:33.331 [main] INFO  - 
  _____   ___   ___   _____     ___   _____     _     ___   _____   ___   ___  
 |_   _| | __| / __| |_   _|   / __| |_   _|   /_\   | _ \ |_   _| | __| |   \ 
   | |   | _|  \__ \   | |     \__ \   | |    / _ \  |   /   | |   | _|  | |) |
   |_|   |___| |___/   |_|     |___/   |_|   /_/ \_\ |_|_\   |_|   |___| |___/ 

Create a user so that he can login into COVID THE GAME application(user-creation--complete-some-challenges-and-check-the-leaderboard;create-a-user-so-that-he-can-login-into-covid-the-game-application)
--------------------------------------------------------------------------------
15:13:33.833 [main] DEBUG net.thucydides.core.steps.StepInterceptor - STARTING STEP: UserCreation.user_is_on_home_page_of_covid_application - openApplication
15:13:33.864 [main] INFO net.serenitybdd.core.webdriver.driverproviders.ChromeDriverProvider - Using automatically driver download
15:13:34.711 [main] DEBUG io.github.bonigarcia.wdm.cache.ResolutionCache - Removing resolution chrome=101 from cache (expired on Sat May 21 15:09:11 AEST 2022)
15:13:34.764 [main] DEBUG org.apache.hc.client5.http.impl.classic.InternalHttpClient - ex-00000001: preparing request execution
15:13:34.766 [main] DEBUG org.apache.hc.client5.http.protocol.RequestAddCookies - Cookie spec selected: strict
15:13:34.768 [main] DEBUG org.apache.hc.client5.http.protocol.RequestAuthCache - Auth cache not set in the context
15:13:34.768 [main] DEBUG org.apache.hc.client5.http.impl.classic.ProtocolExec - ex-00000001: target auth state: UNCHALLENGED
15:13:34.769 [main] DEBUG org.apache.hc.client5.http.impl.classic.ProtocolExec - ex-00000001: proxy auth state: UNCHALLENGED
15:13:34.769 [main] DEBUG org.apache.hc.client5.http.impl.classic.ConnectExec - ex-00000001: acquiring connection with route {s}->https://raw.githubusercontent.com:443
15:13:34.769 [main] DEBUG org.apache.hc.client5.http.impl.classic.InternalHttpClient - ex-00000001: acquiring endpoint (3 MINUTES)
15:13:34.770 [main] DEBUG org.apache.hc.client5.http.impl.io.PoolingHttpClientConnectionManager - ex-00000001: endpoint lease request (3 MINUTES) [route: {s}->https://raw.githubusercontent.com:443][total available: 0; route allocated: 0 of 5; total allocated: 0 of 25]
15:13:34.774 [main] DEBUG org.apache.hc.client5.http.impl.io.PoolingHttpClientConnectionManager - ex-00000001: endpoint leased [route: {s}->https://raw.githubusercontent.com:443][total available: 0; route allocated: 1 of 5; total allocated: 1 of 25]
15:13:34.779 [main] DEBUG org.apache.hc.client5.http.impl.io.PoolingHttpClientConnectionManager - ex-00000001: acquired ep-00000000
15:13:34.779 [main] DEBUG org.apache.hc.client5.http.impl.classic.InternalHttpClient - ex-00000001: acquired endpoint ep-00000000
15:13:34.779 [main] DEBUG org.apache.hc.client5.http.impl.classic.ConnectExec - ex-00000001: opening connection {s}->https://raw.githubusercontent.com:443
15:13:34.780 [main] DEBUG org.apache.hc.client5.http.impl.classic.InternalHttpClient - ep-00000000: connecting endpoint (30 SECONDS)
15:13:34.780 [main] DEBUG org.apache.hc.client5.http.impl.io.PoolingHttpClientConnectionManager - ep-00000000: connecting endpoint to https://raw.githubusercontent.com:443 (30 SECONDS)
15:13:34.853 [main] DEBUG org.apache.hc.client5.http.impl.io.DefaultHttpClientConnectionOperator - http-outgoing-0: connecting to raw.githubusercontent.com/185.199.111.133:443
15:13:34.854 [main] DEBUG org.apache.hc.client5.http.ssl.SSLConnectionSocketFactory - Connecting socket to raw.githubusercontent.com/185.199.111.133:443 with timeout 30 SECONDS
15:13:34.927 [main] DEBUG org.apache.hc.client5.http.ssl.SSLConnectionSocketFactory - Enabled protocols: [TLSv1.3, TLSv1.2]
15:13:34.928 [main] DEBUG org.apache.hc.client5.http.ssl.SSLConnectionSocketFactory - Enabled cipher suites: [TLS_AES_256_GCM_SHA384, TLS_AES_128_GCM_SHA256, TLS_CHACHA20_POLY1305_SHA256, TLS_ECDHE_ECDSA_WITH_AES_256_GCM_SHA384, TLS_ECDHE_ECDSA_WITH_AES_128_GCM_SHA256, TLS_ECDHE_ECDSA_WITH_CHACHA20_POLY1305_SHA256, TLS_ECDHE_RSA_WITH_AES_256_GCM_SHA384, TLS_ECDHE_RSA_WITH_CHACHA20_POLY1305_SHA256, TLS_ECDHE_RSA_WITH_AES_128_GCM_SHA256, TLS_DHE_RSA_WITH_AES_256_GCM_SHA384, TLS_DHE_RSA_WITH_CHACHA20_POLY1305_SHA256, TLS_DHE_DSS_WITH_AES_256_GCM_SHA384, TLS_DHE_RSA_WITH_AES_128_GCM_SHA256, TLS_DHE_DSS_WITH_AES_128_GCM_SHA256, TLS_ECDHE_ECDSA_WITH_AES_256_CBC_SHA384, TLS_ECDHE_RSA_WITH_AES_256_CBC_SHA384, TLS_ECDHE_ECDSA_WITH_AES_128_CBC_SHA256, TLS_ECDHE_RSA_WITH_AES_128_CBC_SHA256, TLS_DHE_RSA_WITH_AES_256_CBC_SHA256, TLS_DHE_DSS_WITH_AES_256_CBC_SHA256, TLS_DHE_RSA_WITH_AES_128_CBC_SHA256, TLS_DHE_DSS_WITH_AES_128_CBC_SHA256, TLS_ECDH_ECDSA_WITH_AES_256_GCM_SHA384, TLS_ECDH_RSA_WITH_AES_256_GCM_SHA384, TLS_ECDH_ECDSA_WITH_AES_128_GCM_SHA256, TLS_ECDH_RSA_WITH_AES_128_GCM_SHA256, TLS_ECDH_ECDSA_WITH_AES_256_CBC_SHA384, TLS_ECDH_RSA_WITH_AES_256_CBC_SHA384, TLS_ECDH_ECDSA_WITH_AES_128_CBC_SHA256, TLS_ECDH_RSA_WITH_AES_128_CBC_SHA256, TLS_ECDHE_ECDSA_WITH_AES_256_CBC_SHA, TLS_ECDHE_RSA_WITH_AES_256_CBC_SHA, TLS_ECDHE_ECDSA_WITH_AES_128_CBC_SHA, TLS_ECDHE_RSA_WITH_AES_128_CBC_SHA, TLS_DHE_RSA_WITH_AES_256_CBC_SHA, TLS_DHE_DSS_WITH_AES_256_CBC_SHA, TLS_DHE_RSA_WITH_AES_128_CBC_SHA, TLS_DHE_DSS_WITH_AES_128_CBC_SHA, TLS_ECDH_ECDSA_WITH_AES_256_CBC_SHA, TLS_ECDH_RSA_WITH_AES_256_CBC_SHA, TLS_ECDH_ECDSA_WITH_AES_128_CBC_SHA, TLS_ECDH_RSA_WITH_AES_128_CBC_SHA, TLS_RSA_WITH_AES_256_GCM_SHA384, TLS_RSA_WITH_AES_128_GCM_SHA256, TLS_RSA_WITH_AES_256_CBC_SHA256, TLS_RSA_WITH_AES_128_CBC_SHA256, TLS_RSA_WITH_AES_256_CBC_SHA, TLS_RSA_WITH_AES_128_CBC_SHA, TLS_EMPTY_RENEGOTIATION_INFO_SCSV]
15:13:34.928 [main] DEBUG org.apache.hc.client5.http.ssl.SSLConnectionSocketFactory - Starting handshake
15:13:35.052 [main] DEBUG org.apache.hc.client5.http.ssl.SSLConnectionSocketFactory - Secure session established
15:13:35.053 [main] DEBUG org.apache.hc.client5.http.ssl.SSLConnectionSocketFactory -  negotiated protocol: TLSv1.3
15:13:35.053 [main] DEBUG org.apache.hc.client5.http.ssl.SSLConnectionSocketFactory -  negotiated cipher suite: TLS_AES_256_GCM_SHA384
15:13:35.054 [main] DEBUG org.apache.hc.client5.http.ssl.SSLConnectionSocketFactory -  peer principal: CN=*.github.io, O="GitHub, Inc.", L=San Francisco, ST=California, C=US
15:13:35.056 [main] DEBUG org.apache.hc.client5.http.ssl.SSLConnectionSocketFactory -  peer alternative names: [*.github.io, github.com, *.github.com, www.github.com, github.io, githubusercontent.com, *.githubusercontent.com]
15:13:35.056 [main] DEBUG org.apache.hc.client5.http.ssl.SSLConnectionSocketFactory -  issuer principal: CN=DigiCert TLS RSA SHA256 2020 CA1, O=DigiCert Inc, C=US
15:13:35.057 [main] DEBUG org.apache.hc.client5.http.impl.io.DefaultHttpClientConnectionOperator - http-outgoing-0: connection established 192.168.1.100:50731<->185.199.111.133:443
15:13:35.059 [main] DEBUG org.apache.hc.client5.http.impl.io.PoolingHttpClientConnectionManager - ep-00000000: connected http-outgoing-0
15:13:35.059 [main] DEBUG org.apache.hc.client5.http.impl.classic.InternalHttpClient - ep-00000000: endpoint connected
15:13:35.059 [main] DEBUG org.apache.hc.client5.http.impl.classic.MainClientExec - ex-00000001: executing GET /bonigarcia/webdrivermanager/master/src/main/resources/commands.properties HTTP/1.1
15:13:35.059 [main] DEBUG org.apache.hc.client5.http.impl.classic.InternalHttpClient - ep-00000000: start execution ex-00000001
15:13:35.059 [main] DEBUG org.apache.hc.client5.http.impl.io.PoolingHttpClientConnectionManager - ep-00000000: executing exchange ex-00000001 over http-outgoing-0
15:13:35.060 [main] DEBUG org.apache.hc.client5.http.headers - http-outgoing-0 >> GET /bonigarcia/webdrivermanager/master/src/main/resources/commands.properties HTTP/1.1
15:13:35.060 [main] DEBUG org.apache.hc.client5.http.headers - http-outgoing-0 >> user-agent: Apache-HttpClient/5.0
15:13:35.060 [main] DEBUG org.apache.hc.client5.http.headers - http-outgoing-0 >> accept-encoding: gzip, deflate, br
15:13:35.060 [main] DEBUG org.apache.hc.client5.http.headers - http-outgoing-0 >> cache-control: max-age=0
15:13:35.060 [main] DEBUG org.apache.hc.client5.http.headers - http-outgoing-0 >> connection: keep-alive
15:13:35.060 [main] DEBUG org.apache.hc.client5.http.headers - http-outgoing-0 >> Host: raw.githubusercontent.com
15:13:35.060 [main] DEBUG org.apache.hc.client5.http.wire - http-outgoing-0 >> "GET /bonigarcia/webdrivermanager/master/src/main/resources/commands.properties HTTP/1.1[\r][\n]"
15:13:35.061 [main] DEBUG org.apache.hc.client5.http.wire - http-outgoing-0 >> "user-agent: Apache-HttpClient/5.0[\r][\n]"
15:13:35.061 [main] DEBUG org.apache.hc.client5.http.wire - http-outgoing-0 >> "accept-encoding: gzip, deflate, br[\r][\n]"
15:13:35.061 [main] DEBUG org.apache.hc.client5.http.wire - http-outgoing-0 >> "cache-control: max-age=0[\r][\n]"
15:13:35.061 [main] DEBUG org.apache.hc.client5.http.wire - http-outgoing-0 >> "connection: keep-alive[\r][\n]"
15:13:35.061 [main] DEBUG org.apache.hc.client5.http.wire - http-outgoing-0 >> "Host: raw.githubusercontent.com[\r][\n]"
15:13:35.061 [main] DEBUG org.apache.hc.client5.http.wire - http-outgoing-0 >> "[\r][\n]"
15:13:35.273 [main] DEBUG org.apache.hc.client5.http.wire - http-outgoing-0 << "HTTP/1.1 200 OK[\r][\n]"
15:13:35.274 [main] DEBUG org.apache.hc.client5.http.wire - http-outgoing-0 << "Connection: keep-alive[\r][\n]"
15:13:35.274 [main] DEBUG org.apache.hc.client5.http.wire - http-outgoing-0 << "Content-Length: 723[\r][\n]"
15:13:35.275 [main] DEBUG org.apache.hc.client5.http.wire - http-outgoing-0 << "Cache-Control: max-age=300[\r][\n]"
15:13:35.275 [main] DEBUG org.apache.hc.client5.http.wire - http-outgoing-0 << "Content-Security-Policy: default-src 'none'; style-src 'unsafe-inline'; sandbox[\r][\n]"
15:13:35.275 [main] DEBUG org.apache.hc.client5.http.wire - http-outgoing-0 << "Content-Type: text/plain; charset=utf-8[\r][\n]"
15:13:35.275 [main] DEBUG org.apache.hc.client5.http.wire - http-outgoing-0 << "ETag: W/"e82b438271e9e8680c688b0b680efd0bdd22faa6d6f0a32fc1fd8accc486b67e"[\r][\n]"
15:13:35.276 [main] DEBUG org.apache.hc.client5.http.wire - http-outgoing-0 << "Strict-Transport-Security: max-age=31536000[\r][\n]"
15:13:35.276 [main] DEBUG org.apache.hc.client5.http.wire - http-outgoing-0 << "X-Content-Type-Options: nosniff[\r][\n]"
15:13:35.276 [main] DEBUG org.apache.hc.client5.http.wire - http-outgoing-0 << "X-Frame-Options: deny[\r][\n]"
15:13:35.276 [main] DEBUG org.apache.hc.client5.http.wire - http-outgoing-0 << "X-XSS-Protection: 1; mode=block[\r][\n]"
15:13:35.277 [main] DEBUG org.apache.hc.client5.http.wire - http-outgoing-0 << "X-GitHub-Request-Id: 7DC6:7791:175D73:1FF046:6287C347[\r][\n]"
15:13:35.277 [main] DEBUG org.apache.hc.client5.http.wire - http-outgoing-0 << "Content-Encoding: gzip[\r][\n]"
15:13:35.277 [main] DEBUG org.apache.hc.client5.http.wire - http-outgoing-0 << "Accept-Ranges: bytes[\r][\n]"
15:13:35.277 [main] DEBUG org.apache.hc.client5.http.wire - http-outgoing-0 << "Date: Sat, 21 May 2022 05:13:35 GMT[\r][\n]"
15:13:35.277 [main] DEBUG org.apache.hc.client5.http.wire - http-outgoing-0 << "Via: 1.1 varnish[\r][\n]"
15:13:35.277 [main] DEBUG org.apache.hc.client5.http.wire - http-outgoing-0 << "X-Served-By: cache-syd10162-SYD[\r][\n]"
15:13:35.278 [main] DEBUG org.apache.hc.client5.http.wire - http-outgoing-0 << "X-Cache: HIT[\r][\n]"
15:13:35.278 [main] DEBUG org.apache.hc.client5.http.wire - http-outgoing-0 << "X-Cache-Hits: 1[\r][\n]"
15:13:35.278 [main] DEBUG org.apache.hc.client5.http.wire - http-outgoing-0 << "X-Timer: S1653110015.083390,VS0,VE201[\r][\n]"
15:13:35.278 [main] DEBUG org.apache.hc.client5.http.wire - http-outgoing-0 << "Vary: Authorization,Accept-Encoding,Origin[\r][\n]"
15:13:35.278 [main] DEBUG org.apache.hc.client5.http.wire - http-outgoing-0 << "Access-Control-Allow-Origin: *[\r][\n]"
15:13:35.279 [main] DEBUG org.apache.hc.client5.http.wire - http-outgoing-0 << "X-Fastly-Request-ID: c854860031c7367aaeeb2472bdd7bdb982175e23[\r][\n]"
15:13:35.283 [main] DEBUG org.apache.hc.client5.http.wire - http-outgoing-0 << "Expires: Sat, 21 May 2022 05:18:35 GMT[\r][\n]"
15:13:35.284 [main] DEBUG org.apache.hc.client5.http.wire - http-outgoing-0 << "Source-Age: 0[\r][\n]"
15:13:35.284 [main] DEBUG org.apache.hc.client5.http.wire - http-outgoing-0 << "[\r][\n]"
15:13:35.288 [main] DEBUG org.apache.hc.client5.http.headers - http-outgoing-0 << HTTP/1.1 200 OK
15:13:35.288 [main] DEBUG org.apache.hc.client5.http.headers - http-outgoing-0 << Connection: keep-alive
15:13:35.289 [main] DEBUG org.apache.hc.client5.http.headers - http-outgoing-0 << Content-Length: 723
15:13:35.289 [main] DEBUG org.apache.hc.client5.http.headers - http-outgoing-0 << Cache-Control: max-age=300
15:13:35.289 [main] DEBUG org.apache.hc.client5.http.headers - http-outgoing-0 << Content-Security-Policy: default-src 'none'; style-src 'unsafe-inline'; sandbox
15:13:35.289 [main] DEBUG org.apache.hc.client5.http.headers - http-outgoing-0 << Content-Type: text/plain; charset=utf-8
15:13:35.289 [main] DEBUG org.apache.hc.client5.http.headers - http-outgoing-0 << ETag: W/"e82b438271e9e8680c688b0b680efd0bdd22faa6d6f0a32fc1fd8accc486b67e"
15:13:35.289 [main] DEBUG org.apache.hc.client5.http.headers - http-outgoing-0 << Strict-Transport-Security: max-age=31536000
15:13:35.289 [main] DEBUG org.apache.hc.client5.http.headers - http-outgoing-0 << X-Content-Type-Options: nosniff
15:13:35.289 [main] DEBUG org.apache.hc.client5.http.headers - http-outgoing-0 << X-Frame-Options: deny
15:13:35.289 [main] DEBUG org.apache.hc.client5.http.headers - http-outgoing-0 << X-XSS-Protection: 1; mode=block
15:13:35.289 [main] DEBUG org.apache.hc.client5.http.headers - http-outgoing-0 << X-GitHub-Request-Id: 7DC6:7791:175D73:1FF046:6287C347
15:13:35.289 [main] DEBUG org.apache.hc.client5.http.headers - http-outgoing-0 << Content-Encoding: gzip
15:13:35.289 [main] DEBUG org.apache.hc.client5.http.headers - http-outgoing-0 << Accept-Ranges: bytes
15:13:35.289 [main] DEBUG org.apache.hc.client5.http.headers - http-outgoing-0 << Date: Sat, 21 May 2022 05:13:35 GMT
15:13:35.289 [main] DEBUG org.apache.hc.client5.http.headers - http-outgoing-0 << Via: 1.1 varnish
15:13:35.289 [main] DEBUG org.apache.hc.client5.http.headers - http-outgoing-0 << X-Served-By: cache-syd10162-SYD
15:13:35.289 [main] DEBUG org.apache.hc.client5.http.headers - http-outgoing-0 << X-Cache: HIT
15:13:35.289 [main] DEBUG org.apache.hc.client5.http.headers - http-outgoing-0 << X-Cache-Hits: 1
15:13:35.289 [main] DEBUG org.apache.hc.client5.http.headers - http-outgoing-0 << X-Timer: S1653110015.083390,VS0,VE201
15:13:35.289 [main] DEBUG org.apache.hc.client5.http.headers - http-outgoing-0 << Vary: Authorization,Accept-Encoding,Origin
15:13:35.289 [main] DEBUG org.apache.hc.client5.http.headers - http-outgoing-0 << Access-Control-Allow-Origin: *
15:13:35.290 [main] DEBUG org.apache.hc.client5.http.headers - http-outgoing-0 << X-Fastly-Request-ID: c854860031c7367aaeeb2472bdd7bdb982175e23
15:13:35.290 [main] DEBUG org.apache.hc.client5.http.headers - http-outgoing-0 << Expires: Sat, 21 May 2022 05:18:35 GMT
15:13:35.290 [main] DEBUG org.apache.hc.client5.http.headers - http-outgoing-0 << Source-Age: 0
15:13:35.298 [main] DEBUG org.apache.hc.client5.http.impl.classic.MainClientExec - ex-00000001: connection can be kept alive for 3 MINUTES
15:13:35.306 [main] DEBUG org.apache.hc.client5.http.wire - http-outgoing-0 << "[0x1f][0xffffff8b][0x8][0x0][0x0][0x0][0x0][0x0][0x0][0x3][0xffffffb5]V]o[0xffffffda]0[0x14]}[0xffffffe7]W\[0xffffff81]*[0xffffffb5][0x12][0x1f][[M[0xffffffd3]$[0x1e]hF[0xffffffbb]i [0x18][0xffffffb4][0xffffffdd]&[0xfffffff9][0xffffffc5]$7[0xffffffc1]R[0x12]#;[0xffffff94]v[0xffffffbf]~[0xffffffb6][0xfffffff3]1[0xffffff92][0xffffff9a][0xffffffc1][0x1a]x[0xffffffcb][0xffffffb5][0xffffffaf][0xffffffcf]9[0xffffffbe][0xfffffff7]8v[0xb][0x1c][0x1e]E4[0xfffffff6]$x4[0xffffffa1][0xb]*[0xffffffb1][0xffffffd1][0xffffff82][0xfffffffb]%[0xffffff93][0xffffffe0][0xffffffb3][0x10][0xffffffc1][0xffffffe5]qBY,!Y[0xffffffea] KM8,[0x10][0xfffffff0][0x19][0xffffffdd]u[0xffffff82][0x1e][0xffffffb0][0xffffffd8]L[0xffffffcb]%[0xffffff86][0xffffffa1][0xe][0xffffffb8][0xfffffff0]P[0xffffffe8]$[0xf][0x13]t[0x13]3[0xfffffff9][0xffffff84]B2[0xffffffae][0xffffffe6]|@[0xfffffff5][0x1d][0x8][0xffffffc4][0x18][0x16][0xffffff82]o[0xffffffa4][0xffffff9a]P[0xffffff94][0xffffffe7][0xffffffce]R[0xfffffff0][0x8][0xffffffdb]p[0xffffffcb][0x4][0xfffffffa][0xfffffffc][0xffffffb9][\r][0xffffff93][0x15][\n]"
15:13:35.307 [main] DEBUG org.apache.hc.client5.http.wire - http-outgoing-0 << "[0xffffffda][0xffffff86][0xffffffa1][0x17][0xffffffa8]Q3[0xffffffcb][0xffffffd6][0xffffffd1][0xffffff85][0xffffffc6][0xfffffff7][0xffffff98][0xffffffef][0xffffffa3][0xffffffc0]8[0x1][0xffffffae]s[0x12][0x16][0x7] _d[0xffffff82][0xffffff91][0xffffff84][0xfffffff3][0x1f],[0xfffffff6][0x14]j[0x1b]F,^+[0xffffff98]1ua2[0xffffffbf]h([0xffffff8e][0xffffff94][0xffffffa2][0xffffff91]m[0xffffffa3][0xffffffeb][0xffffff9a][0xffffffb0][0xffffffbb]I[0x17]t[0xffffffdf][0xffffffbd][0xffffffef][0xffffffbb][0xffffff91][0xffffffd7]U[0xffffffbb][0xffffff82][0xffffff9e][0x3][0xffffff9b][0xffffff88][0xffffffb9][0xffffffa6]$[0xffffffa6][0xc][0xffffff9b][0xffffffa5][0xffffffe2][0xffffff83][0xffffff98]F[0xffffffd8]o[0xffffff9e]Mg[0xffffff93][0xffffffbb][0xffffffd9]`|[0xfffffffb]u4[0xffffff9c][0x7f]"}B[0xffffffce][0x8][0xffffffb9][0xffffffe3]<[0x8][0xffffff91][0xffffff90][0xffffff94][0xffffff82][0xffffff90][0xffffffc1]j[0x15]2WI[0xffffffe3]1![0x19][0xffffff91]BnB[0xffffff80][0x9]<f[0xffffffb5][0xffffffe8]=[0xffffffd1]p[0xffffffbd][[0xffffffcf][0xffffffe5][0x1b][0xfffffff4][0xffffff9c][0xffffffff][0xfffffffc][0xfffffff8][0xffffffe1][0xffffffe2][0xffffff94][0xffffffa2][0xffffffae][0xe][0x14]5[0xffffff9a]8[0xffffff83][0xffffffd1]`:[0xfffffffd]<[0xffffffb8][0x1f][0xffffff9c]R[0xffffffcf]u[0x7f]6[0xffffffbc][0xffffff83][0xffffffef][0xf][0xffffffc3][0xffffffd9]/[0xfffffff8][0xfffffff2][0xffffffcd]y s[0xffffffee]'[0x1b]*0g[0xffffffcb][0xffffffc8]nF7H][0xffffff83][0xffffff97]{[0xffffffb1]Q[0x5][\r][0xffffffb5]c[0xffffffb4][0xf][0x2][0xffffffb3][0xffffffb4][0xffffff93][0xe]C[0xffffffa7][0xffffffb3]kAD][0xffffff9d][0xffffffde][0xffffffdb][0xffffffda][0xffffff88][0xffffffec][0xffffffa5][0xffffffbc][0xffffff99][0xffffffd9][0xffffffba]t[0xffffffb5][0xffffffea]9[0xffffffea][0x10])[0xffffffb7][0xffffffca][0xffffff9e][0xfffffff2][0xffffffe2]d^N[0xffffffd8]FW[0x16][0xffffffcd][0xffffffdc]_[0x10][0xfffffff9]i|[0x1c][0xffffff93][0xffffff8e][0xfffffff9]o[0x16][0xffffff86]4'!$G[0xffffffdf]W[0xfffffff4]W*j[[0xfffffff3]xR[0xffffffae][0xffffffb6][0xc][0xffffffd0],; #[0xffffffa9][0xffffff92]5[0xffffffb5][0x7][0xffffff9c][0xffffffb5][0xffffffd0][0x7f][0xffffff90][0xffffffc7]jgs[0xfffffffc][0xffffffc2][0xb][0xffffffd9][0x0]t[0xffffff9e]^'Y[0xfffffffb][0xffffff9f][0xffffffb1][0xffffffd8]:[0xffffffbf][0xffffff8d][0xffffffa5][0xffffff9a][0xffffffad][0x7f]m[0x5]&[0xffffffaa][0xffffffa0]^[0xffffff9b][0xffffffcb][0x5]f[0xffffffae][0xffffffe0]RU[0xffffff82][0x10]MS9l[0xffffff91]4t[0xfffffffb][0xffffff8a]][0xffffffd6][0xfffffff4][0xffffff96][0xffffffa6][0xffffff9f]P[0xffffffce][0xffffffd5][0xffffffce][0xffffff93][0xffffffff][0xffffff97][0xffffffcc]p[0xfffffffd][0xfffffff3][0xffffffe8][0x1b][0xffffffcc][0xffffffa2][0xffffffd9]Q[0xffffffbe][0xffffffb2][0xffffffa3][0xffffffc7]m'[0xffffffdf][0xffffffe4][[0xfffffffb]^[0xffffffb0][0xffffff9a][0xffffffbe][0xffffffda][0xffffffda]_[0xffffffce][0xffffff80][0xffffffd2][0xffffffc1]7[0xffffffb7]][0xffffffc1]b[0xffffffee][0xffffffb5][0xffffffff]w[0xffffff83][0xffffffed][0xffffffa7];[0x15]<[0x10]4[0xffffff92][0xffffff84][0x18][\n]"
15:13:35.307 [main] DEBUG org.apache.hc.client5.http.wire - http-outgoing-0 << "BB[0xffffffba][0xffffff8e]][0xffffffb5]jo[0xffffffb9]+"[0xffffffea][0xffffffb4][0xffffffff]h"[0xffffffea]\?5[0xffffffa9][0xffffffaf]k[0xffffffec][0xffffffff]P[0xffffffea][\n]"
15:13:35.308 [main] DEBUG org.apache.hc.client5.http.wire - http-outgoing-0 << "w[0xffffffe1]K[0x13][0xffffffda][0xffffffec][0xffffff98][0xffffffe6]Y[0xfffffffd]h8m6[0xffffff9c]T[0xffffffc1][0xfffffff2][0xffffffa7][0xffffff91]z_[0xffffff95]o85p[0x1c][0x13][0xffffffe6][0xfffffff0]5[0xffffffee][0xfffffffc][0xffffff92][0xffffff96][0xffffffda][0xfffffff7][0xffffffcf][0xffffffb1][0x5][0x1d][0xffffffea]K[0xffffff9b]9[0xffffff8e][0xffffffad]e[0xfffffff7][0xffffff93][0xffffffa8]`[0xffffffda][0xffffffff][0x1a][0xffffffd2][0xffffff88][0xffffff85][0xfffffffd][0xfffffff2][0xffffff91]N[0xfffffff6]`[0xffffffdf]2[0xffffffcf][0xffffffae]E[0xffffff97][0xffffffc5][0xffffffa2][0xffffff9d][0xffffffef]'[0xffffff9d]mun.[0xffffffd3]f^[0xffffffc7][0xffffff82][0xffffffda][0xffffff82]9[0xfffffff5][0xffffffa9]`[0x5][0xffffffbc]4[0xffffffa1][0x1d]<M[0xffffffb5]A[0xffffffa7]3[[0xffffffc0][0x7f][0x0][0xffffffc1][0xffffffd0]$[0xffffff85][0x1d][\r][0x0][0x0]"
15:13:35.316 [main] DEBUG org.apache.hc.client5.http.impl.classic.InternalHttpClient - ep-00000000: releasing valid endpoint
15:13:35.316 [main] DEBUG org.apache.hc.client5.http.impl.io.PoolingHttpClientConnectionManager - ep-00000000: releasing endpoint
15:13:35.317 [main] DEBUG org.apache.hc.client5.http.impl.io.PoolingHttpClientConnectionManager - ep-00000000: connection http-outgoing-0 can be kept alive for 3 MINUTES
15:13:35.317 [main] DEBUG org.apache.hc.client5.http.impl.io.PoolingHttpClientConnectionManager - ep-00000000: connection released [route: {s}->https://raw.githubusercontent.com:443][total available: 1; route allocated: 1 of 5; total allocated: 1 of 25]
15:13:35.318 [main] DEBUG io.github.bonigarcia.wdm.versions.VersionDetector - Detecting chrome version using online commands.properties
15:13:35.322 [main] DEBUG io.github.bonigarcia.wdm.versions.Shell - Running command on the shell: [/Applications/Google Chrome.app/Contents/MacOS/Google Chrome, --version]
15:13:35.481 [main] DEBUG io.github.bonigarcia.wdm.versions.Shell - Result: Google Chrome 101.0.4951.64
15:13:35.488 [main] DEBUG io.github.bonigarcia.wdm.cache.ResolutionCache - Resolution chrome101=101.0.4951.41 in cache (valid until 23:50:23 21/05/2022 AEST)
15:13:35.491 [main] INFO io.github.bonigarcia.wdm.WebDriverManager - Using chromedriver 101.0.4951.41 (resolved driver for Chrome 101)
15:13:35.499 [main] DEBUG io.github.bonigarcia.wdm.cache.ResolutionCache - Storing resolution chrome=101 in cache (valid until 16:13:35 21/05/2022 AEST)
15:13:35.509 [main] DEBUG io.github.bonigarcia.wdm.WebDriverManager - Driver chromedriver 101.0.4951.41 found in cache
15:13:35.512 [main] INFO io.github.bonigarcia.wdm.WebDriverManager - Exporting webdriver.chrome.driver as /Users/deepapandey/.cache/selenium/chromedriver/mac64/101.0.4951.41/chromedriver
15:13:36.264 [main] DEBUG net.thucydides.core.reflection.ClassFinder - Could not load class .pages.ChallengeHomePage
15:13:36.265 [main] DEBUG net.thucydides.core.reflection.ClassFinder - Could not load class .pages.ChallengePage
15:13:36.265 [main] DEBUG net.thucydides.core.reflection.ClassFinder - Could not load class .pages.CovidHomePage
15:13:36.265 [main] DEBUG net.thucydides.core.reflection.ClassFinder - Could not load class .pages.HomePage
15:13:36.265 [main] DEBUG net.thucydides.core.reflection.ClassFinder - Could not load class .pages.ScoreboardMainPage
15:13:36.265 [main] DEBUG net.thucydides.core.reflection.ClassFinder - Could not load class .pages.ScoreboardPage
15:13:36.265 [main] DEBUG net.thucydides.core.reflection.ClassFinder - Could not load class .starter.TestSuite
15:13:36.265 [main] DEBUG net.thucydides.core.reflection.ClassFinder - Could not load class .starter.stepdefinitions.Challenges
15:13:36.265 [main] DEBUG net.thucydides.core.reflection.ClassFinder - Could not load class .starter.stepdefinitions.UserCreation
15:13:36.273 [main] DEBUG net.thucydides.core.reflection.ClassFinder - Could not load class META-INF.versions.9.com.sun.istack.logging.StackHelper
15:13:36.275 [main] DEBUG net.thucydides.core.reflection.ClassFinder - Could not load class META-INF.versions.9.com.sun.xml.bind.v2.runtime.reflect.opt.AccessorInjector
15:13:36.276 [main] DEBUG net.thucydides.core.reflection.ClassFinder - Could not load class META-INF.versions.9.com.sun.xml.bind.v2.runtime.reflect.opt.Injector
15:13:36.276 [main] DEBUG net.thucydides.core.reflection.ClassFinder - Could not load class META-INF.versions.9.com.sun.xml.bind.v2.runtime.reflect.opt.OptimizedAccessorFactory
15:13:36.276 [main] DEBUG net.thucydides.core.reflection.ClassFinder - Could not load class META-INF.versions.9.com.sun.xml.bind.v2.runtime.reflect.opt.OptimizedTransducedAccessorFactory
15:13:36.277 [main] DEBUG net.thucydides.core.reflection.ClassFinder - Could not load class META-INF.versions.9.io.opentelemetry.sdk.internal.CurrentJavaVersionSpecific
15:13:36.277 [main] DEBUG net.thucydides.core.reflection.ClassFinder - Could not load class META-INF.versions.9.io.opentelemetry.sdk.internal.Java9VersionSpecific
15:13:36.277 [main] DEBUG net.thucydides.core.reflection.ClassFinder - Could not load class META-INF.versions.9.javax.xml.bind.ModuleUtil
15:13:36.277 [main] DEBUG net.thucydides.core.reflection.ClassFinder - Could not load class META-INF.versions.9.module-info
15:13:36.278 [main] DEBUG net.thucydides.core.reflection.ClassFinder - Could not load class META-INF.versions.9.org.junit.platform.commons.util.ModuleUtils
15:13:36.482 [main] DEBUG net.thucydides.core.reflection.ClassFinder - Could not load class com.google.gson.internal.
15:13:36.585 [main] DEBUG net.thucydides.core.reflection.ClassFinder - Could not load class com.sun.xml.bind.v2.runtime.output.FastInfosetStreamWriterOutput
15:13:36.792 [main] DEBUG net.thucydides.core.reflection.ClassFinder - Could not load class module-info
15:13:38.799 [main] DEBUG io.netty.util.internal.logging.InternalLoggerFactory - Using SLF4J as the default logging framework
15:13:38.803 [main] DEBUG io.netty.util.ResourceLeakDetector - -Dio.netty.leakDetection.level: simple
15:13:38.803 [main] DEBUG io.netty.util.ResourceLeakDetector - -Dio.netty.leakDetection.targetRecords: 4
15:13:38.805 [main] DEBUG io.netty.util.ResourceLeakDetectorFactory - Loaded default ResourceLeakDetector: io.netty.util.ResourceLeakDetector@33093469
15:13:38.816 [main] DEBUG io.netty.util.internal.PlatformDependent0 - -Dio.netty.noUnsafe: false
15:13:38.816 [main] DEBUG io.netty.util.internal.PlatformDependent0 - Java version: 18
15:13:38.817 [main] DEBUG io.netty.util.internal.PlatformDependent0 - sun.misc.Unsafe.theUnsafe: available
15:13:38.819 [main] DEBUG io.netty.util.internal.PlatformDependent0 - sun.misc.Unsafe.copyMemory: available
15:13:38.819 [main] DEBUG io.netty.util.internal.PlatformDependent0 - java.nio.Buffer.address: available
15:13:38.820 [main] DEBUG io.netty.util.internal.PlatformDependent0 - direct buffer constructor: unavailable: Reflective setAccessible(true) disabled
15:13:38.820 [main] DEBUG io.netty.util.internal.PlatformDependent0 - java.nio.Bits.unaligned: available, true
15:13:38.822 [main] DEBUG io.netty.util.internal.PlatformDependent0 - jdk.internal.misc.Unsafe.allocateUninitializedArray(int): unavailable: class io.netty.util.internal.PlatformDependent0$6 cannot access class jdk.internal.misc.Unsafe (in module java.base) because module java.base does not export jdk.internal.misc to unnamed module @38e79ae3
15:13:38.823 [main] DEBUG io.netty.util.internal.PlatformDependent0 - java.nio.DirectByteBuffer.<init>(long, int): unavailable
15:13:38.823 [main] DEBUG io.netty.util.internal.PlatformDependent - sun.misc.Unsafe: available
15:13:38.830 [main] DEBUG io.netty.util.internal.PlatformDependent - maxDirectMemory: 4294967296 bytes (maybe)
15:13:38.831 [main] DEBUG io.netty.util.internal.PlatformDependent - -Dio.netty.tmpdir: /var/folders/3h/b0byy4bd37q3b71h4ydh7rnw0000gn/T (java.io.tmpdir)
15:13:38.831 [main] DEBUG io.netty.util.internal.PlatformDependent - -Dio.netty.bitMode: 64 (sun.arch.data.model)
15:13:38.833 [main] DEBUG io.netty.util.internal.PlatformDependent - Platform: MacOS
15:13:38.835 [main] DEBUG io.netty.util.internal.PlatformDependent - -Dio.netty.maxDirectMemory: -1 bytes
15:13:38.835 [main] DEBUG io.netty.util.internal.PlatformDependent - -Dio.netty.uninitializedArrayAllocationThreshold: -1
15:13:38.836 [main] DEBUG io.netty.util.internal.CleanerJava9 - java.nio.ByteBuffer.cleaner(): available
15:13:38.836 [main] DEBUG io.netty.util.internal.PlatformDependent - -Dio.netty.noPreferDirect: false
15:13:38.841 [main] DEBUG io.netty.util.internal.PlatformDependent - org.jctools-core.MpscChunkedArrayQueue: available
15:13:38.856 [main] DEBUG io.netty.util.internal.InternalThreadLocalMap - -Dio.netty.threadLocalMap.stringBuilder.initialSize: 1024
15:13:38.856 [main] DEBUG io.netty.util.internal.InternalThreadLocalMap - -Dio.netty.threadLocalMap.stringBuilder.maxSize: 4096
15:13:38.885 [main] DEBUG io.netty.handler.ssl.JdkSslContext - Default protocols (JDK): [TLSv1.3, TLSv1.2] 
15:13:38.886 [main] DEBUG io.netty.handler.ssl.JdkSslContext - Default cipher suites (JDK): [TLS_ECDHE_ECDSA_WITH_AES_256_GCM_SHA384, TLS_ECDHE_ECDSA_WITH_AES_128_GCM_SHA256, TLS_ECDHE_RSA_WITH_AES_128_GCM_SHA256, TLS_ECDHE_RSA_WITH_AES_256_GCM_SHA384, TLS_ECDHE_RSA_WITH_AES_128_CBC_SHA, TLS_ECDHE_RSA_WITH_AES_256_CBC_SHA, TLS_RSA_WITH_AES_128_GCM_SHA256, TLS_RSA_WITH_AES_128_CBC_SHA, TLS_RSA_WITH_AES_256_CBC_SHA, TLS_AES_128_GCM_SHA256, TLS_AES_256_GCM_SHA384]
15:13:38.901 [main] DEBUG io.netty.channel.MultithreadEventLoopGroup - -Dio.netty.eventLoopThreads: 16
15:13:38.907 [main] DEBUG io.netty.channel.nio.NioEventLoop - -Dio.netty.noKeySetOptimization: false
15:13:38.907 [main] DEBUG io.netty.channel.nio.NioEventLoop - -Dio.netty.selectorAutoRebuildThreshold: 512
15:13:38.926 [main] DEBUG io.netty.buffer.PooledByteBufAllocator - -Dio.netty.allocator.numHeapArenas: 16
15:13:38.927 [main] DEBUG io.netty.buffer.PooledByteBufAllocator - -Dio.netty.allocator.numDirectArenas: 16
15:13:38.927 [main] DEBUG io.netty.buffer.PooledByteBufAllocator - -Dio.netty.allocator.pageSize: 8192
15:13:38.927 [main] DEBUG io.netty.buffer.PooledByteBufAllocator - -Dio.netty.allocator.maxOrder: 11
15:13:38.927 [main] DEBUG io.netty.buffer.PooledByteBufAllocator - -Dio.netty.allocator.chunkSize: 16777216
15:13:38.927 [main] DEBUG io.netty.buffer.PooledByteBufAllocator - -Dio.netty.allocator.smallCacheSize: 256
15:13:38.927 [main] DEBUG io.netty.buffer.PooledByteBufAllocator - -Dio.netty.allocator.normalCacheSize: 64
15:13:38.927 [main] DEBUG io.netty.buffer.PooledByteBufAllocator - -Dio.netty.allocator.maxCachedBufferCapacity: 32768
15:13:38.927 [main] DEBUG io.netty.buffer.PooledByteBufAllocator - -Dio.netty.allocator.cacheTrimInterval: 8192
15:13:38.927 [main] DEBUG io.netty.buffer.PooledByteBufAllocator - -Dio.netty.allocator.cacheTrimIntervalMillis: 0
15:13:38.927 [main] DEBUG io.netty.buffer.PooledByteBufAllocator - -Dio.netty.allocator.useCacheForAllThreads: true
15:13:38.927 [main] DEBUG io.netty.buffer.PooledByteBufAllocator - -Dio.netty.allocator.maxCachedByteBuffersPerChunk: 1023
15:13:38.932 [main] DEBUG io.netty.buffer.ByteBufUtil - -Dio.netty.allocator.type: pooled
15:13:38.932 [main] DEBUG io.netty.buffer.ByteBufUtil - -Dio.netty.threadLocalDirectBufferSize: 0
15:13:38.932 [main] DEBUG io.netty.buffer.ByteBufUtil - -Dio.netty.maxThreadLocalCharBufferSize: 16384
15:13:39.109 [main] DEBUG net.serenitybdd.core.webdriver.driverproviders.ProvideNewDriver - Instantiating driver
15:13:39.109 [main] DEBUG net.serenitybdd.core.webdriver.driverproviders.ProvideNewDriver - Driver capabilities: Capabilities {acceptInsecureCerts: false, base.url: https://responsivefight.her..., browserName: chrome, goog:chromeOptions: {args: [], extensions: []}}
15:13:40.340 [Forwarding newSession on session null to remote] DEBUG io.netty.channel.DefaultChannelId - -Dio.netty.processId: 17862 (auto-detected)
15:13:40.342 [Forwarding newSession on session null to remote] DEBUG io.netty.util.NetUtil - -Djava.net.preferIPv4Stack: false
15:13:40.342 [Forwarding newSession on session null to remote] DEBUG io.netty.util.NetUtil - -Djava.net.preferIPv6Addresses: false
15:13:40.347 [Forwarding newSession on session null to remote] DEBUG io.netty.util.NetUtilInitializations - Loopback interface: lo0 (lo0, 0:0:0:0:0:0:0:1%lo0)
15:13:40.349 [Forwarding newSession on session null to remote] DEBUG io.netty.util.NetUtil - Failed to get SOMAXCONN from sysctl and file /proc/sys/net/core/somaxconn. Default: 128
15:13:40.351 [Forwarding newSession on session null to remote] DEBUG io.netty.channel.DefaultChannelId - -Dio.netty.machineId: 3c:06:30:ff:fe:24:c2:9f (auto-detected)
15:13:40.386 [AsyncHttpClient-1-2] DEBUG io.netty.buffer.AbstractByteBuf - -Dio.netty.buffer.checkAccessible: true
15:13:40.387 [AsyncHttpClient-1-2] DEBUG io.netty.buffer.AbstractByteBuf - -Dio.netty.buffer.checkBounds: true
15:13:40.387 [AsyncHttpClient-1-2] DEBUG io.netty.util.ResourceLeakDetectorFactory - Loaded default ResourceLeakDetector: io.netty.util.ResourceLeakDetector@69f85a98
15:13:40.407 [AsyncHttpClient-1-2] DEBUG org.asynchttpclient.netty.channel.NettyConnectListener - Using new Channel '[id: 0x585a4f37, L:/127.0.0.1:50755 - R:localhost/127.0.0.1:51848]' for 'POST' to '/session'
15:13:40.419 [AsyncHttpClient-1-2] DEBUG io.netty.util.Recycler - -Dio.netty.recycler.maxCapacityPerThread: 4096
15:13:40.419 [AsyncHttpClient-1-2] DEBUG io.netty.util.Recycler - -Dio.netty.recycler.ratio: 8
15:13:40.419 [AsyncHttpClient-1-2] DEBUG io.netty.util.Recycler - -Dio.netty.recycler.chunkSize: 32
15:13:40.419 [AsyncHttpClient-1-2] DEBUG io.netty.util.Recycler - -Dio.netty.recycler.blocking: false
15:13:43.432 [AsyncHttpClient-1-2] DEBUG io.netty.handler.codec.compression.Brotli - brotli4j not in the classpath; Brotli support will be unavailable.
15:13:43.432 [AsyncHttpClient-1-2] DEBUG org.asynchttpclient.netty.handler.HttpHandler - 

Request DefaultHttpRequest(decodeResult: success, version: HTTP/1.1)
POST /session HTTP/1.1
User-Agent: selenium/4.1.2 (java mac)
Content-Length: 510
Content-Type: application/json; charset=utf-8
host: localhost:51848
accept: */*

Response DefaultHttpResponse(decodeResult: success, version: HTTP/1.1)
HTTP/1.1 200 OK
Content-Type: application/json; charset=utf-8
cache-control: no-cache
content-length: 799

15:13:43.439 [AsyncHttpClient-1-2] DEBUG org.asynchttpclient.netty.channel.ChannelManager - Adding key: http://localhost:51848 for channel [id: 0x585a4f37, L:/127.0.0.1:50755 - R:localhost/127.0.0.1:51848]
15:13:43.510 [AsyncHttpClient-1-3] DEBUG org.asynchttpclient.netty.channel.NettyConnectListener - Using new Channel '[id: 0x4ea703d4, L:/127.0.0.1:50774 - R:localhost/127.0.0.1:50764]' for 'GET' to '/json/version'
15:13:43.519 [AsyncHttpClient-1-3] DEBUG org.asynchttpclient.netty.handler.HttpHandler - 

Request DefaultFullHttpRequest(decodeResult: success, version: HTTP/1.1, content: EmptyByteBufBE)
GET /json/version HTTP/1.1
User-Agent: selenium/4.1.2 (java mac)
host: localhost:50764
accept: */*

Response DefaultHttpResponse(decodeResult: success, version: HTTP/1.1)
HTTP/1.1 200 OK
Content-Type: application/json; charset=UTF-8
content-length: 425

15:13:43.520 [AsyncHttpClient-1-3] DEBUG org.asynchttpclient.netty.channel.ChannelManager - Adding key: http://localhost:50764 for channel [id: 0x4ea703d4, L:/127.0.0.1:50774 - R:localhost/127.0.0.1:50764]
15:13:43.526 [main] DEBUG io.netty.util.internal.ThreadLocalRandom - -Dio.netty.initialSeedUniquifier: 0xb6617b908147dc30
15:13:43.540 [AsyncHttpClient-1-4] DEBUG org.asynchttpclient.netty.channel.NettyConnectListener - Using new Channel '[id: 0xd0146f07, L:/127.0.0.1:50775 - R:localhost/127.0.0.1:50764]' for 'GET' to '/devtools/browser/f0a32457-7c9c-4285-aa07-cd7f410af7e9'
15:13:43.548 [AsyncHttpClient-1-4] DEBUG org.asynchttpclient.netty.handler.WebSocketHandler - 

Request DefaultFullHttpRequest(decodeResult: success, version: HTTP/1.1, content: EmptyByteBufBE)
GET /devtools/browser/f0a32457-7c9c-4285-aa07-cd7f410af7e9 HTTP/1.1
upgrade: websocket
connection: upgrade
sec-websocket-key: fQQ2j5gUZW4sAuanf93jxg==
sec-websocket-version: 13
origin: http://localhost:50764
host: localhost:50764
accept: */*
user-agent: AHC/2.1

Response DefaultHttpResponse(decodeResult: success, version: HTTP/1.1)
HTTP/1.1 101 WebSocket Protocol Handshake
Upgrade: WebSocket
Connection: Upgrade
Sec-WebSocket-Accept: iH2e0wpEmijJ/R8SAoaCynWhfjY=

15:13:44.262 [main] DEBUG net.thucydides.core.reflection.ClassFinder - Could not load class .pages.ChallengeHomePage
15:13:44.262 [main] DEBUG net.thucydides.core.reflection.ClassFinder - Could not load class .pages.ChallengePage
15:13:44.263 [main] DEBUG net.thucydides.core.reflection.ClassFinder - Could not load class .pages.CovidHomePage
15:13:44.263 [main] DEBUG net.thucydides.core.reflection.ClassFinder - Could not load class .pages.HomePage
15:13:44.263 [main] DEBUG net.thucydides.core.reflection.ClassFinder - Could not load class .pages.ScoreboardMainPage
15:13:44.263 [main] DEBUG net.thucydides.core.reflection.ClassFinder - Could not load class .pages.ScoreboardPage
15:13:44.263 [main] DEBUG net.thucydides.core.reflection.ClassFinder - Could not load class .starter.TestSuite
15:13:44.263 [main] DEBUG net.thucydides.core.reflection.ClassFinder - Could not load class .starter.stepdefinitions.Challenges
15:13:44.263 [main] DEBUG net.thucydides.core.reflection.ClassFinder - Could not load class .starter.stepdefinitions.UserCreation
15:13:44.264 [main] DEBUG net.thucydides.core.reflection.ClassFinder - Could not load class META-INF.versions.9.com.sun.istack.logging.StackHelper
15:13:44.264 [main] DEBUG net.thucydides.core.reflection.ClassFinder - Could not load class META-INF.versions.9.com.sun.xml.bind.v2.runtime.reflect.opt.AccessorInjector
15:13:44.264 [main] DEBUG net.thucydides.core.reflection.ClassFinder - Could not load class META-INF.versions.9.com.sun.xml.bind.v2.runtime.reflect.opt.Injector
15:13:44.264 [main] DEBUG net.thucydides.core.reflection.ClassFinder - Could not load class META-INF.versions.9.com.sun.xml.bind.v2.runtime.reflect.opt.OptimizedAccessorFactory
15:13:44.265 [main] DEBUG net.thucydides.core.reflection.ClassFinder - Could not load class META-INF.versions.9.com.sun.xml.bind.v2.runtime.reflect.opt.OptimizedTransducedAccessorFactory
15:13:44.265 [main] DEBUG net.thucydides.core.reflection.ClassFinder - Could not load class META-INF.versions.9.io.opentelemetry.sdk.internal.CurrentJavaVersionSpecific
15:13:44.265 [main] DEBUG net.thucydides.core.reflection.ClassFinder - Could not load class META-INF.versions.9.io.opentelemetry.sdk.internal.Java9VersionSpecific
15:13:44.265 [main] DEBUG net.thucydides.core.reflection.ClassFinder - Could not load class META-INF.versions.9.javax.xml.bind.ModuleUtil
15:13:44.267 [main] DEBUG net.thucydides.core.reflection.ClassFinder - Could not load class META-INF.versions.9.module-info
15:13:44.267 [main] DEBUG net.thucydides.core.reflection.ClassFinder - Could not load class META-INF.versions.9.org.junit.platform.commons.util.ModuleUtils
15:13:44.269 [main] DEBUG net.thucydides.core.reflection.ClassFinder - Could not load class com.google.gson.internal.
15:13:44.271 [main] DEBUG net.thucydides.core.reflection.ClassFinder - Could not load class com.sun.xml.bind.v2.runtime.output.FastInfosetStreamWriterOutput
15:13:44.273 [main] DEBUG net.thucydides.core.reflection.ClassFinder - Could not load class module-info
15:13:44.298 [Forwarding get on session 13b793ad8154e403d2ef36ceb92e2f23 to remote] DEBUG org.asynchttpclient.netty.request.NettyRequestSender - Using pooled Channel '[id: 0x585a4f37, L:/127.0.0.1:50755 - R:localhost/127.0.0.1:51848]' for 'POST' to 'http://localhost:51848/session/13b793ad8154e403d2ef36ceb92e2f23/url'
15:13:44.298 [Forwarding get on session 13b793ad8154e403d2ef36ceb92e2f23 to remote] DEBUG org.asynchttpclient.netty.request.NettyRequestSender - Using open Channel [id: 0x585a4f37, L:/127.0.0.1:50755 - R:localhost/127.0.0.1:51848] for POST '/session/13b793ad8154e403d2ef36ceb92e2f23/url'
15:13:44.348 [AsyncHttpClient-1-1] DEBUG org.asynchttpclient.netty.channel.DefaultChannelPool - Entry count for : http://localhost:50764 : 1
15:13:45.449 [AsyncHttpClient-1-1] DEBUG org.asynchttpclient.netty.channel.DefaultChannelPool - Entry count for : http://localhost:50764 : 1
15:13:46.549 [AsyncHttpClient-1-1] DEBUG org.asynchttpclient.netty.channel.DefaultChannelPool - Entry count for : http://localhost:50764 : 1
15:13:47.227 [AsyncHttpClient-1-2] DEBUG org.asynchttpclient.netty.handler.HttpHandler - 

Request DefaultHttpRequest(decodeResult: success, version: HTTP/1.1)
POST /session/13b793ad8154e403d2ef36ceb92e2f23/url HTTP/1.1
User-Agent: selenium/4.1.2 (java mac)
Content-Length: 68
Content-Type: application/json; charset=utf-8
host: localhost:51848
accept: */*

Response DefaultHttpResponse(decodeResult: success, version: HTTP/1.1)
HTTP/1.1 200 OK
Content-Type: application/json; charset=utf-8
cache-control: no-cache
content-length: 14

15:13:47.227 [AsyncHttpClient-1-2] DEBUG org.asynchttpclient.netty.channel.ChannelManager - Adding key: http://localhost:51848 for channel [id: 0x585a4f37, L:/127.0.0.1:50755 - R:localhost/127.0.0.1:51848]
15:13:47.235 [Forwarding setTimeout on session 13b793ad8154e403d2ef36ceb92e2f23 to remote] DEBUG org.asynchttpclient.netty.request.NettyRequestSender - Using pooled Channel '[id: 0x585a4f37, L:/127.0.0.1:50755 - R:localhost/127.0.0.1:51848]' for 'POST' to 'http://localhost:51848/session/13b793ad8154e403d2ef36ceb92e2f23/timeouts'
15:13:47.235 [Forwarding setTimeout on session 13b793ad8154e403d2ef36ceb92e2f23 to remote] DEBUG org.asynchttpclient.netty.request.NettyRequestSender - Using open Channel [id: 0x585a4f37, L:/127.0.0.1:50755 - R:localhost/127.0.0.1:51848] for POST '/session/13b793ad8154e403d2ef36ceb92e2f23/timeouts'
15:13:47.238 [AsyncHttpClient-1-2] DEBUG org.asynchttpclient.netty.handler.HttpHandler - 

Request DefaultHttpRequest(decodeResult: success, version: HTTP/1.1)
POST /session/13b793ad8154e403d2ef36ceb92e2f23/timeouts HTTP/1.1
User-Agent: selenium/4.1.2 (java mac)
Content-Length: 22
Content-Type: application/json; charset=utf-8
host: localhost:51848
accept: */*

Response DefaultHttpResponse(decodeResult: success, version: HTTP/1.1)
HTTP/1.1 200 OK
Content-Type: application/json; charset=utf-8
cache-control: no-cache
content-length: 14

15:13:47.238 [AsyncHttpClient-1-2] DEBUG org.asynchttpclient.netty.channel.ChannelManager - Adding key: http://localhost:51848 for channel [id: 0x585a4f37, L:/127.0.0.1:50755 - R:localhost/127.0.0.1:51848]
15:13:47.246 [Forwarding getCurrentUrl on session 13b793ad8154e403d2ef36ceb92e2f23 to remote] DEBUG org.asynchttpclient.netty.request.NettyRequestSender - Using pooled Channel '[id: 0x585a4f37, L:/127.0.0.1:50755 - R:localhost/127.0.0.1:51848]' for 'GET' to 'http://localhost:51848/session/13b793ad8154e403d2ef36ceb92e2f23/url'
15:13:47.247 [Forwarding getCurrentUrl on session 13b793ad8154e403d2ef36ceb92e2f23 to remote] DEBUG org.asynchttpclient.netty.request.NettyRequestSender - Using open Channel [id: 0x585a4f37, L:/127.0.0.1:50755 - R:localhost/127.0.0.1:51848] for GET '/session/13b793ad8154e403d2ef36ceb92e2f23/url'
15:13:47.263 [AsyncHttpClient-1-2] DEBUG org.asynchttpclient.netty.handler.HttpHandler - 

Request DefaultFullHttpRequest(decodeResult: success, version: HTTP/1.1, content: EmptyByteBufBE)
GET /session/13b793ad8154e403d2ef36ceb92e2f23/url HTTP/1.1
User-Agent: selenium/4.1.2 (java mac)
Cache-Control: no-cache
Content-Type: application/json; charset=utf-8
host: localhost:51848
accept: */*

Response DefaultHttpResponse(decodeResult: success, version: HTTP/1.1)
HTTP/1.1 200 OK
Content-Type: application/json; charset=utf-8
cache-control: no-cache
content-length: 50

15:13:47.263 [AsyncHttpClient-1-2] DEBUG org.asynchttpclient.netty.channel.ChannelManager - Adding key: http://localhost:51848 for channel [id: 0x585a4f37, L:/127.0.0.1:50755 - R:localhost/127.0.0.1:51848]
15:13:47.267 [Forwarding getCurrentUrl on session 13b793ad8154e403d2ef36ceb92e2f23 to remote] DEBUG org.asynchttpclient.netty.request.NettyRequestSender - Using pooled Channel '[id: 0x585a4f37, L:/127.0.0.1:50755 - R:localhost/127.0.0.1:51848]' for 'GET' to 'http://localhost:51848/session/13b793ad8154e403d2ef36ceb92e2f23/url'
15:13:47.267 [Forwarding getCurrentUrl on session 13b793ad8154e403d2ef36ceb92e2f23 to remote] DEBUG org.asynchttpclient.netty.request.NettyRequestSender - Using open Channel [id: 0x585a4f37, L:/127.0.0.1:50755 - R:localhost/127.0.0.1:51848] for GET '/session/13b793ad8154e403d2ef36ceb92e2f23/url'
15:13:47.270 [AsyncHttpClient-1-2] DEBUG org.asynchttpclient.netty.handler.HttpHandler - 

Request DefaultFullHttpRequest(decodeResult: success, version: HTTP/1.1, content: EmptyByteBufBE)
GET /session/13b793ad8154e403d2ef36ceb92e2f23/url HTTP/1.1
User-Agent: selenium/4.1.2 (java mac)
Cache-Control: no-cache
Content-Type: application/json; charset=utf-8
host: localhost:51848
accept: */*

Response DefaultHttpResponse(decodeResult: success, version: HTTP/1.1)
HTTP/1.1 200 OK
Content-Type: application/json; charset=utf-8
cache-control: no-cache
content-length: 50

15:13:47.270 [AsyncHttpClient-1-2] DEBUG org.asynchttpclient.netty.channel.ChannelManager - Adding key: http://localhost:51848 for channel [id: 0x585a4f37, L:/127.0.0.1:50755 - R:localhost/127.0.0.1:51848]
15:13:47.296 [main] DEBUG net.serenitybdd.core.photography.Darkroom - Opening darkroom
15:13:47.298 [Darkroom Processing Line] DEBUG net.serenitybdd.core.photography.DarkroomProcessingLine - Darkroom processing line starting up
15:13:47.299 [Forwarding screenshot on session 13b793ad8154e403d2ef36ceb92e2f23 to remote] DEBUG org.asynchttpclient.netty.request.NettyRequestSender - Using pooled Channel '[id: 0x585a4f37, L:/127.0.0.1:50755 - R:localhost/127.0.0.1:51848]' for 'GET' to 'http://localhost:51848/session/13b793ad8154e403d2ef36ceb92e2f23/screenshot'
15:13:47.299 [Forwarding screenshot on session 13b793ad8154e403d2ef36ceb92e2f23 to remote] DEBUG org.asynchttpclient.netty.request.NettyRequestSender - Using open Channel [id: 0x585a4f37, L:/127.0.0.1:50755 - R:localhost/127.0.0.1:51848] for GET '/session/13b793ad8154e403d2ef36ceb92e2f23/screenshot'
15:13:47.648 [AsyncHttpClient-1-1] DEBUG org.asynchttpclient.netty.channel.DefaultChannelPool - Entry count for : http://localhost:50764 : 1
15:13:47.764 [AsyncHttpClient-1-2] DEBUG org.asynchttpclient.netty.handler.HttpHandler - 

Request DefaultFullHttpRequest(decodeResult: success, version: HTTP/1.1, content: EmptyByteBufBE)
GET /session/13b793ad8154e403d2ef36ceb92e2f23/screenshot HTTP/1.1
User-Agent: selenium/4.1.2 (java mac)
Cache-Control: no-cache
Content-Type: application/json; charset=utf-8
host: localhost:51848
accept: */*

Response DefaultHttpResponse(decodeResult: success, version: HTTP/1.1)
HTTP/1.1 200 OK
Content-Type: application/json; charset=utf-8
cache-control: no-cache
content-length: 213784

15:13:47.767 [AsyncHttpClient-1-2] DEBUG org.asynchttpclient.netty.channel.ChannelManager - Adding key: http://localhost:51848 for channel [id: 0x585a4f37, L:/127.0.0.1:50755 - R:localhost/127.0.0.1:51848]
15:13:47.818 [main] DEBUG net.serenitybdd.core.photography.Darkroom - Send negative for processing for target/site/serenity/5d7c4e8324919d3612db9ae1159624888f4bdd49409cc3b489fac8c723db9326.png
15:13:47.819 [Darkroom Processing Line] DEBUG net.serenitybdd.core.photography.DarkroomProcessingLine - Processing screenshot image in /var/screenshots/screenshot-16019022737470584184
15:13:47.819 [Darkroom Processing Line] DEBUG net.serenitybdd.core.photography.DarkroomProcessingLine - Saving screenshot to target/site/serenity/5d7c4e8324919d3612db9ae1159624888f4bdd49409cc3b489fac8c723db9326.png
15:13:47.821 [main] DEBUG net.thucydides.core.steps.StepInterceptor - STEP DONE: openApplication
  &amp#27;[32mGiven &amp#27;[0m&amp#27;[32mUser is on home page of COVID application&amp#27;[0m                                              &amp#27;[90m# starter.stepdefinitions.UserCreation.user_is_on_home_page_of_covid_application()&amp#27;[0m
15:13:47.854 [main] DEBUG net.thucydides.core.steps.StepInterceptor - STARTING STEP: UserCreation.he_clicks_on_register_button_sign_up_page_is_displayed - clickRegister
15:13:47.864 [Forwarding findElement on session 13b793ad8154e403d2ef36ceb92e2f23 to remote] DEBUG org.asynchttpclient.netty.request.NettyRequestSender - Using pooled Channel '[id: 0x585a4f37, L:/127.0.0.1:50755 - R:localhost/127.0.0.1:51848]' for 'POST' to 'http://localhost:51848/session/13b793ad8154e403d2ef36ceb92e2f23/element'
15:13:47.864 [Forwarding findElement on session 13b793ad8154e403d2ef36ceb92e2f23 to remote] DEBUG org.asynchttpclient.netty.request.NettyRequestSender - Using open Channel [id: 0x585a4f37, L:/127.0.0.1:50755 - R:localhost/127.0.0.1:51848] for POST '/session/13b793ad8154e403d2ef36ceb92e2f23/element'
15:13:47.887 [AsyncHttpClient-1-2] DEBUG org.asynchttpclient.netty.handler.HttpHandler - 

Request DefaultHttpRequest(decodeResult: success, version: HTTP/1.1)
POST /session/13b793ad8154e403d2ef36ceb92e2f23/element HTTP/1.1
User-Agent: selenium/4.1.2 (java mac)
Content-Length: 49
Content-Type: application/json; charset=utf-8
host: localhost:51848
accept: */*

Response DefaultHttpResponse(decodeResult: success, version: HTTP/1.1)
HTTP/1.1 200 OK
Content-Type: application/json; charset=utf-8
cache-control: no-cache
content-length: 88

15:13:47.888 [AsyncHttpClient-1-2] DEBUG org.asynchttpclient.netty.channel.ChannelManager - Adding key: http://localhost:51848 for channel [id: 0x585a4f37, L:/127.0.0.1:50755 - R:localhost/127.0.0.1:51848]
15:13:47.892 [Forwarding getElementTagName on session 13b793ad8154e403d2ef36ceb92e2f23 to remote] DEBUG org.asynchttpclient.netty.request.NettyRequestSender - Using pooled Channel '[id: 0x585a4f37, L:/127.0.0.1:50755 - R:localhost/127.0.0.1:51848]' for 'GET' to 'http://localhost:51848/session/13b793ad8154e403d2ef36ceb92e2f23/element/45bbad12-a29c-4d1c-9070-f06a7a06a802/name'
15:13:47.893 [Forwarding getElementTagName on session 13b793ad8154e403d2ef36ceb92e2f23 to remote] DEBUG org.asynchttpclient.netty.request.NettyRequestSender - Using open Channel [id: 0x585a4f37, L:/127.0.0.1:50755 - R:localhost/127.0.0.1:51848] for GET '/session/13b793ad8154e403d2ef36ceb92e2f23/element/45bbad12-a29c-4d1c-9070-f06a7a06a802/name'
15:13:47.896 [AsyncHttpClient-1-2] DEBUG org.asynchttpclient.netty.handler.HttpHandler - 

Request DefaultFullHttpRequest(decodeResult: success, version: HTTP/1.1, content: EmptyByteBufBE)
GET /session/13b793ad8154e403d2ef36ceb92e2f23/element/45bbad12-a29c-4d1c-9070-f06a7a06a802/name HTTP/1.1
User-Agent: selenium/4.1.2 (java mac)
Cache-Control: no-cache
Content-Type: application/json; charset=utf-8
host: localhost:51848
accept: */*

Response DefaultHttpResponse(decodeResult: success, version: HTTP/1.1)
HTTP/1.1 200 OK
Content-Type: application/json; charset=utf-8
cache-control: no-cache
content-length: 13

15:13:47.896 [AsyncHttpClient-1-2] DEBUG org.asynchttpclient.netty.channel.ChannelManager - Adding key: http://localhost:51848 for channel [id: 0x585a4f37, L:/127.0.0.1:50755 - R:localhost/127.0.0.1:51848]
15:13:47.898 [Forwarding getElementTagName on session 13b793ad8154e403d2ef36ceb92e2f23 to remote] DEBUG org.asynchttpclient.netty.request.NettyRequestSender - Using pooled Channel '[id: 0x585a4f37, L:/127.0.0.1:50755 - R:localhost/127.0.0.1:51848]' for 'GET' to 'http://localhost:51848/session/13b793ad8154e403d2ef36ceb92e2f23/element/45bbad12-a29c-4d1c-9070-f06a7a06a802/name'
15:13:47.899 [Forwarding getElementTagName on session 13b793ad8154e403d2ef36ceb92e2f23 to remote] DEBUG org.asynchttpclient.netty.request.NettyRequestSender - Using open Channel [id: 0x585a4f37, L:/127.0.0.1:50755 - R:localhost/127.0.0.1:51848] for GET '/session/13b793ad8154e403d2ef36ceb92e2f23/element/45bbad12-a29c-4d1c-9070-f06a7a06a802/name'
15:13:47.930 [AsyncHttpClient-1-2] DEBUG org.asynchttpclient.netty.handler.HttpHandler - 

Request DefaultFullHttpRequest(decodeResult: success, version: HTTP/1.1, content: EmptyByteBufBE)
GET /session/13b793ad8154e403d2ef36ceb92e2f23/element/45bbad12-a29c-4d1c-9070-f06a7a06a802/name HTTP/1.1
User-Agent: selenium/4.1.2 (java mac)
Cache-Control: no-cache
Content-Type: application/json; charset=utf-8
host: localhost:51848
accept: */*

Response DefaultHttpResponse(decodeResult: success, version: HTTP/1.1)
HTTP/1.1 200 OK
Content-Type: application/json; charset=utf-8
cache-control: no-cache
content-length: 13

15:13:47.930 [AsyncHttpClient-1-2] DEBUG org.asynchttpclient.netty.channel.ChannelManager - Adding key: http://localhost:51848 for channel [id: 0x585a4f37, L:/127.0.0.1:50755 - R:localhost/127.0.0.1:51848]
15:13:47.935 [Forwarding findElement on session 13b793ad8154e403d2ef36ceb92e2f23 to remote] DEBUG org.asynchttpclient.netty.request.NettyRequestSender - Using pooled Channel '[id: 0x585a4f37, L:/127.0.0.1:50755 - R:localhost/127.0.0.1:51848]' for 'POST' to 'http://localhost:51848/session/13b793ad8154e403d2ef36ceb92e2f23/element'
15:13:47.935 [Forwarding findElement on session 13b793ad8154e403d2ef36ceb92e2f23 to remote] DEBUG org.asynchttpclient.netty.request.NettyRequestSender - Using open Channel [id: 0x585a4f37, L:/127.0.0.1:50755 - R:localhost/127.0.0.1:51848] for POST '/session/13b793ad8154e403d2ef36ceb92e2f23/element'
15:13:47.955 [AsyncHttpClient-1-2] DEBUG org.asynchttpclient.netty.handler.HttpHandler - 

Request DefaultHttpRequest(decodeResult: success, version: HTTP/1.1)
POST /session/13b793ad8154e403d2ef36ceb92e2f23/element HTTP/1.1
User-Agent: selenium/4.1.2 (java mac)
Content-Length: 49
Content-Type: application/json; charset=utf-8
host: localhost:51848
accept: */*

Response DefaultHttpResponse(decodeResult: success, version: HTTP/1.1)
HTTP/1.1 200 OK
Content-Type: application/json; charset=utf-8
cache-control: no-cache
content-length: 88

15:13:47.955 [AsyncHttpClient-1-2] DEBUG org.asynchttpclient.netty.channel.ChannelManager - Adding key: http://localhost:51848 for channel [id: 0x585a4f37, L:/127.0.0.1:50755 - R:localhost/127.0.0.1:51848]
15:13:47.957 [Forwarding clickElement on session 13b793ad8154e403d2ef36ceb92e2f23 to remote] DEBUG org.asynchttpclient.netty.request.NettyRequestSender - Using pooled Channel '[id: 0x585a4f37, L:/127.0.0.1:50755 - R:localhost/127.0.0.1:51848]' for 'POST' to 'http://localhost:51848/session/13b793ad8154e403d2ef36ceb92e2f23/element/45bbad12-a29c-4d1c-9070-f06a7a06a802/click'
15:13:47.957 [Forwarding clickElement on session 13b793ad8154e403d2ef36ceb92e2f23 to remote] DEBUG org.asynchttpclient.netty.request.NettyRequestSender - Using open Channel [id: 0x585a4f37, L:/127.0.0.1:50755 - R:localhost/127.0.0.1:51848] for POST '/session/13b793ad8154e403d2ef36ceb92e2f23/element/45bbad12-a29c-4d1c-9070-f06a7a06a802/click'
15:13:48.135 [AsyncHttpClient-1-2] DEBUG org.asynchttpclient.netty.handler.HttpHandler - 

Request DefaultHttpRequest(decodeResult: success, version: HTTP/1.1)
POST /session/13b793ad8154e403d2ef36ceb92e2f23/element/45bbad12-a29c-4d1c-9070-f06a7a06a802/click HTTP/1.1
User-Agent: selenium/4.1.2 (java mac)
Content-Length: 50
Content-Type: application/json; charset=utf-8
host: localhost:51848
accept: */*

Response DefaultHttpResponse(decodeResult: success, version: HTTP/1.1)
HTTP/1.1 200 OK
Content-Type: application/json; charset=utf-8
cache-control: no-cache
content-length: 14

15:13:48.135 [AsyncHttpClient-1-2] DEBUG org.asynchttpclient.netty.channel.ChannelManager - Adding key: http://localhost:51848 for channel [id: 0x585a4f37, L:/127.0.0.1:50755 - R:localhost/127.0.0.1:51848]
15:13:48.142 [Forwarding screenshot on session 13b793ad8154e403d2ef36ceb92e2f23 to remote] DEBUG org.asynchttpclient.netty.request.NettyRequestSender - Using pooled Channel '[id: 0x585a4f37, L:/127.0.0.1:50755 - R:localhost/127.0.0.1:51848]' for 'GET' to 'http://localhost:51848/session/13b793ad8154e403d2ef36ceb92e2f23/screenshot'
15:13:48.142 [Forwarding screenshot on session 13b793ad8154e403d2ef36ceb92e2f23 to remote] DEBUG org.asynchttpclient.netty.request.NettyRequestSender - Using open Channel [id: 0x585a4f37, L:/127.0.0.1:50755 - R:localhost/127.0.0.1:51848] for GET '/session/13b793ad8154e403d2ef36ceb92e2f23/screenshot'
15:13:48.294 [AsyncHttpClient-1-2] DEBUG org.asynchttpclient.netty.handler.HttpHandler - 

Request DefaultFullHttpRequest(decodeResult: success, version: HTTP/1.1, content: EmptyByteBufBE)
GET /session/13b793ad8154e403d2ef36ceb92e2f23/screenshot HTTP/1.1
User-Agent: selenium/4.1.2 (java mac)
Cache-Control: no-cache
Content-Type: application/json; charset=utf-8
host: localhost:51848
accept: */*

Response DefaultHttpResponse(decodeResult: success, version: HTTP/1.1)
HTTP/1.1 200 OK
Content-Type: application/json; charset=utf-8
cache-control: no-cache
content-length: 112584

15:13:48.295 [AsyncHttpClient-1-2] DEBUG org.asynchttpclient.netty.channel.ChannelManager - Adding key: http://localhost:51848 for channel [id: 0x585a4f37, L:/127.0.0.1:50755 - R:localhost/127.0.0.1:51848]
15:13:48.300 [main] DEBUG net.serenitybdd.core.photography.Darkroom - Send negative for processing for target/site/serenity/145802c9a54790a9c5facffcd8729b88567fe178513cd12371664f6ec94c8c04.png
15:13:48.300 [Darkroom Processing Line] DEBUG net.serenitybdd.core.photography.DarkroomProcessingLine - Processing screenshot image in /var/screenshots/screenshot-9424216312630414185
15:13:48.301 [Darkroom Processing Line] DEBUG net.serenitybdd.core.photography.DarkroomProcessingLine - Saving screenshot to target/site/serenity/145802c9a54790a9c5facffcd8729b88567fe178513cd12371664f6ec94c8c04.png
15:13:48.302 [main] DEBUG net.thucydides.core.steps.StepInterceptor - STEP DONE: clickRegister
  &amp#27;[32mWhen &amp#27;[0m&amp#27;[32mhe clicks on Register button, Sign Up page is displayed&amp#27;[0m                                 &amp#27;[90m# starter.stepdefinitions.UserCreation.he_clicks_on_register_button_sign_up_page_is_displayed()&amp#27;[0m
15:13:48.331 [main] DEBUG net.thucydides.core.steps.StepInterceptor - STARTING STEP: UserCreation.he_enters_username_as_password_as_and_repeat_password_as_and_clicks_on_sign_up_button - enterUsername
15:13:48.335 [Forwarding findElement on session 13b793ad8154e403d2ef36ceb92e2f23 to remote] DEBUG org.asynchttpclient.netty.request.NettyRequestSender - Using pooled Channel '[id: 0x585a4f37, L:/127.0.0.1:50755 - R:localhost/127.0.0.1:51848]' for 'POST' to 'http://localhost:51848/session/13b793ad8154e403d2ef36ceb92e2f23/element'
15:13:48.335 [Forwarding findElement on session 13b793ad8154e403d2ef36ceb92e2f23 to remote] DEBUG org.asynchttpclient.netty.request.NettyRequestSender - Using open Channel [id: 0x585a4f37, L:/127.0.0.1:50755 - R:localhost/127.0.0.1:51848] for POST '/session/13b793ad8154e403d2ef36ceb92e2f23/element'
15:13:48.402 [AsyncHttpClient-1-2] DEBUG org.asynchttpclient.netty.handler.HttpHandler - 

Request DefaultHttpRequest(decodeResult: success, version: HTTP/1.1)
POST /session/13b793ad8154e403d2ef36ceb92e2f23/element HTTP/1.1
User-Agent: selenium/4.1.2 (java mac)
Content-Length: 50
Content-Type: application/json; charset=utf-8
host: localhost:51848
accept: */*

Response DefaultHttpResponse(decodeResult: success, version: HTTP/1.1)
HTTP/1.1 200 OK
Content-Type: application/json; charset=utf-8
cache-control: no-cache
content-length: 88

15:13:48.403 [AsyncHttpClient-1-2] DEBUG org.asynchttpclient.netty.channel.ChannelManager - Adding key: http://localhost:51848 for channel [id: 0x585a4f37, L:/127.0.0.1:50755 - R:localhost/127.0.0.1:51848]
15:13:48.406 [Forwarding clearElement on session 13b793ad8154e403d2ef36ceb92e2f23 to remote] DEBUG org.asynchttpclient.netty.request.NettyRequestSender - Using pooled Channel '[id: 0x585a4f37, L:/127.0.0.1:50755 - R:localhost/127.0.0.1:51848]' for 'POST' to 'http://localhost:51848/session/13b793ad8154e403d2ef36ceb92e2f23/element/06cdc3d3-0aca-4274-9fea-be5dbb0c45ce/clear'
15:13:48.406 [Forwarding clearElement on session 13b793ad8154e403d2ef36ceb92e2f23 to remote] DEBUG org.asynchttpclient.netty.request.NettyRequestSender - Using open Channel [id: 0x585a4f37, L:/127.0.0.1:50755 - R:localhost/127.0.0.1:51848] for POST '/session/13b793ad8154e403d2ef36ceb92e2f23/element/06cdc3d3-0aca-4274-9fea-be5dbb0c45ce/clear'
15:13:48.435 [AsyncHttpClient-1-2] DEBUG org.asynchttpclient.netty.handler.HttpHandler - 

Request DefaultHttpRequest(decodeResult: success, version: HTTP/1.1)
POST /session/13b793ad8154e403d2ef36ceb92e2f23/element/06cdc3d3-0aca-4274-9fea-be5dbb0c45ce/clear HTTP/1.1
User-Agent: selenium/4.1.2 (java mac)
Content-Length: 50
Content-Type: application/json; charset=utf-8
host: localhost:51848
accept: */*

Response DefaultHttpResponse(decodeResult: success, version: HTTP/1.1)
HTTP/1.1 200 OK
Content-Type: application/json; charset=utf-8
cache-control: no-cache
content-length: 14

15:13:48.435 [AsyncHttpClient-1-2] DEBUG org.asynchttpclient.netty.channel.ChannelManager - Adding key: http://localhost:51848 for channel [id: 0x585a4f37, L:/127.0.0.1:50755 - R:localhost/127.0.0.1:51848]
15:13:48.440 [Forwarding sendKeysToElement on session 13b793ad8154e403d2ef36ceb92e2f23 to remote] DEBUG org.asynchttpclient.netty.request.NettyRequestSender - Using pooled Channel '[id: 0x585a4f37, L:/127.0.0.1:50755 - R:localhost/127.0.0.1:51848]' for 'POST' to 'http://localhost:51848/session/13b793ad8154e403d2ef36ceb92e2f23/element/06cdc3d3-0aca-4274-9fea-be5dbb0c45ce/value'
15:13:48.440 [Forwarding sendKeysToElement on session 13b793ad8154e403d2ef36ceb92e2f23 to remote] DEBUG org.asynchttpclient.netty.request.NettyRequestSender - Using open Channel [id: 0x585a4f37, L:/127.0.0.1:50755 - R:localhost/127.0.0.1:51848] for POST '/session/13b793ad8154e403d2ef36ceb92e2f23/element/06cdc3d3-0aca-4274-9fea-be5dbb0c45ce/value'
15:13:48.625 [AsyncHttpClient-1-2] DEBUG org.asynchttpclient.netty.handler.HttpHandler - 

Request DefaultHttpRequest(decodeResult: success, version: HTTP/1.1)
POST /session/13b793ad8154e403d2ef36ceb92e2f23/element/06cdc3d3-0aca-4274-9fea-be5dbb0c45ce/value HTTP/1.1
User-Agent: selenium/4.1.2 (java mac)
Content-Length: 161
Content-Type: application/json; charset=utf-8
host: localhost:51848
accept: */*

Response DefaultHttpResponse(decodeResult: success, version: HTTP/1.1)
HTTP/1.1 200 OK
Content-Type: application/json; charset=utf-8
cache-control: no-cache
content-length: 14

15:13:48.626 [AsyncHttpClient-1-2] DEBUG org.asynchttpclient.netty.channel.ChannelManager - Adding key: http://localhost:51848 for channel [id: 0x585a4f37, L:/127.0.0.1:50755 - R:localhost/127.0.0.1:51848]
15:13:48.636 [Forwarding screenshot on session 13b793ad8154e403d2ef36ceb92e2f23 to remote] DEBUG org.asynchttpclient.netty.request.NettyRequestSender - Using pooled Channel '[id: 0x585a4f37, L:/127.0.0.1:50755 - R:localhost/127.0.0.1:51848]' for 'GET' to 'http://localhost:51848/session/13b793ad8154e403d2ef36ceb92e2f23/screenshot'
15:13:48.636 [Forwarding screenshot on session 13b793ad8154e403d2ef36ceb92e2f23 to remote] DEBUG org.asynchttpclient.netty.request.NettyRequestSender - Using open Channel [id: 0x585a4f37, L:/127.0.0.1:50755 - R:localhost/127.0.0.1:51848] for GET '/session/13b793ad8154e403d2ef36ceb92e2f23/screenshot'
15:13:48.747 [AsyncHttpClient-1-1] DEBUG org.asynchttpclient.netty.channel.DefaultChannelPool - Entry count for : http://localhost:50764 : 1
15:13:48.757 [AsyncHttpClient-1-2] DEBUG org.asynchttpclient.netty.handler.HttpHandler - 

Request DefaultFullHttpRequest(decodeResult: success, version: HTTP/1.1, content: EmptyByteBufBE)
GET /session/13b793ad8154e403d2ef36ceb92e2f23/screenshot HTTP/1.1
User-Agent: selenium/4.1.2 (java mac)
Cache-Control: no-cache
Content-Type: application/json; charset=utf-8
host: localhost:51848
accept: */*

Response DefaultHttpResponse(decodeResult: success, version: HTTP/1.1)
HTTP/1.1 200 OK
Content-Type: application/json; charset=utf-8
cache-control: no-cache
content-length: 110940

15:13:48.759 [AsyncHttpClient-1-2] DEBUG org.asynchttpclient.netty.channel.ChannelManager - Adding key: http://localhost:51848 for channel [id: 0x585a4f37, L:/127.0.0.1:50755 - R:localhost/127.0.0.1:51848]
15:13:48.763 [main] DEBUG net.serenitybdd.core.photography.Darkroom - Send negative for processing for target/site/serenity/9e298dfbddc8a2bda0186694351a67aa449a7395741e0711e5143fc104924f78.png
15:13:48.763 [Darkroom Processing Line] DEBUG net.serenitybdd.core.photography.DarkroomProcessingLine - Processing screenshot image in /var/screenshots/screenshot-13938094287792714566
15:13:48.763 [Darkroom Processing Line] DEBUG net.serenitybdd.core.photography.DarkroomProcessingLine - Saving screenshot to target/site/serenity/9e298dfbddc8a2bda0186694351a67aa449a7395741e0711e5143fc104924f78.png
15:13:48.763 [main] DEBUG net.thucydides.core.steps.StepInterceptor - STEP DONE: enterUsername
15:13:48.768 [main] DEBUG net.thucydides.core.steps.StepInterceptor - STARTING STEP: UserCreation.he_enters_username_as_password_as_and_repeat_password_as_and_clicks_on_sign_up_button - enterPassword
15:13:48.770 [Forwarding findElement on session 13b793ad8154e403d2ef36ceb92e2f23 to remote] DEBUG org.asynchttpclient.netty.request.NettyRequestSender - Using pooled Channel '[id: 0x585a4f37, L:/127.0.0.1:50755 - R:localhost/127.0.0.1:51848]' for 'POST' to 'http://localhost:51848/session/13b793ad8154e403d2ef36ceb92e2f23/element'
15:13:48.770 [Forwarding findElement on session 13b793ad8154e403d2ef36ceb92e2f23 to remote] DEBUG org.asynchttpclient.netty.request.NettyRequestSender - Using open Channel [id: 0x585a4f37, L:/127.0.0.1:50755 - R:localhost/127.0.0.1:51848] for POST '/session/13b793ad8154e403d2ef36ceb92e2f23/element'
15:13:48.780 [AsyncHttpClient-1-2] DEBUG org.asynchttpclient.netty.handler.HttpHandler - 

Request DefaultHttpRequest(decodeResult: success, version: HTTP/1.1)
POST /session/13b793ad8154e403d2ef36ceb92e2f23/element HTTP/1.1
User-Agent: selenium/4.1.2 (java mac)
Content-Length: 48
Content-Type: application/json; charset=utf-8
host: localhost:51848
accept: */*

Response DefaultHttpResponse(decodeResult: success, version: HTTP/1.1)
HTTP/1.1 200 OK
Content-Type: application/json; charset=utf-8
cache-control: no-cache
content-length: 88

15:13:48.780 [AsyncHttpClient-1-2] DEBUG org.asynchttpclient.netty.channel.ChannelManager - Adding key: http://localhost:51848 for channel [id: 0x585a4f37, L:/127.0.0.1:50755 - R:localhost/127.0.0.1:51848]
15:13:48.788 [Forwarding clearElement on session 13b793ad8154e403d2ef36ceb92e2f23 to remote] DEBUG org.asynchttpclient.netty.request.NettyRequestSender - Using pooled Channel '[id: 0x585a4f37, L:/127.0.0.1:50755 - R:localhost/127.0.0.1:51848]' for 'POST' to 'http://localhost:51848/session/13b793ad8154e403d2ef36ceb92e2f23/element/d128eb4b-bdba-4a0e-b65b-32aee7f9e241/clear'
15:13:48.788 [Forwarding clearElement on session 13b793ad8154e403d2ef36ceb92e2f23 to remote] DEBUG org.asynchttpclient.netty.request.NettyRequestSender - Using open Channel [id: 0x585a4f37, L:/127.0.0.1:50755 - R:localhost/127.0.0.1:51848] for POST '/session/13b793ad8154e403d2ef36ceb92e2f23/element/d128eb4b-bdba-4a0e-b65b-32aee7f9e241/clear'
15:13:48.808 [AsyncHttpClient-1-2] DEBUG org.asynchttpclient.netty.handler.HttpHandler - 

Request DefaultHttpRequest(decodeResult: success, version: HTTP/1.1)
POST /session/13b793ad8154e403d2ef36ceb92e2f23/element/d128eb4b-bdba-4a0e-b65b-32aee7f9e241/clear HTTP/1.1
User-Agent: selenium/4.1.2 (java mac)
Content-Length: 50
Content-Type: application/json; charset=utf-8
host: localhost:51848
accept: */*

Response DefaultHttpResponse(decodeResult: success, version: HTTP/1.1)
HTTP/1.1 200 OK
Content-Type: application/json; charset=utf-8
cache-control: no-cache
content-length: 14

15:13:48.808 [AsyncHttpClient-1-2] DEBUG org.asynchttpclient.netty.channel.ChannelManager - Adding key: http://localhost:51848 for channel [id: 0x585a4f37, L:/127.0.0.1:50755 - R:localhost/127.0.0.1:51848]
15:13:48.819 [Forwarding sendKeysToElement on session 13b793ad8154e403d2ef36ceb92e2f23 to remote] DEBUG org.asynchttpclient.netty.request.NettyRequestSender - Using pooled Channel '[id: 0x585a4f37, L:/127.0.0.1:50755 - R:localhost/127.0.0.1:51848]' for 'POST' to 'http://localhost:51848/session/13b793ad8154e403d2ef36ceb92e2f23/element/d128eb4b-bdba-4a0e-b65b-32aee7f9e241/value'
15:13:48.819 [Forwarding sendKeysToElement on session 13b793ad8154e403d2ef36ceb92e2f23 to remote] DEBUG org.asynchttpclient.netty.request.NettyRequestSender - Using open Channel [id: 0x585a4f37, L:/127.0.0.1:50755 - R:localhost/127.0.0.1:51848] for POST '/session/13b793ad8154e403d2ef36ceb92e2f23/element/d128eb4b-bdba-4a0e-b65b-32aee7f9e241/value'
15:13:48.868 [AsyncHttpClient-1-2] DEBUG org.asynchttpclient.netty.handler.HttpHandler - 

Request DefaultHttpRequest(decodeResult: success, version: HTTP/1.1)
POST /session/13b793ad8154e403d2ef36ceb92e2f23/element/d128eb4b-bdba-4a0e-b65b-32aee7f9e241/value HTTP/1.1
User-Agent: selenium/4.1.2 (java mac)
Content-Length: 161
Content-Type: application/json; charset=utf-8
host: localhost:51848
accept: */*

Response DefaultHttpResponse(decodeResult: success, version: HTTP/1.1)
HTTP/1.1 200 OK
Content-Type: application/json; charset=utf-8
cache-control: no-cache
content-length: 14

15:13:48.868 [AsyncHttpClient-1-2] DEBUG org.asynchttpclient.netty.channel.ChannelManager - Adding key: http://localhost:51848 for channel [id: 0x585a4f37, L:/127.0.0.1:50755 - R:localhost/127.0.0.1:51848]
15:13:48.874 [Forwarding screenshot on session 13b793ad8154e403d2ef36ceb92e2f23 to remote] DEBUG org.asynchttpclient.netty.request.NettyRequestSender - Using pooled Channel '[id: 0x585a4f37, L:/127.0.0.1:50755 - R:localhost/127.0.0.1:51848]' for 'GET' to 'http://localhost:51848/session/13b793ad8154e403d2ef36ceb92e2f23/screenshot'
15:13:48.874 [Forwarding screenshot on session 13b793ad8154e403d2ef36ceb92e2f23 to remote] DEBUG org.asynchttpclient.netty.request.NettyRequestSender - Using open Channel [id: 0x585a4f37, L:/127.0.0.1:50755 - R:localhost/127.0.0.1:51848] for GET '/session/13b793ad8154e403d2ef36ceb92e2f23/screenshot'
15:13:49.006 [AsyncHttpClient-1-2] DEBUG org.asynchttpclient.netty.handler.HttpHandler - 

Request DefaultFullHttpRequest(decodeResult: success, version: HTTP/1.1, content: EmptyByteBufBE)
GET /session/13b793ad8154e403d2ef36ceb92e2f23/screenshot HTTP/1.1
User-Agent: selenium/4.1.2 (java mac)
Cache-Control: no-cache
Content-Type: application/json; charset=utf-8
host: localhost:51848
accept: */*

Response DefaultHttpResponse(decodeResult: success, version: HTTP/1.1)
HTTP/1.1 200 OK
Content-Type: application/json; charset=utf-8
cache-control: no-cache
content-length: 108240

15:13:49.007 [AsyncHttpClient-1-2] DEBUG org.asynchttpclient.netty.channel.ChannelManager - Adding key: http://localhost:51848 for channel [id: 0x585a4f37, L:/127.0.0.1:50755 - R:localhost/127.0.0.1:51848]
15:13:49.012 [main] DEBUG net.serenitybdd.core.photography.Darkroom - Send negative for processing for target/site/serenity/13c3bf6fac7c40c4e275d5fab538be7576684e626a55a4d8195c09127c5a29e3.png
15:13:49.012 [Darkroom Processing Line] DEBUG net.serenitybdd.core.photography.DarkroomProcessingLine - Processing screenshot image in /var/screenshots/screenshot-11751253746973518489
15:13:49.012 [Darkroom Processing Line] DEBUG net.serenitybdd.core.photography.DarkroomProcessingLine - Saving screenshot to target/site/serenity/13c3bf6fac7c40c4e275d5fab538be7576684e626a55a4d8195c09127c5a29e3.png
15:13:49.012 [main] DEBUG net.thucydides.core.steps.StepInterceptor - STEP DONE: enterPassword
15:13:49.020 [main] DEBUG net.thucydides.core.steps.StepInterceptor - STARTING STEP: UserCreation.he_enters_username_as_password_as_and_repeat_password_as_and_clicks_on_sign_up_button - repeatPassword
15:13:49.023 [Forwarding findElement on session 13b793ad8154e403d2ef36ceb92e2f23 to remote] DEBUG org.asynchttpclient.netty.request.NettyRequestSender - Using pooled Channel '[id: 0x585a4f37, L:/127.0.0.1:50755 - R:localhost/127.0.0.1:51848]' for 'POST' to 'http://localhost:51848/session/13b793ad8154e403d2ef36ceb92e2f23/element'
15:13:49.023 [Forwarding findElement on session 13b793ad8154e403d2ef36ceb92e2f23 to remote] DEBUG org.asynchttpclient.netty.request.NettyRequestSender - Using open Channel [id: 0x585a4f37, L:/127.0.0.1:50755 - R:localhost/127.0.0.1:51848] for POST '/session/13b793ad8154e403d2ef36ceb92e2f23/element'
15:13:49.031 [AsyncHttpClient-1-2] DEBUG org.asynchttpclient.netty.handler.HttpHandler - 

Request DefaultHttpRequest(decodeResult: success, version: HTTP/1.1)
POST /session/13b793ad8154e403d2ef36ceb92e2f23/element HTTP/1.1
User-Agent: selenium/4.1.2 (java mac)
Content-Length: 57
Content-Type: application/json; charset=utf-8
host: localhost:51848
accept: */*

Response DefaultHttpResponse(decodeResult: success, version: HTTP/1.1)
HTTP/1.1 200 OK
Content-Type: application/json; charset=utf-8
cache-control: no-cache
content-length: 88

15:13:49.032 [AsyncHttpClient-1-2] DEBUG org.asynchttpclient.netty.channel.ChannelManager - Adding key: http://localhost:51848 for channel [id: 0x585a4f37, L:/127.0.0.1:50755 - R:localhost/127.0.0.1:51848]
15:13:49.035 [Forwarding clearElement on session 13b793ad8154e403d2ef36ceb92e2f23 to remote] DEBUG org.asynchttpclient.netty.request.NettyRequestSender - Using pooled Channel '[id: 0x585a4f37, L:/127.0.0.1:50755 - R:localhost/127.0.0.1:51848]' for 'POST' to 'http://localhost:51848/session/13b793ad8154e403d2ef36ceb92e2f23/element/48055e2c-8bd3-4313-8959-e15a7e908143/clear'
15:13:49.035 [Forwarding clearElement on session 13b793ad8154e403d2ef36ceb92e2f23 to remote] DEBUG org.asynchttpclient.netty.request.NettyRequestSender - Using open Channel [id: 0x585a4f37, L:/127.0.0.1:50755 - R:localhost/127.0.0.1:51848] for POST '/session/13b793ad8154e403d2ef36ceb92e2f23/element/48055e2c-8bd3-4313-8959-e15a7e908143/clear'
15:13:49.053 [AsyncHttpClient-1-2] DEBUG org.asynchttpclient.netty.handler.HttpHandler - 

Request DefaultHttpRequest(decodeResult: success, version: HTTP/1.1)
POST /session/13b793ad8154e403d2ef36ceb92e2f23/element/48055e2c-8bd3-4313-8959-e15a7e908143/clear HTTP/1.1
User-Agent: selenium/4.1.2 (java mac)
Content-Length: 50
Content-Type: application/json; charset=utf-8
host: localhost:51848
accept: */*

Response DefaultHttpResponse(decodeResult: success, version: HTTP/1.1)
HTTP/1.1 200 OK
Content-Type: application/json; charset=utf-8
cache-control: no-cache
content-length: 14

15:13:49.053 [AsyncHttpClient-1-2] DEBUG org.asynchttpclient.netty.channel.ChannelManager - Adding key: http://localhost:51848 for channel [id: 0x585a4f37, L:/127.0.0.1:50755 - R:localhost/127.0.0.1:51848]
15:13:49.057 [Forwarding sendKeysToElement on session 13b793ad8154e403d2ef36ceb92e2f23 to remote] DEBUG org.asynchttpclient.netty.request.NettyRequestSender - Using pooled Channel '[id: 0x585a4f37, L:/127.0.0.1:50755 - R:localhost/127.0.0.1:51848]' for 'POST' to 'http://localhost:51848/session/13b793ad8154e403d2ef36ceb92e2f23/element/48055e2c-8bd3-4313-8959-e15a7e908143/value'
15:13:49.057 [Forwarding sendKeysToElement on session 13b793ad8154e403d2ef36ceb92e2f23 to remote] DEBUG org.asynchttpclient.netty.request.NettyRequestSender - Using open Channel [id: 0x585a4f37, L:/127.0.0.1:50755 - R:localhost/127.0.0.1:51848] for POST '/session/13b793ad8154e403d2ef36ceb92e2f23/element/48055e2c-8bd3-4313-8959-e15a7e908143/value'
15:13:49.086 [AsyncHttpClient-1-2] DEBUG org.asynchttpclient.netty.handler.HttpHandler - 

Request DefaultHttpRequest(decodeResult: success, version: HTTP/1.1)
POST /session/13b793ad8154e403d2ef36ceb92e2f23/element/48055e2c-8bd3-4313-8959-e15a7e908143/value HTTP/1.1
User-Agent: selenium/4.1.2 (java mac)
Content-Length: 161
Content-Type: application/json; charset=utf-8
host: localhost:51848
accept: */*

Response DefaultHttpResponse(decodeResult: success, version: HTTP/1.1)
HTTP/1.1 200 OK
Content-Type: application/json; charset=utf-8
cache-control: no-cache
content-length: 14

15:13:49.087 [AsyncHttpClient-1-2] DEBUG org.asynchttpclient.netty.channel.ChannelManager - Adding key: http://localhost:51848 for channel [id: 0x585a4f37, L:/127.0.0.1:50755 - R:localhost/127.0.0.1:51848]
15:13:49.094 [Forwarding screenshot on session 13b793ad8154e403d2ef36ceb92e2f23 to remote] DEBUG org.asynchttpclient.netty.request.NettyRequestSender - Using pooled Channel '[id: 0x585a4f37, L:/127.0.0.1:50755 - R:localhost/127.0.0.1:51848]' for 'GET' to 'http://localhost:51848/session/13b793ad8154e403d2ef36ceb92e2f23/screenshot'
15:13:49.094 [Forwarding screenshot on session 13b793ad8154e403d2ef36ceb92e2f23 to remote] DEBUG org.asynchttpclient.netty.request.NettyRequestSender - Using open Channel [id: 0x585a4f37, L:/127.0.0.1:50755 - R:localhost/127.0.0.1:51848] for GET '/session/13b793ad8154e403d2ef36ceb92e2f23/screenshot'
15:13:49.222 [AsyncHttpClient-1-2] DEBUG org.asynchttpclient.netty.handler.HttpHandler - 

Request DefaultFullHttpRequest(decodeResult: success, version: HTTP/1.1, content: EmptyByteBufBE)
GET /session/13b793ad8154e403d2ef36ceb92e2f23/screenshot HTTP/1.1
User-Agent: selenium/4.1.2 (java mac)
[...]

Request DefaultFullHttpRequest(decodeResult: success, version: HTTP/1.1, content: EmptyByteBufBE)
GET /session/318d2b5e0bac94d7bdd0a2c19dd6b882/element/9a54747d-d99d-4a26-b3a3-8133733ceb46/text HTTP/1.1
User-Agent: selenium/4.1.2 (java mac)
Cache-Control: no-cache
Content-Type: application/json; charset=utf-8
host: localhost:52101
accept: */*

Response DefaultHttpResponse(decodeResult: success, version: HTTP/1.1)
HTTP/1.1 200 OK
Content-Type: application/json; charset=utf-8
cache-control: no-cache
content-length: 18

15:14:32.577 [AsyncHttpClient-1-5] DEBUG org.asynchttpclient.netty.channel.ChannelManager - Adding key: http://localhost:52101 for channel [id: 0x29191541, L:/127.0.0.1:50899 - R:localhost/127.0.0.1:52101]
15:14:32.578 [Forwarding getElementText on session 318d2b5e0bac94d7bdd0a2c19dd6b882 to remote] DEBUG org.asynchttpclient.netty.request.NettyRequestSender - Using pooled Channel '[id: 0x29191541, L:/127.0.0.1:50899 - R:localhost/127.0.0.1:52101]' for 'GET' to 'http://localhost:52101/session/318d2b5e0bac94d7bdd0a2c19dd6b882/element/9a54747d-d99d-4a26-b3a3-8133733ceb46/text'
15:14:32.578 [Forwarding getElementText on session 318d2b5e0bac94d7bdd0a2c19dd6b882 to remote] DEBUG org.asynchttpclient.netty.request.NettyRequestSender - Using open Channel [id: 0x29191541, L:/127.0.0.1:50899 - R:localhost/127.0.0.1:52101] for GET '/session/318d2b5e0bac94d7bdd0a2c19dd6b882/element/9a54747d-d99d-4a26-b3a3-8133733ceb46/text'
15:14:32.582 [AsyncHttpClient-1-5] DEBUG org.asynchttpclient.netty.handler.HttpHandler - 

Request DefaultFullHttpRequest(decodeResult: success, version: HTTP/1.1, content: EmptyByteBufBE)
GET /session/318d2b5e0bac94d7bdd0a2c19dd6b882/element/9a54747d-d99d-4a26-b3a3-8133733ceb46/text HTTP/1.1
User-Agent: selenium/4.1.2 (java mac)
Cache-Control: no-cache
Content-Type: application/json; charset=utf-8
host: localhost:52101
accept: */*

Response DefaultHttpResponse(decodeResult: success, version: HTTP/1.1)
HTTP/1.1 200 OK
Content-Type: application/json; charset=utf-8
cache-control: no-cache
content-length: 18

15:14:32.583 [AsyncHttpClient-1-5] DEBUG org.asynchttpclient.netty.channel.ChannelManager - Adding key: http://localhost:52101 for channel [id: 0x29191541, L:/127.0.0.1:50899 - R:localhost/127.0.0.1:52101]
15:14:32.585 [Forwarding findElement on session 318d2b5e0bac94d7bdd0a2c19dd6b882 to remote] DEBUG org.asynchttpclient.netty.request.NettyRequestSender - Using pooled Channel '[id: 0x29191541, L:/127.0.0.1:50899 - R:localhost/127.0.0.1:52101]' for 'POST' to 'http://localhost:52101/session/318d2b5e0bac94d7bdd0a2c19dd6b882/element'
15:14:32.585 [Forwarding findElement on session 318d2b5e0bac94d7bdd0a2c19dd6b882 to remote] DEBUG org.asynchttpclient.netty.request.NettyRequestSender - Using open Channel [id: 0x29191541, L:/127.0.0.1:50899 - R:localhost/127.0.0.1:52101] for POST '/session/318d2b5e0bac94d7bdd0a2c19dd6b882/element'
15:14:32.592 [AsyncHttpClient-1-5] DEBUG org.asynchttpclient.netty.handler.HttpHandler - 

Request DefaultHttpRequest(decodeResult: success, version: HTTP/1.1)
POST /session/318d2b5e0bac94d7bdd0a2c19dd6b882/element HTTP/1.1
User-Agent: selenium/4.1.2 (java mac)
Content-Length: 129
Content-Type: application/json; charset=utf-8
host: localhost:52101
accept: */*

Response DefaultHttpResponse(decodeResult: success, version: HTTP/1.1)
HTTP/1.1 200 OK
Content-Type: application/json; charset=utf-8
cache-control: no-cache
content-length: 88

15:14:32.592 [AsyncHttpClient-1-5] DEBUG org.asynchttpclient.netty.channel.ChannelManager - Adding key: http://localhost:52101 for channel [id: 0x29191541, L:/127.0.0.1:50899 - R:localhost/127.0.0.1:52101]
15:14:32.596 [Forwarding isElementDisplayed on session 318d2b5e0bac94d7bdd0a2c19dd6b882 to remote] DEBUG org.asynchttpclient.netty.request.NettyRequestSender - Using pooled Channel '[id: 0x29191541, L:/127.0.0.1:50899 - R:localhost/127.0.0.1:52101]' for 'POST' to 'http://localhost:52101/session/318d2b5e0bac94d7bdd0a2c19dd6b882/execute/sync'
15:14:32.596 [Forwarding isElementDisplayed on session 318d2b5e0bac94d7bdd0a2c19dd6b882 to remote] DEBUG org.asynchttpclient.netty.request.NettyRequestSender - Using open Channel [id: 0x29191541, L:/127.0.0.1:50899 - R:localhost/127.0.0.1:52101] for POST '/session/318d2b5e0bac94d7bdd0a2c19dd6b882/execute/sync'
15:14:32.606 [AsyncHttpClient-1-5] DEBUG org.asynchttpclient.netty.handler.HttpHandler - 

Request DefaultHttpRequest(decodeResult: success, version: HTTP/1.1)
POST /session/318d2b5e0bac94d7bdd0a2c19dd6b882/execute/sync HTTP/1.1
User-Agent: selenium/4.1.2 (java mac)
Content-Length: 48780
Content-Type: application/json; charset=utf-8
host: localhost:52101
accept: */*

Response DefaultHttpResponse(decodeResult: success, version: HTTP/1.1)
HTTP/1.1 200 OK
Content-Type: application/json; charset=utf-8
cache-control: no-cache
content-length: 14

15:14:32.606 [AsyncHttpClient-1-5] DEBUG org.asynchttpclient.netty.channel.ChannelManager - Adding key: http://localhost:52101 for channel [id: 0x29191541, L:/127.0.0.1:50899 - R:localhost/127.0.0.1:52101]
15:14:32.610 [Forwarding isElementDisplayed on session 318d2b5e0bac94d7bdd0a2c19dd6b882 to remote] DEBUG org.asynchttpclient.netty.request.NettyRequestSender - Using pooled Channel '[id: 0x29191541, L:/127.0.0.1:50899 - R:localhost/127.0.0.1:52101]' for 'POST' to 'http://localhost:52101/session/318d2b5e0bac94d7bdd0a2c19dd6b882/execute/sync'
15:14:32.610 [Forwarding isElementDisplayed on session 318d2b5e0bac94d7bdd0a2c19dd6b882 to remote] DEBUG org.asynchttpclient.netty.request.NettyRequestSender - Using open Channel [id: 0x29191541, L:/127.0.0.1:50899 - R:localhost/127.0.0.1:52101] for POST '/session/318d2b5e0bac94d7bdd0a2c19dd6b882/execute/sync'
15:14:32.615 [AsyncHttpClient-1-5] DEBUG org.asynchttpclient.netty.handler.HttpHandler - 

Request DefaultHttpRequest(decodeResult: success, version: HTTP/1.1)
POST /session/318d2b5e0bac94d7bdd0a2c19dd6b882/execute/sync HTTP/1.1
User-Agent: selenium/4.1.2 (java mac)
Content-Length: 48780
Content-Type: application/json; charset=utf-8
host: localhost:52101
accept: */*

Response DefaultHttpResponse(decodeResult: success, version: HTTP/1.1)
HTTP/1.1 200 OK
Content-Type: application/json; charset=utf-8
cache-control: no-cache
content-length: 14

15:14:32.615 [AsyncHttpClient-1-5] DEBUG org.asynchttpclient.netty.channel.ChannelManager - Adding key: http://localhost:52101 for channel [id: 0x29191541, L:/127.0.0.1:50899 - R:localhost/127.0.0.1:52101]
15:14:32.617 [Forwarding isElementDisplayed on session 318d2b5e0bac94d7bdd0a2c19dd6b882 to remote] DEBUG org.asynchttpclient.netty.request.NettyRequestSender - Using pooled Channel '[id: 0x29191541, L:/127.0.0.1:50899 - R:localhost/127.0.0.1:52101]' for 'POST' to 'http://localhost:52101/session/318d2b5e0bac94d7bdd0a2c19dd6b882/execute/sync'
15:14:32.617 [Forwarding isElementDisplayed on session 318d2b5e0bac94d7bdd0a2c19dd6b882 to remote] DEBUG org.asynchttpclient.netty.request.NettyRequestSender - Using open Channel [id: 0x29191541, L:/127.0.0.1:50899 - R:localhost/127.0.0.1:52101] for POST '/session/318d2b5e0bac94d7bdd0a2c19dd6b882/execute/sync'
15:14:32.627 [AsyncHttpClient-1-5] DEBUG org.asynchttpclient.netty.handler.HttpHandler - 

Request DefaultHttpRequest(decodeResult: success, version: HTTP/1.1)
POST /session/318d2b5e0bac94d7bdd0a2c19dd6b882/execute/sync HTTP/1.1
User-Agent: selenium/4.1.2 (java mac)
Content-Length: 48780
Content-Type: application/json; charset=utf-8
host: localhost:52101
accept: */*

Response DefaultHttpResponse(decodeResult: success, version: HTTP/1.1)
HTTP/1.1 200 OK
Content-Type: application/json; charset=utf-8
cache-control: no-cache
content-length: 14

15:14:32.627 [AsyncHttpClient-1-5] DEBUG org.asynchttpclient.netty.channel.ChannelManager - Adding key: http://localhost:52101 for channel [id: 0x29191541, L:/127.0.0.1:50899 - R:localhost/127.0.0.1:52101]
15:14:32.636 [Forwarding getElementAttribute on session 318d2b5e0bac94d7bdd0a2c19dd6b882 to remote] DEBUG org.asynchttpclient.netty.request.NettyRequestSender - Using pooled Channel '[id: 0x29191541, L:/127.0.0.1:50899 - R:localhost/127.0.0.1:52101]' for 'POST' to 'http://localhost:52101/session/318d2b5e0bac94d7bdd0a2c19dd6b882/execute/sync'
15:14:32.637 [Forwarding getElementAttribute on session 318d2b5e0bac94d7bdd0a2c19dd6b882 to remote] DEBUG org.asynchttpclient.netty.request.NettyRequestSender - Using open Channel [id: 0x29191541, L:/127.0.0.1:50899 - R:localhost/127.0.0.1:52101] for POST '/session/318d2b5e0bac94d7bdd0a2c19dd6b882/execute/sync'
15:14:32.649 [AsyncHttpClient-1-5] DEBUG org.asynchttpclient.netty.handler.HttpHandler - 

Request DefaultHttpRequest(decodeResult: success, version: HTTP/1.1)
POST /session/318d2b5e0bac94d7bdd0a2c19dd6b882/execute/sync HTTP/1.1
User-Agent: selenium/4.1.2 (java mac)
Content-Length: 47340
Content-Type: application/json; charset=utf-8
host: localhost:52101
accept: */*

Response DefaultHttpResponse(decodeResult: success, version: HTTP/1.1)
HTTP/1.1 200 OK
Content-Type: application/json; charset=utf-8
cache-control: no-cache
content-length: 14

15:14:32.650 [AsyncHttpClient-1-5] DEBUG org.asynchttpclient.netty.channel.ChannelManager - Adding key: http://localhost:52101 for channel [id: 0x29191541, L:/127.0.0.1:50899 - R:localhost/127.0.0.1:52101]
15:14:32.653 [Forwarding getElementText on session 318d2b5e0bac94d7bdd0a2c19dd6b882 to remote] DEBUG org.asynchttpclient.netty.request.NettyRequestSender - Using pooled Channel '[id: 0x29191541, L:/127.0.0.1:50899 - R:localhost/127.0.0.1:52101]' for 'GET' to 'http://localhost:52101/session/318d2b5e0bac94d7bdd0a2c19dd6b882/element/56c3b3db-5119-4adc-b4e2-a21b5bb32e6a/text'
15:14:32.653 [Forwarding getElementText on session 318d2b5e0bac94d7bdd0a2c19dd6b882 to remote] DEBUG org.asynchttpclient.netty.request.NettyRequestSender - Using open Channel [id: 0x29191541, L:/127.0.0.1:50899 - R:localhost/127.0.0.1:52101] for GET '/session/318d2b5e0bac94d7bdd0a2c19dd6b882/element/56c3b3db-5119-4adc-b4e2-a21b5bb32e6a/text'
15:14:32.664 [AsyncHttpClient-1-5] DEBUG org.asynchttpclient.netty.handler.HttpHandler - 

Request DefaultFullHttpRequest(decodeResult: success, version: HTTP/1.1, content: EmptyByteBufBE)
GET /session/318d2b5e0bac94d7bdd0a2c19dd6b882/element/56c3b3db-5119-4adc-b4e2-a21b5bb32e6a/text HTTP/1.1
User-Agent: selenium/4.1.2 (java mac)
Cache-Control: no-cache
Content-Type: application/json; charset=utf-8
host: localhost:52101
accept: */*

Response DefaultHttpResponse(decodeResult: success, version: HTTP/1.1)
HTTP/1.1 200 OK
Content-Type: application/json; charset=utf-8
cache-control: no-cache
content-length: 15

15:14:32.664 [AsyncHttpClient-1-5] DEBUG org.asynchttpclient.netty.channel.ChannelManager - Adding key: http://localhost:52101 for channel [id: 0x29191541, L:/127.0.0.1:50899 - R:localhost/127.0.0.1:52101]
15:14:32.665 [Forwarding getElementText on session 318d2b5e0bac94d7bdd0a2c19dd6b882 to remote] DEBUG org.asynchttpclient.netty.request.NettyRequestSender - Using pooled Channel '[id: 0x29191541, L:/127.0.0.1:50899 - R:localhost/127.0.0.1:52101]' for 'GET' to 'http://localhost:52101/session/318d2b5e0bac94d7bdd0a2c19dd6b882/element/56c3b3db-5119-4adc-b4e2-a21b5bb32e6a/text'
15:14:32.665 [Forwarding getElementText on session 318d2b5e0bac94d7bdd0a2c19dd6b882 to remote] DEBUG org.asynchttpclient.netty.request.NettyRequestSender - Using open Channel [id: 0x29191541, L:/127.0.0.1:50899 - R:localhost/127.0.0.1:52101] for GET '/session/318d2b5e0bac94d7bdd0a2c19dd6b882/element/56c3b3db-5119-4adc-b4e2-a21b5bb32e6a/text'
15:14:32.670 [AsyncHttpClient-1-5] DEBUG org.asynchttpclient.netty.handler.HttpHandler - 

Request DefaultFullHttpRequest(decodeResult: success, version: HTTP/1.1, content: EmptyByteBufBE)
GET /session/318d2b5e0bac94d7bdd0a2c19dd6b882/element/56c3b3db-5119-4adc-b4e2-a21b5bb32e6a/text HTTP/1.1
User-Agent: selenium/4.1.2 (java mac)
Cache-Control: no-cache
Content-Type: application/json; charset=utf-8
host: localhost:52101
accept: */*

Response DefaultHttpResponse(decodeResult: success, version: HTTP/1.1)
HTTP/1.1 200 OK
Content-Type: application/json; charset=utf-8
cache-control: no-cache
content-length: 15

15:14:32.670 [AsyncHttpClient-1-5] DEBUG org.asynchttpclient.netty.channel.ChannelManager - Adding key: http://localhost:52101 for channel [id: 0x29191541, L:/127.0.0.1:50899 - R:localhost/127.0.0.1:52101]
15:14:32.674 [Forwarding screenshot on session 318d2b5e0bac94d7bdd0a2c19dd6b882 to remote] DEBUG org.asynchttpclient.netty.request.NettyRequestSender - Using pooled Channel '[id: 0x29191541, L:/127.0.0.1:50899 - R:localhost/127.0.0.1:52101]' for 'GET' to 'http://localhost:52101/session/318d2b5e0bac94d7bdd0a2c19dd6b882/screenshot'
15:14:32.674 [Forwarding screenshot on session 318d2b5e0bac94d7bdd0a2c19dd6b882 to remote] DEBUG org.asynchttpclient.netty.request.NettyRequestSender - Using open Channel [id: 0x29191541, L:/127.0.0.1:50899 - R:localhost/127.0.0.1:52101] for GET '/session/318d2b5e0bac94d7bdd0a2c19dd6b882/screenshot'
15:14:32.747 [AsyncHttpClient-1-1] DEBUG org.asynchttpclient.netty.channel.DefaultChannelPool - Entry count for : http://localhost:50904 : 1
15:14:32.826 [AsyncHttpClient-1-5] DEBUG org.asynchttpclient.netty.handler.HttpHandler - 

Request DefaultFullHttpRequest(decodeResult: success, version: HTTP/1.1, content: EmptyByteBufBE)
GET /session/318d2b5e0bac94d7bdd0a2c19dd6b882/screenshot HTTP/1.1
User-Agent: selenium/4.1.2 (java mac)
Cache-Control: no-cache
Content-Type: application/json; charset=utf-8
host: localhost:52101
accept: */*

Response DefaultHttpResponse(decodeResult: success, version: HTTP/1.1)
HTTP/1.1 200 OK
Content-Type: application/json; charset=utf-8
cache-control: no-cache
content-length: 64376

15:14:32.828 [AsyncHttpClient-1-5] DEBUG org.asynchttpclient.netty.channel.ChannelManager - Adding key: http://localhost:52101 for channel [id: 0x29191541, L:/127.0.0.1:50899 - R:localhost/127.0.0.1:52101]
15:14:32.832 [main] DEBUG net.serenitybdd.core.photography.Darkroom - Send negative for processing for target/site/serenity/0b1d3b86f1fc5f556bf1bd5a701e323bf326c0c61e7d2b68d15eb175cc059cde.png
15:14:32.832 [Darkroom Processing Line] DEBUG net.serenitybdd.core.photography.DarkroomProcessingLine - Processing screenshot image in /var/screenshots/screenshot-18092158824912909554
15:14:32.832 [Darkroom Processing Line] DEBUG net.serenitybdd.core.photography.DarkroomProcessingLine - Saving screenshot to target/site/serenity/0b1d3b86f1fc5f556bf1bd5a701e323bf326c0c61e7d2b68d15eb175cc059cde.png
15:14:32.832 [main] DEBUG net.thucydides.core.steps.StepInterceptor - STEP DONE: scoreOnPage
  &amp#27;[32mThen &amp#27;[0m&amp#27;[32mverify that score in leaderboard is correct&amp#27;[0m                                           &amp#27;[90m# starter.stepdefinitions.Challenges.verify_that_score_in_leaderboard_is_correct()&amp#27;[0m
15:14:32.837 [main] INFO  - 
  _____   ___   ___   _____     ___     _     ___   ___   ___   ___  
 |_   _| | __| / __| |_   _|   | _ \   /_\   / __| / __| | __| |   \ 
   | |   | _|  \__ \   | |     |  _/  / _ \  \__ \ \__ \ | _|  | |) |
   |_|   |___| |___/   |_|     |_|   /_/ \_\ |___/ |___/ |___| |___/ 

Login into application to complete some challenges and verify score in leaderboard
----------------------------------------------------------------------
15:14:32.841 [Driver Command Executor] DEBUG org.asynchttpclient.netty.request.NettyRequestSender - Using pooled Channel '[id: 0x29191541, L:/127.0.0.1:50899 - R:localhost/127.0.0.1:52101]' for 'DELETE' to 'http://localhost:52101/session/318d2b5e0bac94d7bdd0a2c19dd6b882'
15:14:32.841 [Driver Command Executor] DEBUG org.asynchttpclient.netty.request.NettyRequestSender - Using open Channel [id: 0x29191541, L:/127.0.0.1:50899 - R:localhost/127.0.0.1:52101] for DELETE '/session/318d2b5e0bac94d7bdd0a2c19dd6b882'
15:14:32.845 [AsyncHttpClient-1-7] DEBUG org.asynchttpclient.netty.handler.WebSocketHandler - Channel Closed: [id: 0x0fb80e7b, L:/127.0.0.1:50918 ! R:localhost/127.0.0.1:50904] with attribute NettyResponseFuture{currentRetry=5,
	isDone=1,
	isCancelled=0,
	asyncHandler=org.asynchttpclient.ws.WebSocketUpgradeHandler@453bed94,
	nettyRequest=org.asynchttpclient.netty.request.NettyRequest@397b57,
	future=java.util.concurrent.CompletableFuture@539e3912[Completed normally],
	uri=ws://localhost:50904/devtools/browser/36f104e8-8acb-43c4-b5cd-6a1657901598,
	keepAlive=true,
	redirectCount=0,
	timeoutsHolder=null,
	inAuth=0,
	touch=1653110051052}
15:14:32.860 [AsyncHttpClient-1-7] DEBUG org.asynchttpclient.netty.channel.ChannelManager - Closing Channel [id: 0x0fb80e7b, L:/127.0.0.1:50918 ! R:localhost/127.0.0.1:50904] 
15:14:32.864 [AsyncHttpClient-1-6] DEBUG org.asynchttpclient.netty.handler.HttpHandler - Channel Closed: [id: 0x25e7881c, L:/127.0.0.1:50917 ! R:localhost/127.0.0.1:50904] with attribute DISCARD
15:14:32.899 [AsyncHttpClient-1-5] DEBUG org.asynchttpclient.netty.handler.HttpHandler - 

Request DefaultFullHttpRequest(decodeResult: success, version: HTTP/1.1, content: EmptyByteBufBE)
DELETE /session/318d2b5e0bac94d7bdd0a2c19dd6b882 HTTP/1.1
User-Agent: selenium/4.1.2 (java mac)
Content-Type: application/json; charset=utf-8
host: localhost:52101
accept: */*

Response DefaultHttpResponse(decodeResult: success, version: HTTP/1.1)
HTTP/1.1 200 OK
Content-Type: application/json; charset=utf-8
cache-control: no-cache
content-length: 14

15:14:32.899 [AsyncHttpClient-1-5] DEBUG org.asynchttpclient.netty.channel.ChannelManager - Adding key: http://localhost:52101 for channel [id: 0x29191541, L:/127.0.0.1:50899 - R:localhost/127.0.0.1:52101]
15:14:32.936 [AsyncHttpClient-1-5] DEBUG org.asynchttpclient.netty.handler.HttpHandler - Channel Closed: [id: 0x29191541, L:/127.0.0.1:50899 ! R:localhost/127.0.0.1:52101] with attribute DISCARD
15:14:33.848 [AsyncHttpClient-1-1] DEBUG org.asynchttpclient.netty.channel.DefaultChannelPool - Entry count for : http://localhost:50904 : 1
15:14:33.848 [AsyncHttpClient-1-1] DEBUG org.asynchttpclient.netty.channel.DefaultChannelPool - Entry count for : http://localhost:52101 : 1
15:14:33.848 [AsyncHttpClient-1-1] DEBUG org.asynchttpclient.netty.channel.DefaultChannelPool - Adding Candidate expired Channel [id: 0x25e7881c, L:/127.0.0.1:50917 ! R:localhost/127.0.0.1:50904] isIdleTimeoutExpired=false isRemotelyClosed=true isTtlExpired=false
15:14:33.848 [AsyncHttpClient-1-1] DEBUG org.asynchttpclient.netty.channel.DefaultChannelPool - Closing Idle Channel [id: 0x25e7881c, L:/127.0.0.1:50917 ! R:localhost/127.0.0.1:50904]
15:14:33.848 [AsyncHttpClient-1-1] DEBUG org.asynchttpclient.netty.channel.DefaultChannelPool - Adding Candidate expired Channel [id: 0x29191541, L:/127.0.0.1:50899 ! R:localhost/127.0.0.1:52101] isIdleTimeoutExpired=false isRemotelyClosed=true isTtlExpired=false
15:14:33.848 [AsyncHttpClient-1-1] DEBUG org.asynchttpclient.netty.channel.DefaultChannelPool - Closing Idle Channel [id: 0x29191541, L:/127.0.0.1:50899 ! R:localhost/127.0.0.1:52101]
15:14:33.848 [AsyncHttpClient-1-1] DEBUG org.asynchttpclient.netty.channel.DefaultChannelPool - Closed 2 connections out of 2 in 0 ms
]]></system-out>
    <system-err><![CDATA[Starting ChromeDriver 101.0.4951.41 (93c720db8323b3ec10d056025ab95c23a31997c9-refs/branch-heads/4951@{#904}) on port 52101
Only local connections are allowed.
Please see https://chromedriver.chromium.org/security-considerations for suggestions on keeping ChromeDriver safe.
ChromeDriver was started successfully.
May 21, 2022 3:14:10 PM org.openqa.selenium.remote.ProtocolHandshake createSession
INFO: Detected dialect: W3C
May 21, 2022 3:14:11 PM org.openqa.selenium.devtools.CdpVersionFinder findNearestMatch
WARNING: Unable to find an exact match for CDP version 101, so returning the closest version found: 97
May 21, 2022 3:14:11 PM org.openqa.selenium.devtools.CdpVersionFinder findNearestMatch
INFO: Found CDP implementation for version 101 of 97
]]></system-err>
  </testcase>
</testsuite>